2024-07-23 09:21:23,194 [INFO] Activator:176 - 


2024-07-23 09:21:23,204 [INFO] Activator:177 - !SESSION log4j initialized
2024-07-23 09:21:28,002 [INFO] LogOutputStream:77 - [STDOUT_REDIRECT] 
2024-07-23 09:21:29,054 [INFO] ApplicationProperties:184 - Using Application install path: C:\ST\STM32CubeIDE_1.15.1\STM32CubeIDE\plugins\com.st.stm32cube.common.mx_6.11.1.202404110753
2024-07-23 09:21:29,084 [INFO] DbMcusXml:78 - Set database path to: C:\ST\STM32CubeIDE_1.15.1\STM32CubeIDE\plugins\com.st.stm32cube.common.mx_6.11.1.202404110753\\db\/mcu/
2024-07-23 09:21:29,085 [INFO] ApiDb:274 - Set plugin database path to: C:\ST\STM32CubeIDE_1.15.1\STM32CubeIDE\plugins\com.st.stm32cube.common.mx_6.11.1.202404110753\\db\/plugins/boardmanager/
2024-07-23 09:21:29,085 [WARN] ApiDb:259 - Overriding images path with different value:  => C:\ST\STM32CubeIDE_1.15.1\STM32CubeIDE\plugins\com.st.stm32cube.common.mx_6.11.1.202404110753\\db\/plugins/mcufinder/images/
2024-07-23 09:21:29,099 [INFO] ApiDb:250 - Set database path to: C:\Users\casim\.stmcufinder\plugins\mcufinder//mcu/
2024-07-23 09:21:29,101 [INFO] DbMcusAds:125 - Set database path to: C:\Users\casim\.stmcufinder\plugins\mcufinder//mcu/
2024-07-23 09:21:29,103 [INFO] CrossReferenceDbSqlite:203 - Set database path to: C:\Users\casim\.stmcufinder\plugins\mcufinder//mcu/cs/
2024-07-23 09:21:29,215 [INFO] RulesReader:64 - Compatibility file has been processed (297 Rules)
2024-07-23 09:21:29,302 [INFO] DbMcusXml:78 - Set database path to: C:\ST\STM32CubeIDE_1.15.1\STM32CubeIDE\plugins\com.st.stm32cube.common.mx_6.11.1.202404110753\\db\/mcu/
2024-07-23 09:21:29,302 [INFO] ApiDb:274 - Set plugin database path to: C:\ST\STM32CubeIDE_1.15.1\STM32CubeIDE\plugins\com.st.stm32cube.common.mx_6.11.1.202404110753\\db\/plugins/boardmanager/
2024-07-23 09:21:29,302 [INFO] ApiDb:261 - Set plugin images path to: C:\ST\STM32CubeIDE_1.15.1\STM32CubeIDE\plugins\com.st.stm32cube.common.mx_6.11.1.202404110753\\db\/plugins/mcufinder/images/
2024-07-23 09:21:29,303 [WARN] DbFile:41 - Overriding database path with different value: C:\Users\casim\.stmcufinder\plugins\mcufinder/ => C:\Users\casim\.stmcufinder\plugins\mcufinder
2024-07-23 09:21:29,303 [INFO] ApiDb:250 - Set database path to: C:\Users\casim\.stmcufinder\plugins\mcufinder//mcu/
2024-07-23 09:21:29,303 [WARN] DbFile:41 - Overriding database path with different value: C:\Users\casim\.stmcufinder\plugins\mcufinder/ => C:\Users\casim\.stmcufinder\plugins\mcufinder
2024-07-23 09:21:29,303 [INFO] DbMcusAds:125 - Set database path to: C:\Users\casim\.stmcufinder\plugins\mcufinder//mcu/
2024-07-23 09:21:29,303 [WARN] DbFile:41 - Overriding database path with different value: C:\Users\casim\.stmcufinder\plugins\mcufinder/ => C:\Users\casim\.stmcufinder\plugins\mcufinder
2024-07-23 09:21:29,303 [WARN] DbFile:41 - Overriding database path with different value: C:\Users\casim\.stmcufinder\plugins\mcufinder/ => C:\Users\casim\.stmcufinder\plugins\mcufinder
2024-07-23 09:21:29,303 [INFO] CrossReferenceDbSqlite:203 - Set database path to: C:\Users\casim\.stmcufinder\plugins\mcufinder//mcu/cs/
2024-07-23 09:21:29,418 [INFO] MainPanel:264 - HeapMemory: 268435456
2024-07-23 09:21:29,541 [INFO] DbMcusXml:78 - Set database path to: C:\ST\STM32CubeIDE_1.15.1\STM32CubeIDE\plugins\com.st.stm32cube.common.mx_6.11.1.202404110753\\db\/mcu/
2024-07-23 09:21:29,541 [INFO] ApiDb:274 - Set plugin database path to: C:\ST\STM32CubeIDE_1.15.1\STM32CubeIDE\plugins\com.st.stm32cube.common.mx_6.11.1.202404110753\\db\/plugins/boardmanager/
2024-07-23 09:21:29,541 [INFO] ApiDb:261 - Set plugin images path to: C:\ST\STM32CubeIDE_1.15.1\STM32CubeIDE\plugins\com.st.stm32cube.common.mx_6.11.1.202404110753\\db\/plugins/mcufinder/images/
2024-07-23 09:21:29,542 [WARN] DbFile:41 - Overriding database path with different value: C:\Users\casim\.stmcufinder\plugins\mcufinder/ => C:\Users\casim\.stmcufinder\plugins\mcufinder
2024-07-23 09:21:29,542 [INFO] ApiDb:250 - Set database path to: C:\Users\casim\.stmcufinder\plugins\mcufinder//mcu/
2024-07-23 09:21:29,542 [WARN] DbFile:41 - Overriding database path with different value: C:\Users\casim\.stmcufinder\plugins\mcufinder/ => C:\Users\casim\.stmcufinder\plugins\mcufinder
2024-07-23 09:21:29,542 [INFO] DbMcusAds:125 - Set database path to: C:\Users\casim\.stmcufinder\plugins\mcufinder//mcu/
2024-07-23 09:21:29,542 [WARN] DbFile:41 - Overriding database path with different value: C:\Users\casim\.stmcufinder\plugins\mcufinder/ => C:\Users\casim\.stmcufinder\plugins\mcufinder
2024-07-23 09:21:29,543 [WARN] DbFile:41 - Overriding database path with different value: C:\Users\casim\.stmcufinder\plugins\mcufinder/ => C:\Users\casim\.stmcufinder\plugins\mcufinder
2024-07-23 09:21:29,543 [INFO] CrossReferenceDbSqlite:203 - Set database path to: C:\Users\casim\.stmcufinder\plugins\mcufinder//mcu/cs/
2024-07-23 09:21:29,557 [INFO] ApplicationProperties:184 - Using Application install path: C:\ST\STM32CubeIDE_1.15.1\STM32CubeIDE\plugins\com.st.stm32cube.common.mx_6.11.1.202404110753
2024-07-23 09:21:29,558 [INFO] PluginManage:196 - Search for loadable plugins [exclusion list=, ]
2024-07-23 09:21:29,559 [INFO] PluginManage:310 - Check plugin analytics
2024-07-23 09:21:29,721 [INFO] AnalyticsPlugin:253 - Accepted Software Licenses: 
2024-07-23 09:21:29,722 [INFO] AnalyticsPlugin:255 - Accepted CMSIS Pack Licenses: 
2024-07-23 09:21:29,722 [INFO] AnalyticsPlugin:257 - Accepted Firmware Licenses: FW.H7.1.11.0
2024-07-23 09:21:29,725 [INFO] PluginManage:359 - Loaded plugin analytics (category:tool,tabindex:-1)
2024-07-23 09:21:29,725 [INFO] PluginManage:310 - Check plugin cadmodel
2024-07-23 09:21:29,731 [INFO] CADModel:105 - Init CAD model plugin
2024-07-23 09:21:29,731 [INFO] PluginManage:359 - Loaded plugin cadmodel (category:power,tabindex:5)
2024-07-23 09:21:29,731 [INFO] PluginManage:310 - Check plugin clock
2024-07-23 09:21:29,744 [INFO] PluginManage:359 - Loaded plugin clock (category:base,tabindex:2)
2024-07-23 09:21:29,744 [INFO] PluginManage:310 - Check plugin ddr
2024-07-23 09:21:29,746 [INFO] PluginManage:359 - Loaded plugin ddr (category:tool,tabindex:6)
2024-07-23 09:21:29,746 [INFO] PluginManage:310 - Check plugin filemanager
2024-07-23 09:21:29,877 [INFO] PluginManage:359 - Loaded plugin filemanager (category:base,tabindex:10)
2024-07-23 09:21:29,877 [INFO] PluginManage:310 - Check plugin ipmanager
2024-07-23 09:21:29,885 [INFO] PluginManage:359 - Loaded plugin ipmanager (category:base,tabindex:5)
2024-07-23 09:21:29,885 [INFO] PluginManage:310 - Check plugin lpbam
2024-07-23 09:21:29,893 [INFO] PluginManage:359 - Loaded plugin lpbam (category:base,tabindex:0)
2024-07-23 09:21:29,893 [INFO] PluginManage:310 - Check plugin memorymap
2024-07-23 09:21:29,906 [INFO] PluginManage:359 - Loaded plugin memorymap (category:base,tabindex:4)
2024-07-23 09:21:29,906 [INFO] PluginManage:310 - Check plugin pinoutandconfiguration
2024-07-23 09:21:29,915 [INFO] PluginManage:359 - Loaded plugin pinoutandconfiguration (category:base,tabindex:1)
2024-07-23 09:21:29,915 [INFO] PluginManage:310 - Check plugin pinoutconfig
2024-07-23 09:21:30,006 [WARN] SupportedApi:132 - Cannot load RTOS API schema: s4s-elt-must-match.1: The content of 'definitions' must match (annotation?, (simpleType | complexType)?, (unique | key | keyref)*)). A problem was found starting at: attribute.
2024-07-23 09:21:30,195 [INFO] PluginManage:359 - Loaded plugin pinoutconfig (category:base,tabindex:0)
2024-07-23 09:21:30,195 [INFO] PluginManage:310 - Check plugin power
2024-07-23 09:21:30,206 [INFO] PluginManage:359 - Loaded plugin power (category:power,tabindex:4)
2024-07-23 09:21:30,206 [INFO] PluginManage:310 - Check plugin projectmanager
2024-07-23 09:21:30,226 [INFO] PluginManage:359 - Loaded plugin projectmanager (category:projectmanager,tabindex:3)
2024-07-23 09:21:30,226 [INFO] PluginManage:310 - Check plugin thirdparty
2024-07-23 09:21:30,357 [INFO] PluginManage:359 - Loaded plugin thirdparty (category:base,tabindex:-1)
2024-07-23 09:21:30,357 [INFO] PluginManage:310 - Check plugin tools
2024-07-23 09:21:30,357 [WARN] IntegrityCheckThread:84 - waiting for thirdparty lock release [integrity check]
2024-07-23 09:21:30,357 [INFO] IntegrityCheckThread:86 - entering critical section [integrity check]
2024-07-23 09:21:30,358 [INFO] ThirdPartyUpdaterWithRetryManager:70 - Updater plugin not ready yet. [1/15]
2024-07-23 09:21:30,359 [INFO] PluginManage:359 - Loaded plugin tools (category:base,tabindex:7)
2024-07-23 09:21:30,359 [INFO] PluginManage:310 - Check plugin tutovideos
2024-07-23 09:21:30,513 [INFO] PluginManage:359 - Loaded plugin tutovideos (category:base,tabindex:-1)
2024-07-23 09:21:30,513 [INFO] PluginManage:310 - Check plugin updater
2024-07-23 09:21:30,527 [INFO] PluginManage:359 - Loaded plugin updater (category:base,tabindex:12)
2024-07-23 09:21:30,527 [INFO] PluginManage:310 - Check plugin userauth
2024-07-23 09:21:30,533 [INFO] UserAuth:114 - Init User Auth plugin
2024-07-23 09:21:30,533 [INFO] PluginManage:359 - Loaded plugin userauth (category:base,tabindex:14)
2024-07-23 09:21:30,533 [INFO] PluginManage:283 - PluginManage : Loaded plugins [17]
2024-07-23 09:21:30,734 [INFO] PinOutPanel:1561 - setPackage(No Configuration,No Configuration)
2024-07-23 09:21:30,800 [INFO] CADModel:165 - CPN selected for project level
2024-07-23 09:21:30,800 [INFO] CADModel:114 - Register for checkConnection events
2024-07-23 09:21:30,819 [INFO] IPUIPlugin:80 - create IPUIPlugin
2024-07-23 09:21:30,819 [INFO] PluginManager:220 - loadIPPluginJar : add adc
2024-07-23 09:21:30,821 [INFO] IPUIPlugin:80 - create IPUIPlugin
2024-07-23 09:21:30,822 [INFO] PluginManager:220 - loadIPPluginJar : add aes
2024-07-23 09:21:30,828 [INFO] IPUIPlugin:80 - create IPUIPlugin
2024-07-23 09:21:30,828 [INFO] PluginManager:220 - loadIPPluginJar : add can
2024-07-23 09:21:30,830 [INFO] IPUIPlugin:80 - create IPUIPlugin
2024-07-23 09:21:30,830 [INFO] PluginManager:220 - loadIPPluginJar : add comp
2024-07-23 09:21:30,833 [INFO] IPUIPlugin:80 - create IPUIPlugin
2024-07-23 09:21:30,833 [INFO] PluginManager:220 - loadIPPluginJar : add cryp
2024-07-23 09:21:30,836 [INFO] IPUIPlugin:80 - create IPUIPlugin
2024-07-23 09:21:30,836 [INFO] PluginManager:220 - loadIPPluginJar : add dfsdm
2024-07-23 09:21:30,840 [INFO] IPUIPlugin:80 - create IPUIPlugin
2024-07-23 09:21:30,840 [INFO] PluginManager:220 - loadIPPluginJar : add dma
2024-07-23 09:21:30,843 [INFO] IPUIPlugin:80 - create IPUIPlugin
2024-07-23 09:21:30,843 [INFO] PluginManager:220 - loadIPPluginJar : add dma3
2024-07-23 09:21:30,846 [INFO] IPUIPlugin:80 - create IPUIPlugin
2024-07-23 09:21:30,846 [INFO] PluginManager:220 - loadIPPluginJar : add extmemmanager
2024-07-23 09:21:30,848 [INFO] IPUIPlugin:80 - create IPUIPlugin
2024-07-23 09:21:30,848 [INFO] PluginManager:220 - loadIPPluginJar : add fatfs
2024-07-23 09:21:30,851 [INFO] IPUIPlugin:80 - create IPUIPlugin
2024-07-23 09:21:30,851 [INFO] PluginManager:220 - loadIPPluginJar : add fmc
2024-07-23 09:21:30,861 [INFO] IPUIPlugin:80 - create IPUIPlugin
2024-07-23 09:21:30,861 [INFO] PluginManager:220 - loadIPPluginJar : add freertos
2024-07-23 09:21:30,863 [INFO] IPUIPlugin:80 - create IPUIPlugin
2024-07-23 09:21:30,863 [INFO] PluginManager:220 - loadIPPluginJar : add genericplugin
2024-07-23 09:21:30,866 [INFO] IPUIPlugin:80 - create IPUIPlugin
2024-07-23 09:21:30,866 [INFO] PluginManager:220 - loadIPPluginJar : add gfxmmu
2024-07-23 09:21:30,872 [INFO] IPUIPlugin:80 - create IPUIPlugin
2024-07-23 09:21:30,872 [INFO] PluginManager:220 - loadIPPluginJar : add gic
2024-07-23 09:21:30,875 [INFO] IPUIPlugin:80 - create IPUIPlugin
2024-07-23 09:21:30,875 [INFO] PluginManager:220 - loadIPPluginJar : add gpio
2024-07-23 09:21:30,879 [INFO] IPUIPlugin:80 - create IPUIPlugin
2024-07-23 09:21:30,879 [INFO] PluginManager:220 - loadIPPluginJar : add gtzc
2024-07-23 09:21:30,881 [INFO] IPUIPlugin:80 - create IPUIPlugin
2024-07-23 09:21:30,881 [INFO] PluginManager:220 - loadIPPluginJar : add hash
2024-07-23 09:21:30,883 [INFO] IPUIPlugin:80 - create IPUIPlugin
2024-07-23 09:21:30,883 [INFO] PluginManager:220 - loadIPPluginJar : add i2c
2024-07-23 09:21:30,886 [INFO] IPUIPlugin:80 - create IPUIPlugin
2024-07-23 09:21:30,886 [INFO] PluginManager:220 - loadIPPluginJar : add i2s
2024-07-23 09:21:30,888 [INFO] IPUIPlugin:80 - create IPUIPlugin
2024-07-23 09:21:30,888 [INFO] PluginManager:220 - loadIPPluginJar : add i3c
2024-07-23 09:21:30,891 [INFO] IPUIPlugin:80 - create IPUIPlugin
2024-07-23 09:21:30,891 [INFO] PluginManager:220 - loadIPPluginJar : add ipddr
2024-07-23 09:21:30,897 [INFO] IPUIPlugin:80 - create IPUIPlugin
2024-07-23 09:21:30,898 [INFO] PluginManager:220 - loadIPPluginJar : add linkedlist
2024-07-23 09:21:30,900 [INFO] IPUIPlugin:80 - create IPUIPlugin
2024-07-23 09:21:30,901 [INFO] PluginManager:220 - loadIPPluginJar : add lorawan
2024-07-23 09:21:30,902 [INFO] IPUIPlugin:80 - create IPUIPlugin
2024-07-23 09:21:30,903 [INFO] PluginManager:220 - loadIPPluginJar : add ltdc
2024-07-23 09:21:30,909 [INFO] IPUIPlugin:80 - create IPUIPlugin
2024-07-23 09:21:30,909 [INFO] PluginManager:220 - loadIPPluginJar : add mdma
2024-07-23 09:21:30,913 [INFO] IPUIPlugin:80 - create IPUIPlugin
2024-07-23 09:21:30,913 [INFO] PluginManager:220 - loadIPPluginJar : add nvic
2024-07-23 09:21:30,915 [INFO] IPUIPlugin:80 - create IPUIPlugin
2024-07-23 09:21:30,915 [INFO] PluginManager:220 - loadIPPluginJar : add opamp
2024-07-23 09:21:30,918 [INFO] IPUIPlugin:80 - create IPUIPlugin
2024-07-23 09:21:30,918 [INFO] PluginManager:220 - loadIPPluginJar : add openamp
2024-07-23 09:21:30,921 [INFO] IPUIPlugin:80 - create IPUIPlugin
2024-07-23 09:21:30,921 [INFO] PluginManager:220 - loadIPPluginJar : add pdm2pcm
2024-07-23 09:21:30,926 [INFO] IPUIPlugin:80 - create IPUIPlugin
2024-07-23 09:21:30,928 [INFO] PluginManager:220 - loadIPPluginJar : add plateformsettings
2024-07-23 09:21:30,930 [INFO] IPUIPlugin:80 - create IPUIPlugin
2024-07-23 09:21:30,930 [INFO] PluginManager:220 - loadIPPluginJar : add quadspi
2024-07-23 09:21:30,934 [INFO] IPUIPlugin:80 - create IPUIPlugin
2024-07-23 09:21:30,934 [INFO] PluginManager:220 - loadIPPluginJar : add resmgrutility
2024-07-23 09:21:30,937 [INFO] IPUIPlugin:80 - create IPUIPlugin
2024-07-23 09:21:30,937 [INFO] PluginManager:220 - loadIPPluginJar : add sai
2024-07-23 09:21:30,940 [INFO] IPUIPlugin:80 - create IPUIPlugin
2024-07-23 09:21:30,940 [INFO] PluginManager:220 - loadIPPluginJar : add spi
2024-07-23 09:21:30,945 [INFO] IPUIPlugin:80 - create IPUIPlugin
2024-07-23 09:21:30,945 [INFO] PluginManager:220 - loadIPPluginJar : add stm32_wpan
2024-07-23 09:21:30,948 [INFO] IPUIPlugin:80 - create IPUIPlugin
2024-07-23 09:21:30,948 [INFO] PluginManager:220 - loadIPPluginJar : add tim
2024-07-23 09:21:30,952 [INFO] IPUIPlugin:80 - create IPUIPlugin
2024-07-23 09:21:30,952 [INFO] PluginManager:220 - loadIPPluginJar : add touchsensing
2024-07-23 09:21:30,955 [INFO] IPUIPlugin:80 - create IPUIPlugin
2024-07-23 09:21:30,955 [INFO] PluginManager:220 - loadIPPluginJar : add tracer_emb
2024-07-23 09:21:30,957 [INFO] IPUIPlugin:80 - create IPUIPlugin
2024-07-23 09:21:30,957 [INFO] PluginManager:220 - loadIPPluginJar : add ts
2024-07-23 09:21:30,959 [INFO] IPUIPlugin:80 - create IPUIPlugin
2024-07-23 09:21:30,959 [INFO] PluginManager:220 - loadIPPluginJar : add tsc
2024-07-23 09:21:30,960 [INFO] IPUIPlugin:80 - create IPUIPlugin
2024-07-23 09:21:30,960 [INFO] PluginManager:220 - loadIPPluginJar : add ucpd
2024-07-23 09:21:30,963 [INFO] IPUIPlugin:80 - create IPUIPlugin
2024-07-23 09:21:30,963 [INFO] PluginManager:220 - loadIPPluginJar : add usart
2024-07-23 09:21:30,966 [INFO] IPUIPlugin:80 - create IPUIPlugin
2024-07-23 09:21:30,966 [INFO] PluginManager:220 - loadIPPluginJar : add usbx
2024-07-23 09:21:31,094 [INFO] CADModel:165 - CPN selected for project level
2024-07-23 09:21:31,094 [INFO] CADModel:114 - Register for checkConnection events
2024-07-23 09:21:31,095 [FATAL] Updater:308 - Updater called before beeing initialized
2024-07-23 09:21:31,095 [ERROR] CADModel:125 - Updater not yet initialized, retry later 
2024-07-23 09:21:31,318 [INFO] CADModel:165 - CPN selected for project level
2024-07-23 09:21:31,318 [INFO] CADModel:114 - Register for checkConnection events
2024-07-23 09:21:31,318 [FATAL] Updater:308 - Updater called before beeing initialized
2024-07-23 09:21:31,318 [ERROR] CADModel:125 - Updater not yet initialized, retry later 
2024-07-23 09:21:31,321 [FATAL] Updater:308 - Updater called before beeing initialized
2024-07-23 09:21:31,403 [FATAL] Updater:308 - Updater called before beeing initialized
2024-07-23 09:21:31,406 [INFO] DbMcusAds:53 - JSON generation date=Thu May 16 02:22:01 PDT 2024 (1715851321109)
2024-07-23 09:21:31,406 [FATAL] Updater:308 - Updater called before beeing initialized
2024-07-23 09:21:31,439 [WARN] DetailPanel:346 - Failed to get advertising image, set to default
2024-07-23 09:21:31,498 [FATAL] Updater:308 - Updater called before beeing initialized
2024-07-23 09:21:31,500 [FATAL] Updater:308 - Updater called before beeing initialized
2024-07-23 09:21:31,500 [FATAL] Updater:308 - Updater called before beeing initialized
2024-07-23 09:21:31,500 [WARN] DetailPanel:346 - Failed to get advertising image, set to default
2024-07-23 09:21:31,501 [FATAL] Updater:308 - Updater called before beeing initialized
2024-07-23 09:21:31,555 [ERROR] Updater:1120 - MainUpdater not yet initialized. External WinMGr cannot be set.
2024-07-23 09:21:31,557 [INFO] Updater:1056 - Updater Version found : 6.11.1
2024-07-23 09:21:31,574 [INFO] ApplicationProperties:184 - Using Application install path: C:\ST\STM32CubeIDE_1.15.1\STM32CubeIDE\plugins\com.st.stm32cube.common.mx_6.11.1.202404110753
2024-07-23 09:21:33,154 [ERROR] LogOutputStream:75 - [STDERR_REDIRECT] Jul 23, 2024 9:21:33 AM java.util.prefs.WindowsPreferences <init>
2024-07-23 09:21:33,155 [ERROR] LogOutputStream:75 - [STDERR_REDIRECT] WARNING: Could not open/create prefs root node Software\JavaSoft\Prefs at root 0xffffffff80000002. Windows RegCreateKeyEx(...) returned error code 5.
2024-07-23 09:21:33,155 [ERROR] LogOutputStream:75 - [STDERR_REDIRECT] 
2024-07-23 09:21:33,359 [INFO] ThirdPartyUpdaterWithRetryManager:70 - Updater plugin not ready yet. [2/15]
2024-07-23 09:21:33,461 [INFO] MainUpdater:2873 - connection check result : 10
2024-07-23 09:21:33,461 [INFO] MainUpdater:290 - Updater Check For Update Now.
2024-07-23 09:21:33,461 [INFO] MicroXplorer:498 - Change Database Version : DB.6.0.111
2024-07-23 09:21:33,496 [INFO] McuFinderGlobals:63 - Set McuFinder mode to 2 (CubeIDE integrated)
2024-07-23 09:21:33,505 [INFO] UserAuth:415 - Internet connection configuration mode: 1
2024-07-23 09:21:33,537 [INFO] JxBrowserEngine:152 - Initiate JxBrowser Engine with user profile folder
2024-07-23 09:21:33,655 [INFO] CheckServerUpdateThread:120 - End of CheckServer Thread
2024-07-23 09:21:34,159 [INFO] WebApp:161 - Instantiating new browser for Auth
2024-07-23 09:21:34,663 [INFO] WebApp:779 - Register for checkConnection events
2024-07-23 09:21:34,663 [INFO] WebApp:414 - Apply proxy settings
2024-07-23 09:21:34,663 [INFO] WebApp:499 - Chromium requires no authentication
2024-07-23 09:21:34,668 [INFO] WebApp:442 - Direct internet connection detected
2024-07-23 09:21:34,810 [INFO] WebApp:192 - Starting web application
2024-07-23 09:21:34,811 [INFO] WebApp:544 - Web application path used C:\ST\STM32CubeIDE_1.15.1\STM32CubeIDE\plugins\com.st.stm32cube.common.mx_6.11.1.202404110753\db\plugins\mcufinder\reactClient1\index.html
2024-07-23 09:21:36,540 [WARN] PackLoader:240 - Cannot read IP mode file for STMicroelectronics.FP-SNS-MOTENVWB1.1.4.0
2024-07-23 09:21:36,549 [WARN] PackLoader:240 - Cannot read IP mode file for STMicroelectronics.X-CUBE-SMBUS.2.1.0
2024-07-23 09:21:36,552 [WARN] PackLoader:240 - Cannot read IP mode file for STMicroelectronics.X-CUBE-TOUCHGFX.4.23.2
2024-07-23 09:21:36,581 [WARN] PackLoader:240 - Cannot read IP mode file for STMicroelectronics.X-CUBE-AZRTOS-F7.1.1.0
2024-07-23 09:21:36,598 [WARN] PackLoader:240 - Cannot read IP mode file for STMicroelectronics.FP-SNS-FLIGHT1.5.0.2
2024-07-23 09:21:36,607 [WARN] PackLoader:240 - Cannot read IP mode file for STMicroelectronics.X-CUBE-DISPLAY.3.0.0
2024-07-23 09:21:36,624 [WARN] PackLoader:240 - Cannot read IP mode file for STMicroelectronics.X-CUBE-BLE1.7.0.0
2024-07-23 09:21:36,641 [WARN] PackLoader:240 - Cannot read IP mode file for emotas.I-CUBE-CANOPEN.1.3.0
2024-07-23 09:21:36,669 [WARN] PackLoader:240 - Cannot read IP mode file for STMicroelectronics.X-CUBE-BLEMGR.3.1.0
2024-07-23 09:21:36,677 [WARN] PackLoader:240 - Cannot read IP mode file for STMicroelectronics.FP-SNS-SMARTAG2.1.2.0
2024-07-23 09:21:36,687 [INFO] LogOutputStream:77 - [STDOUT_REDIRECT] 1 : Invalid condition id : UX_CORESTACK_Condition cause : null
2024-07-23 09:21:36,687 [INFO] LogOutputStream:77 - [STDOUT_REDIRECT] 1 : Invalid condition id : UX_CORESTACK_Condition cause : null
2024-07-23 09:21:36,688 [INFO] LogOutputStream:77 - [STDOUT_REDIRECT] 1 : Invalid condition id : UX_CORESTACK_Condition cause : null
2024-07-23 09:21:36,688 [INFO] LogOutputStream:77 - [STDOUT_REDIRECT] 1 : Invalid condition id : UX_CORESTACK_Condition cause : null
2024-07-23 09:21:36,689 [INFO] LogOutputStream:77 - [STDOUT_REDIRECT] 1 : Invalid condition id : UX_CORESTACK_Condition cause : null
2024-07-23 09:21:36,690 [WARN] PackLoader:240 - Cannot read IP mode file for STMicroelectronics.X-CUBE-AZRTOS-WL.2.0.0
2024-07-23 09:21:36,696 [WARN] PackLoader:240 - Cannot read IP mode file for STMicroelectronics.FP-SNS-MOTENV1.5.0.0
2024-07-23 09:21:36,716 [WARN] PackLoader:240 - Cannot read IP mode file for wolfSSL.I-CUBE-wolfMQTT.1.19.0
2024-07-23 09:21:36,722 [WARN] PackLoader:240 - Cannot read IP mode file for WES.I-CUBE-Cesium.1.3.0
2024-07-23 09:21:36,728 [WARN] PackLoader:240 - Cannot read IP mode file for STMicroelectronics.X-CUBE-BLE2.3.3.0
2024-07-23 09:21:36,734 [WARN] PackLoader:240 - Cannot read IP mode file for STMicroelectronics.X-CUBE-TCPP.4.1.0
2024-07-23 09:21:36,752 [WARN] PackLoader:240 - Cannot read IP mode file for STMicroelectronics.X-CUBE-AZRTOS-G0.1.1.0
2024-07-23 09:21:36,759 [WARN] PackLoader:240 - Cannot read IP mode file for STMicroelectronics.X-CUBE-SAFEA1.1.2.2
2024-07-23 09:21:36,766 [WARN] PackLoader:240 - Cannot read IP mode file for STMicroelectronics.X-CUBE-NFC4.3.0.0
2024-07-23 09:21:36,776 [WARN] PackLoader:240 - Cannot read IP mode file for EmbeddedOffice.I-CUBE-FS-RTOS.1.0.1
2024-07-23 09:21:36,776 [ERROR] ConditionMgr:805 - Attr not supported : Dmpu
2024-07-23 09:21:36,776 [ERROR] ConditionMgr:805 - Attr not supported : Dmpu
2024-07-23 09:21:36,776 [ERROR] ConditionMgr:805 - Attr not supported : Dmpu
2024-07-23 09:21:36,776 [ERROR] ConditionMgr:805 - Attr not supported : Dmpu
2024-07-23 09:21:36,776 [ERROR] ConditionMgr:805 - Attr not supported : Dmpu
2024-07-23 09:21:36,776 [ERROR] ConditionMgr:805 - Attr not supported : Dmpu
2024-07-23 09:21:36,776 [ERROR] ConditionMgr:805 - Attr not supported : Dmpu
2024-07-23 09:21:36,776 [ERROR] ConditionMgr:805 - Attr not supported : Dmpu
2024-07-23 09:21:36,776 [ERROR] ConditionMgr:805 - Attr not supported : Dmpu
2024-07-23 09:21:36,776 [ERROR] ConditionMgr:805 - Attr not supported : Dmpu
2024-07-23 09:21:36,776 [ERROR] ConditionMgr:805 - Attr not supported : Dmpu
2024-07-23 09:21:36,776 [ERROR] ConditionMgr:805 - Attr not supported : Dmpu
2024-07-23 09:21:36,777 [ERROR] ConditionMgr:805 - Attr not supported : Dmpu
2024-07-23 09:21:36,777 [ERROR] ConditionMgr:805 - Attr not supported : Dmpu
2024-07-23 09:21:36,777 [ERROR] ConditionMgr:805 - Attr not supported : Dmpu
2024-07-23 09:21:36,777 [ERROR] ConditionMgr:805 - Attr not supported : Dmpu
2024-07-23 09:21:36,777 [ERROR] ConditionMgr:805 - Attr not supported : Dmpu
2024-07-23 09:21:36,777 [ERROR] ConditionMgr:805 - Attr not supported : Dmpu
2024-07-23 09:21:36,777 [ERROR] ConditionMgr:805 - Attr not supported : Dmpu
2024-07-23 09:21:36,777 [ERROR] ConditionMgr:805 - Attr not supported : Dmpu
2024-07-23 09:21:36,777 [ERROR] ConditionMgr:805 - Attr not supported : Dmpu
2024-07-23 09:21:36,778 [ERROR] ConditionMgr:805 - Attr not supported : Dmpu
2024-07-23 09:21:36,778 [ERROR] ConditionMgr:805 - Attr not supported : Dmpu
2024-07-23 09:21:36,778 [ERROR] ConditionMgr:805 - Attr not supported : Dmpu
2024-07-23 09:21:36,778 [ERROR] ConditionMgr:805 - Attr not supported : Dmpu
2024-07-23 09:21:36,778 [ERROR] ConditionMgr:805 - Attr not supported : Dmpu
2024-07-23 09:21:36,778 [ERROR] ConditionMgr:805 - Attr not supported : Dmpu
2024-07-23 09:21:36,778 [ERROR] ConditionMgr:805 - Attr not supported : Dmpu
2024-07-23 09:21:36,778 [ERROR] ConditionMgr:805 - Attr not supported : Dmpu
2024-07-23 09:21:36,778 [ERROR] ConditionMgr:805 - Attr not supported : Dmpu
2024-07-23 09:21:36,778 [ERROR] ConditionMgr:805 - Attr not supported : Dmpu
2024-07-23 09:21:36,779 [ERROR] ConditionMgr:805 - Attr not supported : Dmpu
2024-07-23 09:21:36,779 [ERROR] ConditionMgr:805 - Attr not supported : Dmpu
2024-07-23 09:21:36,779 [ERROR] ConditionMgr:805 - Attr not supported : Dmpu
2024-07-23 09:21:36,779 [ERROR] ConditionMgr:805 - Attr not supported : Dmpu
2024-07-23 09:21:36,779 [ERROR] ConditionMgr:805 - Attr not supported : Dmpu
2024-07-23 09:21:36,779 [ERROR] ConditionMgr:805 - Attr not supported : Dmpu
2024-07-23 09:21:36,780 [ERROR] ConditionMgr:805 - Attr not supported : Dmpu
2024-07-23 09:21:36,780 [ERROR] ConditionMgr:805 - Attr not supported : Dmpu
2024-07-23 09:21:36,780 [ERROR] ConditionMgr:805 - Attr not supported : Dmpu
2024-07-23 09:21:36,780 [ERROR] ConditionMgr:805 - Attr not supported : Dmpu
2024-07-23 09:21:36,780 [ERROR] ConditionMgr:805 - Attr not supported : Dmpu
2024-07-23 09:21:36,780 [ERROR] ConditionMgr:805 - Attr not supported : Dmpu
2024-07-23 09:21:36,780 [ERROR] ConditionMgr:805 - Attr not supported : Dmpu
2024-07-23 09:21:36,780 [ERROR] ConditionMgr:805 - Attr not supported : Dmpu
2024-07-23 09:21:36,780 [ERROR] ConditionMgr:805 - Attr not supported : Dmpu
2024-07-23 09:21:36,780 [ERROR] ConditionMgr:805 - Attr not supported : Dmpu
2024-07-23 09:21:36,780 [ERROR] ConditionMgr:805 - Attr not supported : Dmpu
2024-07-23 09:21:36,780 [ERROR] ConditionMgr:805 - Attr not supported : Dmpu
2024-07-23 09:21:36,780 [ERROR] ConditionMgr:805 - Attr not supported : Dmpu
2024-07-23 09:21:36,780 [ERROR] ConditionMgr:805 - Attr not supported : Dmpu
2024-07-23 09:21:36,780 [ERROR] ConditionMgr:805 - Attr not supported : Dmpu
2024-07-23 09:21:36,780 [ERROR] ConditionMgr:805 - Attr not supported : Dmpu
2024-07-23 09:21:36,782 [ERROR] ConditionMgr:805 - Attr not supported : Dmpu
2024-07-23 09:21:36,782 [ERROR] ConditionMgr:805 - Attr not supported : Dmpu
2024-07-23 09:21:36,782 [ERROR] ConditionMgr:805 - Attr not supported : Dmpu
2024-07-23 09:21:36,782 [ERROR] ConditionMgr:805 - Attr not supported : Dmpu
2024-07-23 09:21:36,782 [ERROR] ConditionMgr:805 - Attr not supported : Dmpu
2024-07-23 09:21:36,782 [ERROR] ConditionMgr:805 - Attr not supported : Dmpu
2024-07-23 09:21:36,782 [ERROR] ConditionMgr:805 - Attr not supported : Dmpu
2024-07-23 09:21:36,783 [ERROR] ConditionMgr:805 - Attr not supported : Dmpu
2024-07-23 09:21:36,783 [ERROR] ConditionMgr:805 - Attr not supported : Dmpu
2024-07-23 09:21:36,783 [ERROR] ConditionMgr:805 - Attr not supported : Dmpu
2024-07-23 09:21:36,783 [ERROR] ConditionMgr:805 - Attr not supported : Dmpu
2024-07-23 09:21:36,787 [WARN] PackLoader:240 - Cannot read IP mode file for RealThread.X-CUBE-RT-Thread_Nano.4.1.1
2024-07-23 09:21:36,791 [WARN] PackLoader:240 - Cannot read IP mode file for wolfSSL.I-CUBE-wolfSSL.5.7.0
2024-07-23 09:21:36,796 [WARN] PackLoader:240 - Cannot read IP mode file for STMicroelectronics.FP-ATR-SIGFOX1.3.2.0
2024-07-23 09:21:36,801 [WARN] PackLoader:240 - Cannot read IP mode file for STMicroelectronics.X-CUBE-EEPRMA1.5.1.0
2024-07-23 09:21:36,812 [WARN] PackLoader:240 - Cannot read IP mode file for ITTIA_DB.I-CUBE-ITTIADB.8.9.0
2024-07-23 09:21:36,835 [WARN] PackLoader:240 - Cannot read IP mode file for SEGGER.I-CUBE-embOS.1.3.1
2024-07-23 09:21:36,881 [WARN] PackLoader:240 - Cannot read IP mode file for STMicroelectronics.X-CUBE-ALGOBUILD.1.4.0
2024-07-23 09:21:36,887 [WARN] PackLoader:240 - Cannot read IP mode file for STMicroelectronics.X-CUBE-GNSS1.6.0.0
2024-07-23 09:21:36,899 [WARN] PackLoader:240 - Cannot read IP mode file for STMicroelectronics.X-CUBE-AZRTOS-F4.1.1.0
2024-07-23 09:21:36,952 [WARN] PackLoader:240 - Cannot read IP mode file for STMicroelectronics.X-CUBE-FREERTOS.1.2.0
2024-07-23 09:21:36,965 [WARN] PackLoader:240 - Cannot read IP mode file for STMicroelectronics.X-CUBE-AZRTOS-L5.2.0.0
2024-07-23 09:21:36,972 [WARN] PackLoader:240 - Cannot read IP mode file for STMicroelectronics.X-CUBE-NFC6.3.1.0
2024-07-23 09:21:36,977 [WARN] PackLoader:240 - Cannot read IP mode file for STMicroelectronics.X-CUBE-DPower.1.2.0
2024-07-23 09:21:36,980 [WARN] PackLoader:240 - Cannot read IP mode file for STMicroelectronics.X-CUBE-AI.9.0.0
2024-07-23 09:21:36,983 [WARN] PackLoader:240 - Cannot read IP mode file for STMicroelectronics.X-CUBE-NFC7.1.0.1
2024-07-23 09:21:36,987 [WARN] PackLoader:240 - Cannot read IP mode file for wolfSSL.I-CUBE-wolfTPM.3.2.0
2024-07-23 09:21:36,999 [WARN] ConditionMgr:438 - getConditionDescription Invalid condition id : LAN8742 Phy interface Condition cause : null
2024-07-23 09:21:37,000 [WARN] PackLoader:240 - Cannot read IP mode file for STMicroelectronics.X-CUBE-AZRTOS-L4.2.0.0
2024-07-23 09:21:37,001 [WARN] ConditionMgr:1039 - genDependencies : Invalid condition id : LAN8742 Phy interface Condition cause : null
2024-07-23 09:21:37,001 [WARN] ConditionMgr:1039 - genDependencies : Invalid condition id : LAN8742 Phy interface Condition cause : null
2024-07-23 09:21:37,001 [WARN] ConditionMgr:1039 - genDependencies : Invalid condition id : LAN8742 Phy interface Condition cause : null
2024-07-23 09:21:37,007 [WARN] PackLoader:240 - Cannot read IP mode file for STMicroelectronics.X-CUBE-SFXS2LP1.4.0.0
2024-07-23 09:21:37,019 [WARN] ConditionMgr:438 - getConditionDescription Invalid condition id : UX DEVICE CLASS RTOS Condition cause : null
2024-07-23 09:21:37,019 [WARN] ConditionMgr:438 - getConditionDescription Invalid condition id : UX DEVICE CLASS RTOS Condition cause : null
2024-07-23 09:21:37,020 [WARN] PackLoader:240 - Cannot read IP mode file for STMicroelectronics.X-CUBE-AZRTOS-WB.2.0.0
2024-07-23 09:21:37,021 [WARN] ConditionMgr:1039 - genDependencies : Invalid condition id : UX DEVICE CLASS RTOS Condition cause : null
2024-07-23 09:21:37,021 [WARN] ConditionMgr:1039 - genDependencies : Invalid condition id : UX DEVICE CLASS RTOS Condition cause : null
2024-07-23 09:21:37,021 [WARN] ConditionMgr:1039 - genDependencies : Invalid condition id : UX DEVICE CLASS RTOS Condition cause : null
2024-07-23 09:21:37,021 [WARN] ConditionMgr:1039 - genDependencies : Invalid condition id : UX DEVICE CLASS RTOS Condition cause : null
2024-07-23 09:21:37,021 [WARN] ConditionMgr:1039 - genDependencies : Invalid condition id : UX DEVICE CLASS RTOS Condition cause : null
2024-07-23 09:21:37,027 [WARN] PackLoader:240 - Cannot read IP mode file for STMicroelectronics.FP-SNS-STBOX1.2.0.0
2024-07-23 09:21:37,036 [WARN] PackLoader:240 - Cannot read IP mode file for STMicroelectronics.X-CUBE-SUBG2.5.0.0
2024-07-23 09:21:37,042 [WARN] PackLoader:240 - Cannot read IP mode file for Cesanta.I-CUBE-Mongoose.7.13.0
2024-07-23 09:21:37,059 [WARN] PackLoader:240 - Cannot read IP mode file for STMicroelectronics.X-CUBE-AZRTOS-G4.2.0.0
2024-07-23 09:21:37,091 [WARN] PackLoader:240 - Cannot read IP mode file for STMicroelectronics.X-CUBE-ISPU.2.0.0
2024-07-23 09:21:37,098 [WARN] PackLoader:240 - Cannot read IP mode file for STMicroelectronics.X-CUBE-ALS.1.0.2
2024-07-23 09:21:37,141 [WARN] PackLoader:240 - Cannot read IP mode file for STMicroelectronics.X-CUBE-MEMS1.10.0.0
2024-07-23 09:21:37,218 [WARN] PackLoader:240 - Cannot read IP mode file for STMicroelectronics.X-CUBE-TOUCHGFX.4.24.0
2024-07-23 09:21:37,222 [WARN] PackLoader:240 - Cannot read IP mode file for portGmbH.I-Cube-SoM-uGOAL.1.1.0
2024-07-23 09:21:37,235 [WARN] PackLoader:240 - Cannot read IP mode file for STMicroelectronics.X-CUBE-AZRTOS-H7RS.1.0.0
2024-07-23 09:21:37,239 [WARN] PackLoader:240 - Cannot read IP mode file for STMicroelectronics.FP-ATR-ASTRA1.2.0.0
2024-07-23 09:21:37,247 [WARN] PackLoader:240 - Cannot read IP mode file for STMicroelectronics.X-CUBE-TOF1.3.4.1
2024-07-23 09:21:37,267 [WARN] PackLoader:240 - Cannot read IP mode file for STMicroelectronics.X-CUBE-AZRTOS-H7.3.2.0
2024-07-23 09:21:37,279 [WARN] PackLoader:240 - Cannot read IP mode file for Infineon.AIROC-Wi-Fi-Bluetooth-STM32.1.6.0
2024-07-23 09:21:37,287 [WARN] PackLoader:240 - Cannot read IP mode file for wolfSSL.I-CUBE-wolfSSH.1.4.17
2024-07-23 09:21:37,287 [INFO] ThirdParty:978 - Integrity check success = true
2024-07-23 09:21:37,287 [INFO] IntegrityCheckThread:100 - exiting critical section [integrity check]
2024-07-23 09:21:37,287 [INFO] IntegrityCheckThread:103 - End integrity checks thread
2024-07-23 12:56:30,735 [ERROR] LogOutputStream:75 - [STDERR_REDIRECT] 
2024-07-23 12:56:30,736 [ERROR] LogOutputStream:75 - [STDERR_REDIRECT] 
2024-07-23 13:56:47,517 [INFO] Activator:176 - 


2024-07-23 13:56:47,518 [INFO] Activator:177 - !SESSION log4j initialized
2024-07-23 13:56:51,807 [INFO] LogOutputStream:77 - [STDOUT_REDIRECT] 
2024-07-23 13:56:52,914 [INFO] ApplicationProperties:184 - Using Application install path: C:\ST\STM32CubeIDE_1.15.1\STM32CubeIDE\plugins\com.st.stm32cube.common.mx_6.11.1.202404110753
2024-07-23 13:56:52,926 [INFO] DbMcusXml:78 - Set database path to: C:\ST\STM32CubeIDE_1.15.1\STM32CubeIDE\plugins\com.st.stm32cube.common.mx_6.11.1.202404110753\\db\/mcu/
2024-07-23 13:56:52,926 [INFO] ApiDb:274 - Set plugin database path to: C:\ST\STM32CubeIDE_1.15.1\STM32CubeIDE\plugins\com.st.stm32cube.common.mx_6.11.1.202404110753\\db\/plugins/boardmanager/
2024-07-23 13:56:52,926 [WARN] ApiDb:259 - Overriding images path with different value:  => C:\ST\STM32CubeIDE_1.15.1\STM32CubeIDE\plugins\com.st.stm32cube.common.mx_6.11.1.202404110753\\db\/plugins/mcufinder/images/
2024-07-23 13:56:52,928 [INFO] ApiDb:250 - Set database path to: C:\Users\casim\.stmcufinder\plugins\mcufinder//mcu/
2024-07-23 13:56:52,930 [INFO] DbMcusAds:125 - Set database path to: C:\Users\casim\.stmcufinder\plugins\mcufinder//mcu/
2024-07-23 13:56:52,931 [INFO] CrossReferenceDbSqlite:203 - Set database path to: C:\Users\casim\.stmcufinder\plugins\mcufinder//mcu/cs/
2024-07-23 13:56:53,050 [INFO] RulesReader:64 - Compatibility file has been processed (297 Rules)
2024-07-23 13:56:53,154 [INFO] DbMcusXml:78 - Set database path to: C:\ST\STM32CubeIDE_1.15.1\STM32CubeIDE\plugins\com.st.stm32cube.common.mx_6.11.1.202404110753\\db\/mcu/
2024-07-23 13:56:53,154 [INFO] ApiDb:274 - Set plugin database path to: C:\ST\STM32CubeIDE_1.15.1\STM32CubeIDE\plugins\com.st.stm32cube.common.mx_6.11.1.202404110753\\db\/plugins/boardmanager/
2024-07-23 13:56:53,154 [INFO] ApiDb:261 - Set plugin images path to: C:\ST\STM32CubeIDE_1.15.1\STM32CubeIDE\plugins\com.st.stm32cube.common.mx_6.11.1.202404110753\\db\/plugins/mcufinder/images/
2024-07-23 13:56:53,154 [WARN] DbFile:41 - Overriding database path with different value: C:\Users\casim\.stmcufinder\plugins\mcufinder/ => C:\Users\casim\.stmcufinder\plugins\mcufinder
2024-07-23 13:56:53,155 [INFO] ApiDb:250 - Set database path to: C:\Users\casim\.stmcufinder\plugins\mcufinder//mcu/
2024-07-23 13:56:53,155 [WARN] DbFile:41 - Overriding database path with different value: C:\Users\casim\.stmcufinder\plugins\mcufinder/ => C:\Users\casim\.stmcufinder\plugins\mcufinder
2024-07-23 13:56:53,155 [INFO] DbMcusAds:125 - Set database path to: C:\Users\casim\.stmcufinder\plugins\mcufinder//mcu/
2024-07-23 13:56:53,155 [WARN] DbFile:41 - Overriding database path with different value: C:\Users\casim\.stmcufinder\plugins\mcufinder/ => C:\Users\casim\.stmcufinder\plugins\mcufinder
2024-07-23 13:56:53,155 [WARN] DbFile:41 - Overriding database path with different value: C:\Users\casim\.stmcufinder\plugins\mcufinder/ => C:\Users\casim\.stmcufinder\plugins\mcufinder
2024-07-23 13:56:53,155 [INFO] CrossReferenceDbSqlite:203 - Set database path to: C:\Users\casim\.stmcufinder\plugins\mcufinder//mcu/cs/
2024-07-23 13:56:53,228 [INFO] MainPanel:264 - HeapMemory: 268435456
2024-07-23 13:56:53,271 [INFO] DbMcusXml:78 - Set database path to: C:\ST\STM32CubeIDE_1.15.1\STM32CubeIDE\plugins\com.st.stm32cube.common.mx_6.11.1.202404110753\\db\/mcu/
2024-07-23 13:56:53,271 [INFO] ApiDb:274 - Set plugin database path to: C:\ST\STM32CubeIDE_1.15.1\STM32CubeIDE\plugins\com.st.stm32cube.common.mx_6.11.1.202404110753\\db\/plugins/boardmanager/
2024-07-23 13:56:53,271 [INFO] ApiDb:261 - Set plugin images path to: C:\ST\STM32CubeIDE_1.15.1\STM32CubeIDE\plugins\com.st.stm32cube.common.mx_6.11.1.202404110753\\db\/plugins/mcufinder/images/
2024-07-23 13:56:53,271 [WARN] DbFile:41 - Overriding database path with different value: C:\Users\casim\.stmcufinder\plugins\mcufinder/ => C:\Users\casim\.stmcufinder\plugins\mcufinder
2024-07-23 13:56:53,271 [INFO] ApiDb:250 - Set database path to: C:\Users\casim\.stmcufinder\plugins\mcufinder//mcu/
2024-07-23 13:56:53,271 [WARN] DbFile:41 - Overriding database path with different value: C:\Users\casim\.stmcufinder\plugins\mcufinder/ => C:\Users\casim\.stmcufinder\plugins\mcufinder
2024-07-23 13:56:53,271 [INFO] DbMcusAds:125 - Set database path to: C:\Users\casim\.stmcufinder\plugins\mcufinder//mcu/
2024-07-23 13:56:53,272 [WARN] DbFile:41 - Overriding database path with different value: C:\Users\casim\.stmcufinder\plugins\mcufinder/ => C:\Users\casim\.stmcufinder\plugins\mcufinder
2024-07-23 13:56:53,272 [WARN] DbFile:41 - Overriding database path with different value: C:\Users\casim\.stmcufinder\plugins\mcufinder/ => C:\Users\casim\.stmcufinder\plugins\mcufinder
2024-07-23 13:56:53,272 [INFO] CrossReferenceDbSqlite:203 - Set database path to: C:\Users\casim\.stmcufinder\plugins\mcufinder//mcu/cs/
2024-07-23 13:56:53,284 [INFO] ApplicationProperties:184 - Using Application install path: C:\ST\STM32CubeIDE_1.15.1\STM32CubeIDE\plugins\com.st.stm32cube.common.mx_6.11.1.202404110753
2024-07-23 13:56:53,285 [INFO] PluginManage:196 - Search for loadable plugins [exclusion list=, ]
2024-07-23 13:56:53,286 [INFO] PluginManage:310 - Check plugin analytics
2024-07-23 13:56:53,413 [INFO] AnalyticsPlugin:253 - Accepted Software Licenses: 
2024-07-23 13:56:53,413 [INFO] AnalyticsPlugin:255 - Accepted CMSIS Pack Licenses: 
2024-07-23 13:56:53,415 [INFO] AnalyticsPlugin:257 - Accepted Firmware Licenses: FW.H7.1.11.0
2024-07-23 13:56:53,416 [INFO] PluginManage:359 - Loaded plugin analytics (category:tool,tabindex:-1)
2024-07-23 13:56:53,418 [INFO] PluginManage:310 - Check plugin cadmodel
2024-07-23 13:56:53,422 [INFO] CADModel:105 - Init CAD model plugin
2024-07-23 13:56:53,423 [INFO] PluginManage:359 - Loaded plugin cadmodel (category:power,tabindex:5)
2024-07-23 13:56:53,423 [INFO] PluginManage:310 - Check plugin clock
2024-07-23 13:56:53,428 [INFO] PluginManage:359 - Loaded plugin clock (category:base,tabindex:2)
2024-07-23 13:56:53,428 [INFO] PluginManage:310 - Check plugin ddr
2024-07-23 13:56:53,429 [INFO] PluginManage:359 - Loaded plugin ddr (category:tool,tabindex:6)
2024-07-23 13:56:53,431 [INFO] PluginManage:310 - Check plugin filemanager
2024-07-23 13:56:53,529 [INFO] PluginManage:359 - Loaded plugin filemanager (category:base,tabindex:10)
2024-07-23 13:56:53,529 [INFO] PluginManage:310 - Check plugin ipmanager
2024-07-23 13:56:53,535 [INFO] PluginManage:359 - Loaded plugin ipmanager (category:base,tabindex:5)
2024-07-23 13:56:53,535 [INFO] PluginManage:310 - Check plugin lpbam
2024-07-23 13:56:53,540 [INFO] PluginManage:359 - Loaded plugin lpbam (category:base,tabindex:0)
2024-07-23 13:56:53,541 [INFO] PluginManage:310 - Check plugin memorymap
2024-07-23 13:56:53,551 [INFO] PluginManage:359 - Loaded plugin memorymap (category:base,tabindex:4)
2024-07-23 13:56:53,551 [INFO] PluginManage:310 - Check plugin pinoutandconfiguration
2024-07-23 13:56:53,559 [INFO] PluginManage:359 - Loaded plugin pinoutandconfiguration (category:base,tabindex:1)
2024-07-23 13:56:53,559 [INFO] PluginManage:310 - Check plugin pinoutconfig
2024-07-23 13:56:53,635 [WARN] SupportedApi:132 - Cannot load RTOS API schema: s4s-elt-must-match.1: The content of 'definitions' must match (annotation?, (simpleType | complexType)?, (unique | key | keyref)*)). A problem was found starting at: attribute.
2024-07-23 13:56:53,728 [INFO] PluginManage:359 - Loaded plugin pinoutconfig (category:base,tabindex:0)
2024-07-23 13:56:53,728 [INFO] PluginManage:310 - Check plugin power
2024-07-23 13:56:53,734 [INFO] PluginManage:359 - Loaded plugin power (category:power,tabindex:4)
2024-07-23 13:56:53,734 [INFO] PluginManage:310 - Check plugin projectmanager
2024-07-23 13:56:53,749 [INFO] PluginManage:359 - Loaded plugin projectmanager (category:projectmanager,tabindex:3)
2024-07-23 13:56:53,749 [INFO] PluginManage:310 - Check plugin thirdparty
2024-07-23 13:56:53,847 [INFO] PluginManage:359 - Loaded plugin thirdparty (category:base,tabindex:-1)
2024-07-23 13:56:53,847 [INFO] PluginManage:310 - Check plugin tools
2024-07-23 13:56:53,847 [WARN] IntegrityCheckThread:84 - waiting for thirdparty lock release [integrity check]
2024-07-23 13:56:53,848 [INFO] IntegrityCheckThread:86 - entering critical section [integrity check]
2024-07-23 13:56:53,848 [INFO] ThirdPartyUpdaterWithRetryManager:70 - Updater plugin not ready yet. [1/15]
2024-07-23 13:56:53,849 [INFO] PluginManage:359 - Loaded plugin tools (category:base,tabindex:7)
2024-07-23 13:56:53,850 [INFO] PluginManage:310 - Check plugin tutovideos
2024-07-23 13:56:53,948 [INFO] PluginManage:359 - Loaded plugin tutovideos (category:base,tabindex:-1)
2024-07-23 13:56:53,948 [INFO] PluginManage:310 - Check plugin updater
2024-07-23 13:56:53,955 [INFO] PluginManage:359 - Loaded plugin updater (category:base,tabindex:12)
2024-07-23 13:56:53,955 [INFO] PluginManage:310 - Check plugin userauth
2024-07-23 13:56:53,958 [INFO] UserAuth:114 - Init User Auth plugin
2024-07-23 13:56:53,958 [INFO] PluginManage:359 - Loaded plugin userauth (category:base,tabindex:14)
2024-07-23 13:56:53,958 [INFO] PluginManage:283 - PluginManage : Loaded plugins [17]
2024-07-23 13:56:54,145 [INFO] PinOutPanel:1561 - setPackage(No Configuration,No Configuration)
2024-07-23 13:56:54,199 [INFO] CADModel:165 - CPN selected for project level
2024-07-23 13:56:54,200 [INFO] CADModel:114 - Register for checkConnection events
2024-07-23 13:56:54,211 [INFO] IPUIPlugin:80 - create IPUIPlugin
2024-07-23 13:56:54,211 [INFO] PluginManager:220 - loadIPPluginJar : add adc
2024-07-23 13:56:54,213 [INFO] IPUIPlugin:80 - create IPUIPlugin
2024-07-23 13:56:54,213 [INFO] PluginManager:220 - loadIPPluginJar : add aes
2024-07-23 13:56:54,215 [INFO] IPUIPlugin:80 - create IPUIPlugin
2024-07-23 13:56:54,215 [INFO] PluginManager:220 - loadIPPluginJar : add can
2024-07-23 13:56:54,216 [INFO] IPUIPlugin:80 - create IPUIPlugin
2024-07-23 13:56:54,216 [INFO] PluginManager:220 - loadIPPluginJar : add comp
2024-07-23 13:56:54,218 [INFO] IPUIPlugin:80 - create IPUIPlugin
2024-07-23 13:56:54,218 [INFO] PluginManager:220 - loadIPPluginJar : add cryp
2024-07-23 13:56:54,219 [INFO] IPUIPlugin:80 - create IPUIPlugin
2024-07-23 13:56:54,219 [INFO] PluginManager:220 - loadIPPluginJar : add dfsdm
2024-07-23 13:56:54,222 [INFO] IPUIPlugin:80 - create IPUIPlugin
2024-07-23 13:56:54,222 [INFO] PluginManager:220 - loadIPPluginJar : add dma
2024-07-23 13:56:54,224 [INFO] IPUIPlugin:80 - create IPUIPlugin
2024-07-23 13:56:54,224 [INFO] PluginManager:220 - loadIPPluginJar : add dma3
2024-07-23 13:56:54,226 [INFO] IPUIPlugin:80 - create IPUIPlugin
2024-07-23 13:56:54,226 [INFO] PluginManager:220 - loadIPPluginJar : add extmemmanager
2024-07-23 13:56:54,227 [INFO] IPUIPlugin:80 - create IPUIPlugin
2024-07-23 13:56:54,227 [INFO] PluginManager:220 - loadIPPluginJar : add fatfs
2024-07-23 13:56:54,229 [INFO] IPUIPlugin:80 - create IPUIPlugin
2024-07-23 13:56:54,229 [INFO] PluginManager:220 - loadIPPluginJar : add fmc
2024-07-23 13:56:54,232 [INFO] IPUIPlugin:80 - create IPUIPlugin
2024-07-23 13:56:54,232 [INFO] PluginManager:220 - loadIPPluginJar : add freertos
2024-07-23 13:56:54,233 [INFO] IPUIPlugin:80 - create IPUIPlugin
2024-07-23 13:56:54,233 [INFO] PluginManager:220 - loadIPPluginJar : add genericplugin
2024-07-23 13:56:54,235 [INFO] IPUIPlugin:80 - create IPUIPlugin
2024-07-23 13:56:54,235 [INFO] PluginManager:220 - loadIPPluginJar : add gfxmmu
2024-07-23 13:56:54,238 [INFO] IPUIPlugin:80 - create IPUIPlugin
2024-07-23 13:56:54,238 [INFO] PluginManager:220 - loadIPPluginJar : add gic
2024-07-23 13:56:54,241 [INFO] IPUIPlugin:80 - create IPUIPlugin
2024-07-23 13:56:54,241 [INFO] PluginManager:220 - loadIPPluginJar : add gpio
2024-07-23 13:56:54,243 [INFO] IPUIPlugin:80 - create IPUIPlugin
2024-07-23 13:56:54,243 [INFO] PluginManager:220 - loadIPPluginJar : add gtzc
2024-07-23 13:56:54,244 [INFO] IPUIPlugin:80 - create IPUIPlugin
2024-07-23 13:56:54,244 [INFO] PluginManager:220 - loadIPPluginJar : add hash
2024-07-23 13:56:54,245 [INFO] IPUIPlugin:80 - create IPUIPlugin
2024-07-23 13:56:54,245 [INFO] PluginManager:220 - loadIPPluginJar : add i2c
2024-07-23 13:56:54,247 [INFO] IPUIPlugin:80 - create IPUIPlugin
2024-07-23 13:56:54,247 [INFO] PluginManager:220 - loadIPPluginJar : add i2s
2024-07-23 13:56:54,248 [INFO] IPUIPlugin:80 - create IPUIPlugin
2024-07-23 13:56:54,248 [INFO] PluginManager:220 - loadIPPluginJar : add i3c
2024-07-23 13:56:54,250 [INFO] IPUIPlugin:80 - create IPUIPlugin
2024-07-23 13:56:54,250 [INFO] PluginManager:220 - loadIPPluginJar : add ipddr
2024-07-23 13:56:54,254 [INFO] IPUIPlugin:80 - create IPUIPlugin
2024-07-23 13:56:54,254 [INFO] PluginManager:220 - loadIPPluginJar : add linkedlist
2024-07-23 13:56:54,256 [INFO] IPUIPlugin:80 - create IPUIPlugin
2024-07-23 13:56:54,256 [INFO] PluginManager:220 - loadIPPluginJar : add lorawan
2024-07-23 13:56:54,257 [INFO] IPUIPlugin:80 - create IPUIPlugin
2024-07-23 13:56:54,258 [INFO] PluginManager:220 - loadIPPluginJar : add ltdc
2024-07-23 13:56:54,261 [INFO] IPUIPlugin:80 - create IPUIPlugin
2024-07-23 13:56:54,261 [INFO] PluginManager:220 - loadIPPluginJar : add mdma
2024-07-23 13:56:54,263 [INFO] IPUIPlugin:80 - create IPUIPlugin
2024-07-23 13:56:54,263 [INFO] PluginManager:220 - loadIPPluginJar : add nvic
2024-07-23 13:56:54,264 [INFO] IPUIPlugin:80 - create IPUIPlugin
2024-07-23 13:56:54,264 [INFO] PluginManager:220 - loadIPPluginJar : add opamp
2024-07-23 13:56:54,267 [INFO] IPUIPlugin:80 - create IPUIPlugin
2024-07-23 13:56:54,267 [INFO] PluginManager:220 - loadIPPluginJar : add openamp
2024-07-23 13:56:54,268 [INFO] IPUIPlugin:80 - create IPUIPlugin
2024-07-23 13:56:54,268 [INFO] PluginManager:220 - loadIPPluginJar : add pdm2pcm
2024-07-23 13:56:54,271 [INFO] IPUIPlugin:80 - create IPUIPlugin
2024-07-23 13:56:54,273 [INFO] PluginManager:220 - loadIPPluginJar : add plateformsettings
2024-07-23 13:56:54,274 [INFO] IPUIPlugin:80 - create IPUIPlugin
2024-07-23 13:56:54,274 [INFO] PluginManager:220 - loadIPPluginJar : add quadspi
2024-07-23 13:56:54,275 [INFO] IPUIPlugin:80 - create IPUIPlugin
2024-07-23 13:56:54,275 [INFO] PluginManager:220 - loadIPPluginJar : add resmgrutility
2024-07-23 13:56:54,277 [INFO] IPUIPlugin:80 - create IPUIPlugin
2024-07-23 13:56:54,278 [INFO] PluginManager:220 - loadIPPluginJar : add sai
2024-07-23 13:56:54,279 [INFO] IPUIPlugin:80 - create IPUIPlugin
2024-07-23 13:56:54,279 [INFO] PluginManager:220 - loadIPPluginJar : add spi
2024-07-23 13:56:54,281 [INFO] IPUIPlugin:80 - create IPUIPlugin
2024-07-23 13:56:54,281 [INFO] PluginManager:220 - loadIPPluginJar : add stm32_wpan
2024-07-23 13:56:54,282 [INFO] IPUIPlugin:80 - create IPUIPlugin
2024-07-23 13:56:54,282 [INFO] PluginManager:220 - loadIPPluginJar : add tim
2024-07-23 13:56:54,284 [INFO] IPUIPlugin:80 - create IPUIPlugin
2024-07-23 13:56:54,284 [INFO] PluginManager:220 - loadIPPluginJar : add touchsensing
2024-07-23 13:56:54,286 [INFO] IPUIPlugin:80 - create IPUIPlugin
2024-07-23 13:56:54,286 [INFO] PluginManager:220 - loadIPPluginJar : add tracer_emb
2024-07-23 13:56:54,287 [INFO] IPUIPlugin:80 - create IPUIPlugin
2024-07-23 13:56:54,287 [INFO] PluginManager:220 - loadIPPluginJar : add ts
2024-07-23 13:56:54,288 [INFO] IPUIPlugin:80 - create IPUIPlugin
2024-07-23 13:56:54,288 [INFO] PluginManager:220 - loadIPPluginJar : add tsc
2024-07-23 13:56:54,289 [INFO] IPUIPlugin:80 - create IPUIPlugin
2024-07-23 13:56:54,289 [INFO] PluginManager:220 - loadIPPluginJar : add ucpd
2024-07-23 13:56:54,291 [INFO] IPUIPlugin:80 - create IPUIPlugin
2024-07-23 13:56:54,291 [INFO] PluginManager:220 - loadIPPluginJar : add usart
2024-07-23 13:56:54,292 [INFO] IPUIPlugin:80 - create IPUIPlugin
2024-07-23 13:56:54,293 [INFO] PluginManager:220 - loadIPPluginJar : add usbx
2024-07-23 13:56:54,408 [INFO] CADModel:165 - CPN selected for project level
2024-07-23 13:56:54,408 [INFO] CADModel:114 - Register for checkConnection events
2024-07-23 13:56:54,408 [FATAL] Updater:308 - Updater called before beeing initialized
2024-07-23 13:56:54,408 [ERROR] CADModel:125 - Updater not yet initialized, retry later 
2024-07-23 13:56:54,530 [INFO] CADModel:165 - CPN selected for project level
2024-07-23 13:56:54,530 [INFO] CADModel:114 - Register for checkConnection events
2024-07-23 13:56:54,530 [FATAL] Updater:308 - Updater called before beeing initialized
2024-07-23 13:56:54,530 [ERROR] CADModel:125 - Updater not yet initialized, retry later 
2024-07-23 13:56:54,533 [FATAL] Updater:308 - Updater called before beeing initialized
2024-07-23 13:56:54,615 [FATAL] Updater:308 - Updater called before beeing initialized
2024-07-23 13:56:54,618 [INFO] DbMcusAds:53 - JSON generation date=Thu May 16 02:22:01 PDT 2024 (1715851321109)
2024-07-23 13:56:54,618 [FATAL] Updater:308 - Updater called before beeing initialized
2024-07-23 13:56:54,642 [WARN] DetailPanel:346 - Failed to get advertising image, set to default
2024-07-23 13:56:54,704 [FATAL] Updater:308 - Updater called before beeing initialized
2024-07-23 13:56:54,706 [FATAL] Updater:308 - Updater called before beeing initialized
2024-07-23 13:56:54,706 [FATAL] Updater:308 - Updater called before beeing initialized
2024-07-23 13:56:54,706 [WARN] DetailPanel:346 - Failed to get advertising image, set to default
2024-07-23 13:56:54,706 [FATAL] Updater:308 - Updater called before beeing initialized
2024-07-23 13:56:54,745 [ERROR] Updater:1120 - MainUpdater not yet initialized. External WinMGr cannot be set.
2024-07-23 13:56:54,747 [INFO] Updater:1056 - Updater Version found : 6.11.1
2024-07-23 13:56:54,758 [INFO] ApplicationProperties:184 - Using Application install path: C:\ST\STM32CubeIDE_1.15.1\STM32CubeIDE\plugins\com.st.stm32cube.common.mx_6.11.1.202404110753
2024-07-23 13:56:56,339 [ERROR] LogOutputStream:75 - [STDERR_REDIRECT] Jul 23, 2024 1:56:56 PM java.util.prefs.WindowsPreferences <init>
2024-07-23 13:56:56,339 [ERROR] LogOutputStream:75 - [STDERR_REDIRECT] WARNING: Could not open/create prefs root node Software\JavaSoft\Prefs at root 0xffffffff80000002. Windows RegCreateKeyEx(...) returned error code 5.
2024-07-23 13:56:56,339 [ERROR] LogOutputStream:75 - [STDERR_REDIRECT] 
2024-07-23 13:56:56,610 [INFO] MainUpdater:2873 - connection check result : 10
2024-07-23 13:56:56,610 [INFO] MainUpdater:290 - Updater Check For Update Now.
2024-07-23 13:56:56,610 [INFO] MicroXplorer:498 - Change Database Version : DB.6.0.111
2024-07-23 13:56:56,615 [INFO] McuFinderGlobals:63 - Set McuFinder mode to 2 (CubeIDE integrated)
2024-07-23 13:56:56,618 [INFO] UserAuth:415 - Internet connection configuration mode: 1
2024-07-23 13:56:56,645 [INFO] JxBrowserEngine:152 - Initiate JxBrowser Engine with user profile folder
2024-07-23 13:56:56,803 [INFO] CheckServerUpdateThread:120 - End of CheckServer Thread
2024-07-23 13:56:56,976 [WARN] PackLoader:240 - Cannot read IP mode file for STMicroelectronics.FP-SNS-MOTENVWB1.1.4.0
2024-07-23 13:56:56,985 [WARN] PackLoader:240 - Cannot read IP mode file for STMicroelectronics.X-CUBE-SMBUS.2.1.0
2024-07-23 13:56:56,985 [WARN] PackLoader:240 - Cannot read IP mode file for STMicroelectronics.X-CUBE-TOUCHGFX.4.23.2
2024-07-23 13:56:57,034 [WARN] PackLoader:240 - Cannot read IP mode file for STMicroelectronics.X-CUBE-AZRTOS-F7.1.1.0
2024-07-23 13:56:57,049 [WARN] PackLoader:240 - Cannot read IP mode file for STMicroelectronics.FP-SNS-FLIGHT1.5.0.2
2024-07-23 13:56:57,068 [WARN] PackLoader:240 - Cannot read IP mode file for STMicroelectronics.X-CUBE-DISPLAY.3.0.0
2024-07-23 13:56:57,110 [WARN] PackLoader:240 - Cannot read IP mode file for STMicroelectronics.X-CUBE-BLE1.7.0.0
2024-07-23 13:56:57,122 [WARN] PackLoader:240 - Cannot read IP mode file for emotas.I-CUBE-CANOPEN.1.3.0
2024-07-23 13:56:57,138 [WARN] PackLoader:240 - Cannot read IP mode file for STMicroelectronics.X-CUBE-BLEMGR.3.1.0
2024-07-23 13:56:57,167 [WARN] PackLoader:240 - Cannot read IP mode file for STMicroelectronics.FP-SNS-SMARTAG2.1.2.0
2024-07-23 13:56:57,190 [INFO] LogOutputStream:77 - [STDOUT_REDIRECT] 1 : Invalid condition id : UX_CORESTACK_Condition cause : null
2024-07-23 13:56:57,191 [INFO] LogOutputStream:77 - [STDOUT_REDIRECT] 1 : Invalid condition id : UX_CORESTACK_Condition cause : null
2024-07-23 13:56:57,207 [INFO] LogOutputStream:77 - [STDOUT_REDIRECT] 1 : Invalid condition id : UX_CORESTACK_Condition cause : null
2024-07-23 13:56:57,208 [INFO] LogOutputStream:77 - [STDOUT_REDIRECT] 1 : Invalid condition id : UX_CORESTACK_Condition cause : null
2024-07-23 13:56:57,208 [INFO] LogOutputStream:77 - [STDOUT_REDIRECT] 1 : Invalid condition id : UX_CORESTACK_Condition cause : null
2024-07-23 13:56:57,232 [WARN] PackLoader:240 - Cannot read IP mode file for STMicroelectronics.X-CUBE-AZRTOS-WL.2.0.0
2024-07-23 13:56:57,257 [WARN] PackLoader:240 - Cannot read IP mode file for STMicroelectronics.FP-SNS-MOTENV1.5.0.0
2024-07-23 13:56:57,265 [WARN] PackLoader:240 - Cannot read IP mode file for wolfSSL.I-CUBE-wolfMQTT.1.19.0
2024-07-23 13:56:57,277 [WARN] PackLoader:240 - Cannot read IP mode file for WES.I-CUBE-Cesium.1.3.0
2024-07-23 13:56:57,283 [WARN] PackLoader:240 - Cannot read IP mode file for STMicroelectronics.X-CUBE-BLE2.3.3.0
2024-07-23 13:56:57,290 [WARN] PackLoader:240 - Cannot read IP mode file for STMicroelectronics.X-CUBE-TCPP.4.1.0
2024-07-23 13:56:57,319 [WARN] PackLoader:240 - Cannot read IP mode file for STMicroelectronics.X-CUBE-AZRTOS-G0.1.1.0
2024-07-23 13:56:57,337 [WARN] PackLoader:240 - Cannot read IP mode file for STMicroelectronics.X-CUBE-SAFEA1.1.2.2
2024-07-23 13:56:57,350 [WARN] PackLoader:240 - Cannot read IP mode file for STMicroelectronics.X-CUBE-NFC4.3.0.0
2024-07-23 13:56:57,361 [WARN] PackLoader:240 - Cannot read IP mode file for EmbeddedOffice.I-CUBE-FS-RTOS.1.0.1
2024-07-23 13:56:57,361 [ERROR] ConditionMgr:805 - Attr not supported : Dmpu
2024-07-23 13:56:57,361 [ERROR] ConditionMgr:805 - Attr not supported : Dmpu
2024-07-23 13:56:57,361 [ERROR] ConditionMgr:805 - Attr not supported : Dmpu
2024-07-23 13:56:57,361 [ERROR] ConditionMgr:805 - Attr not supported : Dmpu
2024-07-23 13:56:57,361 [ERROR] ConditionMgr:805 - Attr not supported : Dmpu
2024-07-23 13:56:57,361 [ERROR] ConditionMgr:805 - Attr not supported : Dmpu
2024-07-23 13:56:57,361 [ERROR] ConditionMgr:805 - Attr not supported : Dmpu
2024-07-23 13:56:57,361 [ERROR] ConditionMgr:805 - Attr not supported : Dmpu
2024-07-23 13:56:57,361 [ERROR] ConditionMgr:805 - Attr not supported : Dmpu
2024-07-23 13:56:57,361 [ERROR] ConditionMgr:805 - Attr not supported : Dmpu
2024-07-23 13:56:57,361 [ERROR] ConditionMgr:805 - Attr not supported : Dmpu
2024-07-23 13:56:57,361 [ERROR] ConditionMgr:805 - Attr not supported : Dmpu
2024-07-23 13:56:57,361 [ERROR] ConditionMgr:805 - Attr not supported : Dmpu
2024-07-23 13:56:57,361 [ERROR] ConditionMgr:805 - Attr not supported : Dmpu
2024-07-23 13:56:57,361 [ERROR] ConditionMgr:805 - Attr not supported : Dmpu
2024-07-23 13:56:57,361 [ERROR] ConditionMgr:805 - Attr not supported : Dmpu
2024-07-23 13:56:57,361 [ERROR] ConditionMgr:805 - Attr not supported : Dmpu
2024-07-23 13:56:57,361 [ERROR] ConditionMgr:805 - Attr not supported : Dmpu
2024-07-23 13:56:57,361 [ERROR] ConditionMgr:805 - Attr not supported : Dmpu
2024-07-23 13:56:57,361 [ERROR] ConditionMgr:805 - Attr not supported : Dmpu
2024-07-23 13:56:57,363 [ERROR] ConditionMgr:805 - Attr not supported : Dmpu
2024-07-23 13:56:57,363 [ERROR] ConditionMgr:805 - Attr not supported : Dmpu
2024-07-23 13:56:57,363 [ERROR] ConditionMgr:805 - Attr not supported : Dmpu
2024-07-23 13:56:57,363 [ERROR] ConditionMgr:805 - Attr not supported : Dmpu
2024-07-23 13:56:57,363 [ERROR] ConditionMgr:805 - Attr not supported : Dmpu
2024-07-23 13:56:57,363 [ERROR] ConditionMgr:805 - Attr not supported : Dmpu
2024-07-23 13:56:57,363 [ERROR] ConditionMgr:805 - Attr not supported : Dmpu
2024-07-23 13:56:57,363 [ERROR] ConditionMgr:805 - Attr not supported : Dmpu
2024-07-23 13:56:57,363 [ERROR] ConditionMgr:805 - Attr not supported : Dmpu
2024-07-23 13:56:57,363 [ERROR] ConditionMgr:805 - Attr not supported : Dmpu
2024-07-23 13:56:57,364 [ERROR] ConditionMgr:805 - Attr not supported : Dmpu
2024-07-23 13:56:57,364 [ERROR] ConditionMgr:805 - Attr not supported : Dmpu
2024-07-23 13:56:57,364 [ERROR] ConditionMgr:805 - Attr not supported : Dmpu
2024-07-23 13:56:57,364 [ERROR] ConditionMgr:805 - Attr not supported : Dmpu
2024-07-23 13:56:57,364 [ERROR] ConditionMgr:805 - Attr not supported : Dmpu
2024-07-23 13:56:57,364 [ERROR] ConditionMgr:805 - Attr not supported : Dmpu
2024-07-23 13:56:57,364 [ERROR] ConditionMgr:805 - Attr not supported : Dmpu
2024-07-23 13:56:57,364 [ERROR] ConditionMgr:805 - Attr not supported : Dmpu
2024-07-23 13:56:57,364 [ERROR] ConditionMgr:805 - Attr not supported : Dmpu
2024-07-23 13:56:57,365 [ERROR] ConditionMgr:805 - Attr not supported : Dmpu
2024-07-23 13:56:57,365 [ERROR] ConditionMgr:805 - Attr not supported : Dmpu
2024-07-23 13:56:57,365 [ERROR] ConditionMgr:805 - Attr not supported : Dmpu
2024-07-23 13:56:57,365 [ERROR] ConditionMgr:805 - Attr not supported : Dmpu
2024-07-23 13:56:57,365 [ERROR] ConditionMgr:805 - Attr not supported : Dmpu
2024-07-23 13:56:57,365 [ERROR] ConditionMgr:805 - Attr not supported : Dmpu
2024-07-23 13:56:57,365 [ERROR] ConditionMgr:805 - Attr not supported : Dmpu
2024-07-23 13:56:57,365 [ERROR] ConditionMgr:805 - Attr not supported : Dmpu
2024-07-23 13:56:57,365 [ERROR] ConditionMgr:805 - Attr not supported : Dmpu
2024-07-23 13:56:57,365 [ERROR] ConditionMgr:805 - Attr not supported : Dmpu
2024-07-23 13:56:57,365 [ERROR] ConditionMgr:805 - Attr not supported : Dmpu
2024-07-23 13:56:57,365 [ERROR] ConditionMgr:805 - Attr not supported : Dmpu
2024-07-23 13:56:57,365 [ERROR] ConditionMgr:805 - Attr not supported : Dmpu
2024-07-23 13:56:57,365 [ERROR] ConditionMgr:805 - Attr not supported : Dmpu
2024-07-23 13:56:57,365 [ERROR] ConditionMgr:805 - Attr not supported : Dmpu
2024-07-23 13:56:57,365 [ERROR] ConditionMgr:805 - Attr not supported : Dmpu
2024-07-23 13:56:57,365 [ERROR] ConditionMgr:805 - Attr not supported : Dmpu
2024-07-23 13:56:57,365 [ERROR] ConditionMgr:805 - Attr not supported : Dmpu
2024-07-23 13:56:57,365 [ERROR] ConditionMgr:805 - Attr not supported : Dmpu
2024-07-23 13:56:57,366 [ERROR] ConditionMgr:805 - Attr not supported : Dmpu
2024-07-23 13:56:57,366 [ERROR] ConditionMgr:805 - Attr not supported : Dmpu
2024-07-23 13:56:57,366 [ERROR] ConditionMgr:805 - Attr not supported : Dmpu
2024-07-23 13:56:57,366 [ERROR] ConditionMgr:805 - Attr not supported : Dmpu
2024-07-23 13:56:57,366 [ERROR] ConditionMgr:805 - Attr not supported : Dmpu
2024-07-23 13:56:57,366 [ERROR] ConditionMgr:805 - Attr not supported : Dmpu
2024-07-23 13:56:57,367 [WARN] PackLoader:240 - Cannot read IP mode file for RealThread.X-CUBE-RT-Thread_Nano.4.1.1
2024-07-23 13:56:57,374 [WARN] PackLoader:240 - Cannot read IP mode file for wolfSSL.I-CUBE-wolfSSL.5.7.0
2024-07-23 13:56:57,379 [WARN] PackLoader:240 - Cannot read IP mode file for STMicroelectronics.FP-ATR-SIGFOX1.3.2.0
2024-07-23 13:56:57,386 [WARN] PackLoader:240 - Cannot read IP mode file for STMicroelectronics.X-CUBE-EEPRMA1.5.1.0
2024-07-23 13:56:57,395 [WARN] PackLoader:240 - Cannot read IP mode file for ITTIA_DB.I-CUBE-ITTIADB.8.9.0
2024-07-23 13:56:57,424 [WARN] PackLoader:240 - Cannot read IP mode file for SEGGER.I-CUBE-embOS.1.3.1
2024-07-23 13:56:57,467 [WARN] PackLoader:240 - Cannot read IP mode file for STMicroelectronics.X-CUBE-ALGOBUILD.1.4.0
2024-07-23 13:56:57,476 [WARN] PackLoader:240 - Cannot read IP mode file for STMicroelectronics.X-CUBE-GNSS1.6.0.0
2024-07-23 13:56:57,486 [WARN] PackLoader:240 - Cannot read IP mode file for STMicroelectronics.X-CUBE-AZRTOS-F4.1.1.0
2024-07-23 13:56:57,496 [WARN] PackLoader:240 - Cannot read IP mode file for STMicroelectronics.X-CUBE-FREERTOS.1.2.0
2024-07-23 13:56:57,506 [WARN] PackLoader:240 - Cannot read IP mode file for STMicroelectronics.X-CUBE-AZRTOS-L5.2.0.0
2024-07-23 13:56:57,516 [WARN] PackLoader:240 - Cannot read IP mode file for STMicroelectronics.X-CUBE-NFC6.3.1.0
2024-07-23 13:56:57,516 [WARN] PackLoader:240 - Cannot read IP mode file for STMicroelectronics.X-CUBE-DPower.1.2.0
2024-07-23 13:56:57,526 [WARN] PackLoader:240 - Cannot read IP mode file for STMicroelectronics.X-CUBE-AI.9.0.0
2024-07-23 13:56:57,526 [WARN] PackLoader:240 - Cannot read IP mode file for STMicroelectronics.X-CUBE-NFC7.1.0.1
2024-07-23 13:56:57,536 [WARN] PackLoader:240 - Cannot read IP mode file for wolfSSL.I-CUBE-wolfTPM.3.2.0
2024-07-23 13:56:57,546 [WARN] ConditionMgr:438 - getConditionDescription Invalid condition id : LAN8742 Phy interface Condition cause : null
2024-07-23 13:56:57,546 [WARN] PackLoader:240 - Cannot read IP mode file for STMicroelectronics.X-CUBE-AZRTOS-L4.2.0.0
2024-07-23 13:56:57,546 [WARN] ConditionMgr:1039 - genDependencies : Invalid condition id : LAN8742 Phy interface Condition cause : null
2024-07-23 13:56:57,546 [WARN] ConditionMgr:1039 - genDependencies : Invalid condition id : LAN8742 Phy interface Condition cause : null
2024-07-23 13:56:57,546 [WARN] ConditionMgr:1039 - genDependencies : Invalid condition id : LAN8742 Phy interface Condition cause : null
2024-07-23 13:56:57,556 [WARN] PackLoader:240 - Cannot read IP mode file for STMicroelectronics.X-CUBE-SFXS2LP1.4.0.0
2024-07-23 13:56:57,576 [WARN] ConditionMgr:438 - getConditionDescription Invalid condition id : UX DEVICE CLASS RTOS Condition cause : null
2024-07-23 13:56:57,576 [WARN] ConditionMgr:438 - getConditionDescription Invalid condition id : UX DEVICE CLASS RTOS Condition cause : null
2024-07-23 13:56:57,576 [WARN] PackLoader:240 - Cannot read IP mode file for STMicroelectronics.X-CUBE-AZRTOS-WB.2.0.0
2024-07-23 13:56:57,576 [WARN] ConditionMgr:1039 - genDependencies : Invalid condition id : UX DEVICE CLASS RTOS Condition cause : null
2024-07-23 13:56:57,576 [WARN] ConditionMgr:1039 - genDependencies : Invalid condition id : UX DEVICE CLASS RTOS Condition cause : null
2024-07-23 13:56:57,576 [WARN] ConditionMgr:1039 - genDependencies : Invalid condition id : UX DEVICE CLASS RTOS Condition cause : null
2024-07-23 13:56:57,576 [WARN] ConditionMgr:1039 - genDependencies : Invalid condition id : UX DEVICE CLASS RTOS Condition cause : null
2024-07-23 13:56:57,576 [WARN] ConditionMgr:1039 - genDependencies : Invalid condition id : UX DEVICE CLASS RTOS Condition cause : null
2024-07-23 13:56:57,586 [WARN] PackLoader:240 - Cannot read IP mode file for STMicroelectronics.FP-SNS-STBOX1.2.0.0
2024-07-23 13:56:57,596 [WARN] PackLoader:240 - Cannot read IP mode file for STMicroelectronics.X-CUBE-SUBG2.5.0.0
2024-07-23 13:56:57,606 [WARN] PackLoader:240 - Cannot read IP mode file for Cesanta.I-CUBE-Mongoose.7.13.0
2024-07-23 13:56:57,616 [WARN] PackLoader:240 - Cannot read IP mode file for STMicroelectronics.X-CUBE-AZRTOS-G4.2.0.0
2024-07-23 13:56:57,626 [WARN] PackLoader:240 - Cannot read IP mode file for STMicroelectronics.X-CUBE-ISPU.2.0.0
2024-07-23 13:56:57,626 [WARN] PackLoader:240 - Cannot read IP mode file for STMicroelectronics.X-CUBE-ALS.1.0.2
2024-07-23 13:56:57,809 [WARN] PackLoader:240 - Cannot read IP mode file for STMicroelectronics.X-CUBE-MEMS1.10.0.0
2024-07-23 13:56:57,929 [WARN] PackLoader:240 - Cannot read IP mode file for STMicroelectronics.X-CUBE-TOUCHGFX.4.24.0
2024-07-23 13:56:57,931 [WARN] PackLoader:240 - Cannot read IP mode file for portGmbH.I-Cube-SoM-uGOAL.1.1.0
2024-07-23 13:56:57,956 [WARN] PackLoader:240 - Cannot read IP mode file for STMicroelectronics.X-CUBE-AZRTOS-H7RS.1.0.0
2024-07-23 13:56:57,959 [WARN] PackLoader:240 - Cannot read IP mode file for STMicroelectronics.FP-ATR-ASTRA1.2.0.0
2024-07-23 13:56:57,972 [WARN] PackLoader:240 - Cannot read IP mode file for STMicroelectronics.X-CUBE-TOF1.3.4.1
2024-07-23 13:56:57,992 [INFO] WebApp:161 - Instantiating new browser for Auth
2024-07-23 13:56:58,000 [WARN] PackLoader:240 - Cannot read IP mode file for STMicroelectronics.X-CUBE-AZRTOS-H7.3.2.0
2024-07-23 13:56:58,027 [WARN] PackLoader:240 - Cannot read IP mode file for Infineon.AIROC-Wi-Fi-Bluetooth-STM32.1.6.0
2024-07-23 13:56:58,044 [WARN] PackLoader:240 - Cannot read IP mode file for wolfSSL.I-CUBE-wolfSSH.1.4.17
2024-07-23 13:56:58,044 [INFO] ThirdParty:978 - Integrity check success = true
2024-07-23 13:56:58,044 [INFO] IntegrityCheckThread:100 - exiting critical section [integrity check]
2024-07-23 13:56:58,044 [INFO] IntegrityCheckThread:103 - End integrity checks thread
2024-07-23 13:56:58,783 [INFO] WebApp:779 - Register for checkConnection events
2024-07-23 13:56:58,783 [INFO] WebApp:414 - Apply proxy settings
2024-07-23 13:56:58,783 [INFO] WebApp:499 - Chromium requires no authentication
2024-07-23 13:56:58,789 [INFO] WebApp:442 - Direct internet connection detected
2024-07-23 13:56:58,988 [INFO] WebApp:192 - Starting web application
2024-07-23 13:56:58,988 [INFO] WebApp:544 - Web application path used C:\ST\STM32CubeIDE_1.15.1\STM32CubeIDE\plugins\com.st.stm32cube.common.mx_6.11.1.202404110753\db\plugins\mcufinder\reactClient1\index.html
2024-07-23 17:00:10,427 [ERROR] LogOutputStream:75 - [STDERR_REDIRECT] 
