2024-07-24 09:04:01,563 [INFO] Activator:176 - 


2024-07-24 09:04:01,567 [INFO] Activator:177 - !SESSION log4j initialized
2024-07-24 09:04:06,690 [INFO] LogOutputStream:77 - [STDOUT_REDIRECT] 
2024-07-24 09:04:08,027 [INFO] ApplicationProperties:184 - Using Application install path: C:\ST\STM32CubeIDE_1.15.1\STM32CubeIDE\plugins\com.st.stm32cube.common.mx_6.11.1.202404110753
2024-07-24 09:04:08,044 [INFO] DbMcusXml:78 - Set database path to: C:\ST\STM32CubeIDE_1.15.1\STM32CubeIDE\plugins\com.st.stm32cube.common.mx_6.11.1.202404110753\\db\/mcu/
2024-07-24 09:04:08,044 [INFO] ApiDb:274 - Set plugin database path to: C:\ST\STM32CubeIDE_1.15.1\STM32CubeIDE\plugins\com.st.stm32cube.common.mx_6.11.1.202404110753\\db\/plugins/boardmanager/
2024-07-24 09:04:08,045 [WARN] ApiDb:259 - Overriding images path with different value:  => C:\ST\STM32CubeIDE_1.15.1\STM32CubeIDE\plugins\com.st.stm32cube.common.mx_6.11.1.202404110753\\db\/plugins/mcufinder/images/
2024-07-24 09:04:08,053 [INFO] ApiDb:250 - Set database path to: C:\Users\casim\.stmcufinder\plugins\mcufinder//mcu/
2024-07-24 09:04:08,054 [INFO] DbMcusAds:125 - Set database path to: C:\Users\casim\.stmcufinder\plugins\mcufinder//mcu/
2024-07-24 09:04:08,055 [INFO] CrossReferenceDbSqlite:203 - Set database path to: C:\Users\casim\.stmcufinder\plugins\mcufinder//mcu/cs/
2024-07-24 09:04:08,152 [INFO] RulesReader:64 - Compatibility file has been processed (297 Rules)
2024-07-24 09:04:08,215 [INFO] DbMcusXml:78 - Set database path to: C:\ST\STM32CubeIDE_1.15.1\STM32CubeIDE\plugins\com.st.stm32cube.common.mx_6.11.1.202404110753\\db\/mcu/
2024-07-24 09:04:08,215 [INFO] ApiDb:274 - Set plugin database path to: C:\ST\STM32CubeIDE_1.15.1\STM32CubeIDE\plugins\com.st.stm32cube.common.mx_6.11.1.202404110753\\db\/plugins/boardmanager/
2024-07-24 09:04:08,215 [INFO] ApiDb:261 - Set plugin images path to: C:\ST\STM32CubeIDE_1.15.1\STM32CubeIDE\plugins\com.st.stm32cube.common.mx_6.11.1.202404110753\\db\/plugins/mcufinder/images/
2024-07-24 09:04:08,216 [WARN] DbFile:41 - Overriding database path with different value: C:\Users\casim\.stmcufinder\plugins\mcufinder/ => C:\Users\casim\.stmcufinder\plugins\mcufinder
2024-07-24 09:04:08,216 [INFO] ApiDb:250 - Set database path to: C:\Users\casim\.stmcufinder\plugins\mcufinder//mcu/
2024-07-24 09:04:08,216 [WARN] DbFile:41 - Overriding database path with different value: C:\Users\casim\.stmcufinder\plugins\mcufinder/ => C:\Users\casim\.stmcufinder\plugins\mcufinder
2024-07-24 09:04:08,216 [INFO] DbMcusAds:125 - Set database path to: C:\Users\casim\.stmcufinder\plugins\mcufinder//mcu/
2024-07-24 09:04:08,216 [WARN] DbFile:41 - Overriding database path with different value: C:\Users\casim\.stmcufinder\plugins\mcufinder/ => C:\Users\casim\.stmcufinder\plugins\mcufinder
2024-07-24 09:04:08,216 [WARN] DbFile:41 - Overriding database path with different value: C:\Users\casim\.stmcufinder\plugins\mcufinder/ => C:\Users\casim\.stmcufinder\plugins\mcufinder
2024-07-24 09:04:08,216 [INFO] CrossReferenceDbSqlite:203 - Set database path to: C:\Users\casim\.stmcufinder\plugins\mcufinder//mcu/cs/
2024-07-24 09:04:08,288 [INFO] MainPanel:264 - HeapMemory: 268435456
2024-07-24 09:04:08,355 [INFO] DbMcusXml:78 - Set database path to: C:\ST\STM32CubeIDE_1.15.1\STM32CubeIDE\plugins\com.st.stm32cube.common.mx_6.11.1.202404110753\\db\/mcu/
2024-07-24 09:04:08,355 [INFO] ApiDb:274 - Set plugin database path to: C:\ST\STM32CubeIDE_1.15.1\STM32CubeIDE\plugins\com.st.stm32cube.common.mx_6.11.1.202404110753\\db\/plugins/boardmanager/
2024-07-24 09:04:08,355 [INFO] ApiDb:261 - Set plugin images path to: C:\ST\STM32CubeIDE_1.15.1\STM32CubeIDE\plugins\com.st.stm32cube.common.mx_6.11.1.202404110753\\db\/plugins/mcufinder/images/
2024-07-24 09:04:08,355 [WARN] DbFile:41 - Overriding database path with different value: C:\Users\casim\.stmcufinder\plugins\mcufinder/ => C:\Users\casim\.stmcufinder\plugins\mcufinder
2024-07-24 09:04:08,355 [INFO] ApiDb:250 - Set database path to: C:\Users\casim\.stmcufinder\plugins\mcufinder//mcu/
2024-07-24 09:04:08,355 [WARN] DbFile:41 - Overriding database path with different value: C:\Users\casim\.stmcufinder\plugins\mcufinder/ => C:\Users\casim\.stmcufinder\plugins\mcufinder
2024-07-24 09:04:08,355 [INFO] DbMcusAds:125 - Set database path to: C:\Users\casim\.stmcufinder\plugins\mcufinder//mcu/
2024-07-24 09:04:08,355 [WARN] DbFile:41 - Overriding database path with different value: C:\Users\casim\.stmcufinder\plugins\mcufinder/ => C:\Users\casim\.stmcufinder\plugins\mcufinder
2024-07-24 09:04:08,356 [WARN] DbFile:41 - Overriding database path with different value: C:\Users\casim\.stmcufinder\plugins\mcufinder/ => C:\Users\casim\.stmcufinder\plugins\mcufinder
2024-07-24 09:04:08,356 [INFO] CrossReferenceDbSqlite:203 - Set database path to: C:\Users\casim\.stmcufinder\plugins\mcufinder//mcu/cs/
2024-07-24 09:04:08,370 [INFO] ApplicationProperties:184 - Using Application install path: C:\ST\STM32CubeIDE_1.15.1\STM32CubeIDE\plugins\com.st.stm32cube.common.mx_6.11.1.202404110753
2024-07-24 09:04:08,371 [INFO] PluginManage:196 - Search for loadable plugins [exclusion list=, ]
2024-07-24 09:04:08,372 [INFO] PluginManage:310 - Check plugin analytics
2024-07-24 09:04:08,508 [INFO] AnalyticsPlugin:253 - Accepted Software Licenses: 
2024-07-24 09:04:08,508 [INFO] AnalyticsPlugin:255 - Accepted CMSIS Pack Licenses: 
2024-07-24 09:04:08,508 [INFO] AnalyticsPlugin:257 - Accepted Firmware Licenses: FW.H7.1.11.0
2024-07-24 09:04:08,511 [INFO] PluginManage:359 - Loaded plugin analytics (category:tool,tabindex:-1)
2024-07-24 09:04:08,511 [INFO] PluginManage:310 - Check plugin cadmodel
2024-07-24 09:04:08,523 [INFO] CADModel:105 - Init CAD model plugin
2024-07-24 09:04:08,524 [INFO] PluginManage:359 - Loaded plugin cadmodel (category:power,tabindex:5)
2024-07-24 09:04:08,524 [INFO] PluginManage:310 - Check plugin clock
2024-07-24 09:04:08,533 [INFO] PluginManage:359 - Loaded plugin clock (category:base,tabindex:2)
2024-07-24 09:04:08,533 [INFO] PluginManage:310 - Check plugin ddr
2024-07-24 09:04:08,535 [INFO] PluginManage:359 - Loaded plugin ddr (category:tool,tabindex:6)
2024-07-24 09:04:08,535 [INFO] PluginManage:310 - Check plugin filemanager
2024-07-24 09:04:08,649 [INFO] PluginManage:359 - Loaded plugin filemanager (category:base,tabindex:10)
2024-07-24 09:04:08,649 [INFO] PluginManage:310 - Check plugin ipmanager
2024-07-24 09:04:08,654 [INFO] PluginManage:359 - Loaded plugin ipmanager (category:base,tabindex:5)
2024-07-24 09:04:08,654 [INFO] PluginManage:310 - Check plugin lpbam
2024-07-24 09:04:08,660 [INFO] PluginManage:359 - Loaded plugin lpbam (category:base,tabindex:0)
2024-07-24 09:04:08,662 [INFO] PluginManage:310 - Check plugin memorymap
2024-07-24 09:04:08,675 [INFO] PluginManage:359 - Loaded plugin memorymap (category:base,tabindex:4)
2024-07-24 09:04:08,675 [INFO] PluginManage:310 - Check plugin pinoutandconfiguration
2024-07-24 09:04:08,681 [INFO] PluginManage:359 - Loaded plugin pinoutandconfiguration (category:base,tabindex:1)
2024-07-24 09:04:08,681 [INFO] PluginManage:310 - Check plugin pinoutconfig
2024-07-24 09:04:08,744 [WARN] SupportedApi:132 - Cannot load RTOS API schema: s4s-elt-must-match.1: The content of 'definitions' must match (annotation?, (simpleType | complexType)?, (unique | key | keyref)*)). A problem was found starting at: attribute.
2024-07-24 09:04:08,849 [INFO] PluginManage:359 - Loaded plugin pinoutconfig (category:base,tabindex:0)
2024-07-24 09:04:08,849 [INFO] PluginManage:310 - Check plugin power
2024-07-24 09:04:08,856 [INFO] PluginManage:359 - Loaded plugin power (category:power,tabindex:4)
2024-07-24 09:04:08,856 [INFO] PluginManage:310 - Check plugin projectmanager
2024-07-24 09:04:08,871 [INFO] PluginManage:359 - Loaded plugin projectmanager (category:projectmanager,tabindex:3)
2024-07-24 09:04:08,871 [INFO] PluginManage:310 - Check plugin thirdparty
2024-07-24 09:04:08,982 [INFO] PluginManage:359 - Loaded plugin thirdparty (category:base,tabindex:-1)
2024-07-24 09:04:08,982 [INFO] PluginManage:310 - Check plugin tools
2024-07-24 09:04:08,982 [WARN] IntegrityCheckThread:84 - waiting for thirdparty lock release [integrity check]
2024-07-24 09:04:08,983 [INFO] IntegrityCheckThread:86 - entering critical section [integrity check]
2024-07-24 09:04:08,983 [INFO] ThirdPartyUpdaterWithRetryManager:70 - Updater plugin not ready yet. [1/15]
2024-07-24 09:04:08,984 [INFO] PluginManage:359 - Loaded plugin tools (category:base,tabindex:7)
2024-07-24 09:04:08,984 [INFO] PluginManage:310 - Check plugin tutovideos
2024-07-24 09:04:09,125 [INFO] PluginManage:359 - Loaded plugin tutovideos (category:base,tabindex:-1)
2024-07-24 09:04:09,125 [INFO] PluginManage:310 - Check plugin updater
2024-07-24 09:04:09,135 [INFO] PluginManage:359 - Loaded plugin updater (category:base,tabindex:12)
2024-07-24 09:04:09,135 [INFO] PluginManage:310 - Check plugin userauth
2024-07-24 09:04:09,139 [INFO] UserAuth:114 - Init User Auth plugin
2024-07-24 09:04:09,139 [INFO] PluginManage:359 - Loaded plugin userauth (category:base,tabindex:14)
2024-07-24 09:04:09,140 [INFO] PluginManage:283 - PluginManage : Loaded plugins [17]
2024-07-24 09:04:09,314 [INFO] PinOutPanel:1561 - setPackage(No Configuration,No Configuration)
2024-07-24 09:04:09,376 [INFO] CADModel:165 - CPN selected for project level
2024-07-24 09:04:09,376 [INFO] CADModel:114 - Register for checkConnection events
2024-07-24 09:04:09,389 [INFO] IPUIPlugin:80 - create IPUIPlugin
2024-07-24 09:04:09,389 [INFO] PluginManager:220 - loadIPPluginJar : add adc
2024-07-24 09:04:09,391 [INFO] IPUIPlugin:80 - create IPUIPlugin
2024-07-24 09:04:09,392 [INFO] PluginManager:220 - loadIPPluginJar : add aes
2024-07-24 09:04:09,394 [INFO] IPUIPlugin:80 - create IPUIPlugin
2024-07-24 09:04:09,394 [INFO] PluginManager:220 - loadIPPluginJar : add can
2024-07-24 09:04:09,395 [INFO] IPUIPlugin:80 - create IPUIPlugin
2024-07-24 09:04:09,395 [INFO] PluginManager:220 - loadIPPluginJar : add comp
2024-07-24 09:04:09,397 [INFO] IPUIPlugin:80 - create IPUIPlugin
2024-07-24 09:04:09,397 [INFO] PluginManager:220 - loadIPPluginJar : add cryp
2024-07-24 09:04:09,399 [INFO] IPUIPlugin:80 - create IPUIPlugin
2024-07-24 09:04:09,399 [INFO] PluginManager:220 - loadIPPluginJar : add dfsdm
2024-07-24 09:04:09,403 [INFO] IPUIPlugin:80 - create IPUIPlugin
2024-07-24 09:04:09,404 [INFO] PluginManager:220 - loadIPPluginJar : add dma
2024-07-24 09:04:09,405 [INFO] IPUIPlugin:80 - create IPUIPlugin
2024-07-24 09:04:09,405 [INFO] PluginManager:220 - loadIPPluginJar : add dma3
2024-07-24 09:04:09,407 [INFO] IPUIPlugin:80 - create IPUIPlugin
2024-07-24 09:04:09,407 [INFO] PluginManager:220 - loadIPPluginJar : add extmemmanager
2024-07-24 09:04:09,409 [INFO] IPUIPlugin:80 - create IPUIPlugin
2024-07-24 09:04:09,409 [INFO] PluginManager:220 - loadIPPluginJar : add fatfs
2024-07-24 09:04:09,412 [INFO] IPUIPlugin:80 - create IPUIPlugin
2024-07-24 09:04:09,412 [INFO] PluginManager:220 - loadIPPluginJar : add fmc
2024-07-24 09:04:09,418 [INFO] IPUIPlugin:80 - create IPUIPlugin
2024-07-24 09:04:09,418 [INFO] PluginManager:220 - loadIPPluginJar : add freertos
2024-07-24 09:04:09,420 [INFO] IPUIPlugin:80 - create IPUIPlugin
2024-07-24 09:04:09,420 [INFO] PluginManager:220 - loadIPPluginJar : add genericplugin
2024-07-24 09:04:09,421 [INFO] IPUIPlugin:80 - create IPUIPlugin
2024-07-24 09:04:09,421 [INFO] PluginManager:220 - loadIPPluginJar : add gfxmmu
2024-07-24 09:04:09,425 [INFO] IPUIPlugin:80 - create IPUIPlugin
2024-07-24 09:04:09,425 [INFO] PluginManager:220 - loadIPPluginJar : add gic
2024-07-24 09:04:09,428 [INFO] IPUIPlugin:80 - create IPUIPlugin
2024-07-24 09:04:09,428 [INFO] PluginManager:220 - loadIPPluginJar : add gpio
2024-07-24 09:04:09,430 [INFO] IPUIPlugin:80 - create IPUIPlugin
2024-07-24 09:04:09,430 [INFO] PluginManager:220 - loadIPPluginJar : add gtzc
2024-07-24 09:04:09,432 [INFO] IPUIPlugin:80 - create IPUIPlugin
2024-07-24 09:04:09,432 [INFO] PluginManager:220 - loadIPPluginJar : add hash
2024-07-24 09:04:09,434 [INFO] IPUIPlugin:80 - create IPUIPlugin
2024-07-24 09:04:09,434 [INFO] PluginManager:220 - loadIPPluginJar : add i2c
2024-07-24 09:04:09,435 [INFO] IPUIPlugin:80 - create IPUIPlugin
2024-07-24 09:04:09,436 [INFO] PluginManager:220 - loadIPPluginJar : add i2s
2024-07-24 09:04:09,438 [INFO] IPUIPlugin:80 - create IPUIPlugin
2024-07-24 09:04:09,438 [INFO] PluginManager:220 - loadIPPluginJar : add i3c
2024-07-24 09:04:09,440 [INFO] IPUIPlugin:80 - create IPUIPlugin
2024-07-24 09:04:09,440 [INFO] PluginManager:220 - loadIPPluginJar : add ipddr
2024-07-24 09:04:09,445 [INFO] IPUIPlugin:80 - create IPUIPlugin
2024-07-24 09:04:09,445 [INFO] PluginManager:220 - loadIPPluginJar : add linkedlist
2024-07-24 09:04:09,448 [INFO] IPUIPlugin:80 - create IPUIPlugin
2024-07-24 09:04:09,448 [INFO] PluginManager:220 - loadIPPluginJar : add lorawan
2024-07-24 09:04:09,450 [INFO] IPUIPlugin:80 - create IPUIPlugin
2024-07-24 09:04:09,450 [INFO] PluginManager:220 - loadIPPluginJar : add ltdc
2024-07-24 09:04:09,455 [INFO] IPUIPlugin:80 - create IPUIPlugin
2024-07-24 09:04:09,455 [INFO] PluginManager:220 - loadIPPluginJar : add mdma
2024-07-24 09:04:09,457 [INFO] IPUIPlugin:80 - create IPUIPlugin
2024-07-24 09:04:09,457 [INFO] PluginManager:220 - loadIPPluginJar : add nvic
2024-07-24 09:04:09,459 [INFO] IPUIPlugin:80 - create IPUIPlugin
2024-07-24 09:04:09,459 [INFO] PluginManager:220 - loadIPPluginJar : add opamp
2024-07-24 09:04:09,462 [INFO] IPUIPlugin:80 - create IPUIPlugin
2024-07-24 09:04:09,462 [INFO] PluginManager:220 - loadIPPluginJar : add openamp
2024-07-24 09:04:09,464 [INFO] IPUIPlugin:80 - create IPUIPlugin
2024-07-24 09:04:09,464 [INFO] PluginManager:220 - loadIPPluginJar : add pdm2pcm
2024-07-24 09:04:09,468 [INFO] IPUIPlugin:80 - create IPUIPlugin
2024-07-24 09:04:09,470 [INFO] PluginManager:220 - loadIPPluginJar : add plateformsettings
2024-07-24 09:04:09,471 [INFO] IPUIPlugin:80 - create IPUIPlugin
2024-07-24 09:04:09,471 [INFO] PluginManager:220 - loadIPPluginJar : add quadspi
2024-07-24 09:04:09,474 [INFO] IPUIPlugin:80 - create IPUIPlugin
2024-07-24 09:04:09,474 [INFO] PluginManager:220 - loadIPPluginJar : add resmgrutility
2024-07-24 09:04:09,476 [INFO] IPUIPlugin:80 - create IPUIPlugin
2024-07-24 09:04:09,476 [INFO] PluginManager:220 - loadIPPluginJar : add sai
2024-07-24 09:04:09,477 [INFO] IPUIPlugin:80 - create IPUIPlugin
2024-07-24 09:04:09,477 [INFO] PluginManager:220 - loadIPPluginJar : add spi
2024-07-24 09:04:09,481 [INFO] IPUIPlugin:80 - create IPUIPlugin
2024-07-24 09:04:09,481 [INFO] PluginManager:220 - loadIPPluginJar : add stm32_wpan
2024-07-24 09:04:09,482 [INFO] IPUIPlugin:80 - create IPUIPlugin
2024-07-24 09:04:09,482 [INFO] PluginManager:220 - loadIPPluginJar : add tim
2024-07-24 09:04:09,484 [INFO] IPUIPlugin:80 - create IPUIPlugin
2024-07-24 09:04:09,484 [INFO] PluginManager:220 - loadIPPluginJar : add touchsensing
2024-07-24 09:04:09,486 [INFO] IPUIPlugin:80 - create IPUIPlugin
2024-07-24 09:04:09,486 [INFO] PluginManager:220 - loadIPPluginJar : add tracer_emb
2024-07-24 09:04:09,487 [INFO] IPUIPlugin:80 - create IPUIPlugin
2024-07-24 09:04:09,487 [INFO] PluginManager:220 - loadIPPluginJar : add ts
2024-07-24 09:04:09,489 [INFO] IPUIPlugin:80 - create IPUIPlugin
2024-07-24 09:04:09,489 [INFO] PluginManager:220 - loadIPPluginJar : add tsc
2024-07-24 09:04:09,490 [INFO] IPUIPlugin:80 - create IPUIPlugin
2024-07-24 09:04:09,490 [INFO] PluginManager:220 - loadIPPluginJar : add ucpd
2024-07-24 09:04:09,492 [INFO] IPUIPlugin:80 - create IPUIPlugin
2024-07-24 09:04:09,492 [INFO] PluginManager:220 - loadIPPluginJar : add usart
2024-07-24 09:04:09,494 [INFO] IPUIPlugin:80 - create IPUIPlugin
2024-07-24 09:04:09,494 [INFO] PluginManager:220 - loadIPPluginJar : add usbx
2024-07-24 09:04:09,607 [INFO] CADModel:165 - CPN selected for project level
2024-07-24 09:04:09,607 [INFO] CADModel:114 - Register for checkConnection events
2024-07-24 09:04:09,607 [FATAL] Updater:308 - Updater called before beeing initialized
2024-07-24 09:04:09,607 [ERROR] CADModel:125 - Updater not yet initialized, retry later 
2024-07-24 09:04:09,764 [INFO] CADModel:165 - CPN selected for project level
2024-07-24 09:04:09,765 [INFO] CADModel:114 - Register for checkConnection events
2024-07-24 09:04:09,765 [FATAL] Updater:308 - Updater called before beeing initialized
2024-07-24 09:04:09,765 [ERROR] CADModel:125 - Updater not yet initialized, retry later 
2024-07-24 09:04:09,768 [FATAL] Updater:308 - Updater called before beeing initialized
2024-07-24 09:04:09,856 [FATAL] Updater:308 - Updater called before beeing initialized
2024-07-24 09:04:09,859 [INFO] DbMcusAds:53 - JSON generation date=Thu May 16 02:22:01 PDT 2024 (1715851321109)
2024-07-24 09:04:09,859 [FATAL] Updater:308 - Updater called before beeing initialized
2024-07-24 09:04:09,890 [WARN] DetailPanel:346 - Failed to get advertising image, set to default
2024-07-24 09:04:09,951 [FATAL] Updater:308 - Updater called before beeing initialized
2024-07-24 09:04:09,953 [FATAL] Updater:308 - Updater called before beeing initialized
2024-07-24 09:04:09,953 [FATAL] Updater:308 - Updater called before beeing initialized
2024-07-24 09:04:09,953 [WARN] DetailPanel:346 - Failed to get advertising image, set to default
2024-07-24 09:04:09,954 [FATAL] Updater:308 - Updater called before beeing initialized
2024-07-24 09:04:09,991 [ERROR] Updater:1120 - MainUpdater not yet initialized. External WinMGr cannot be set.
2024-07-24 09:04:09,993 [INFO] Updater:1056 - Updater Version found : 6.11.1
2024-07-24 09:04:10,006 [INFO] ApplicationProperties:184 - Using Application install path: C:\ST\STM32CubeIDE_1.15.1\STM32CubeIDE\plugins\com.st.stm32cube.common.mx_6.11.1.202404110753
2024-07-24 09:04:11,581 [ERROR] LogOutputStream:75 - [STDERR_REDIRECT] Jul 24, 2024 9:04:11 AM java.util.prefs.WindowsPreferences <init>
2024-07-24 09:04:11,583 [ERROR] LogOutputStream:75 - [STDERR_REDIRECT] WARNING: Could not open/create prefs root node Software\JavaSoft\Prefs at root 0xffffffff80000002. Windows RegCreateKeyEx(...) returned error code 5.
2024-07-24 09:04:11,583 [ERROR] LogOutputStream:75 - [STDERR_REDIRECT] 
2024-07-24 09:04:11,858 [INFO] MainUpdater:2873 - connection check result : 10
2024-07-24 09:04:11,859 [INFO] MainUpdater:290 - Updater Check For Update Now.
2024-07-24 09:04:11,859 [INFO] MicroXplorer:498 - Change Database Version : DB.6.0.111
2024-07-24 09:04:11,862 [INFO] McuFinderGlobals:63 - Set McuFinder mode to 2 (CubeIDE integrated)
2024-07-24 09:04:11,867 [INFO] UserAuth:415 - Internet connection configuration mode: 1
2024-07-24 09:04:11,892 [INFO] JxBrowserEngine:152 - Initiate JxBrowser Engine with user profile folder
2024-07-24 09:04:11,984 [WARN] MainUpdater:1194 - Updater busy. Cannot search thirdparties
2024-07-24 09:04:11,984 [INFO] ThirdPartyUpdaterWithRetryManager:96 - Updater plugin is busy. [1/15]
2024-07-24 09:04:12,036 [INFO] CheckServerUpdateThread:120 - End of CheckServer Thread
2024-07-24 09:04:12,491 [INFO] WebApp:161 - Instantiating new browser for Auth
2024-07-24 09:04:12,993 [INFO] WebApp:779 - Register for checkConnection events
2024-07-24 09:04:12,993 [INFO] WebApp:414 - Apply proxy settings
2024-07-24 09:04:12,993 [INFO] WebApp:499 - Chromium requires no authentication
2024-07-24 09:04:13,001 [INFO] WebApp:442 - Direct internet connection detected
2024-07-24 09:04:13,128 [INFO] WebApp:192 - Starting web application
2024-07-24 09:04:13,129 [INFO] WebApp:544 - Web application path used C:\ST\STM32CubeIDE_1.15.1\STM32CubeIDE\plugins\com.st.stm32cube.common.mx_6.11.1.202404110753\db\plugins\mcufinder\reactClient1\index.html
2024-07-24 09:04:15,206 [WARN] PackLoader:240 - Cannot read IP mode file for STMicroelectronics.FP-SNS-MOTENVWB1.1.4.0
2024-07-24 09:04:15,215 [WARN] PackLoader:240 - Cannot read IP mode file for STMicroelectronics.X-CUBE-SMBUS.2.1.0
2024-07-24 09:04:15,221 [WARN] PackLoader:240 - Cannot read IP mode file for STMicroelectronics.X-CUBE-TOUCHGFX.4.23.2
2024-07-24 09:04:15,259 [WARN] PackLoader:240 - Cannot read IP mode file for STMicroelectronics.X-CUBE-AZRTOS-F7.1.1.0
2024-07-24 09:04:15,273 [WARN] PackLoader:240 - Cannot read IP mode file for STMicroelectronics.FP-SNS-FLIGHT1.5.0.2
2024-07-24 09:04:15,289 [WARN] PackLoader:240 - Cannot read IP mode file for STMicroelectronics.X-CUBE-DISPLAY.3.0.0
2024-07-24 09:04:15,322 [WARN] PackLoader:240 - Cannot read IP mode file for STMicroelectronics.X-CUBE-BLE1.7.0.0
2024-07-24 09:04:15,331 [WARN] PackLoader:240 - Cannot read IP mode file for emotas.I-CUBE-CANOPEN.1.3.0
2024-07-24 09:04:15,358 [WARN] PackLoader:240 - Cannot read IP mode file for STMicroelectronics.X-CUBE-BLEMGR.3.1.0
2024-07-24 09:04:15,377 [WARN] PackLoader:240 - Cannot read IP mode file for STMicroelectronics.FP-SNS-SMARTAG2.1.2.0
2024-07-24 09:04:15,437 [INFO] LogOutputStream:77 - [STDOUT_REDIRECT] 1 : Invalid condition id : UX_CORESTACK_Condition cause : null
2024-07-24 09:04:15,439 [INFO] LogOutputStream:77 - [STDOUT_REDIRECT] 1 : Invalid condition id : UX_CORESTACK_Condition cause : null
2024-07-24 09:04:15,440 [INFO] LogOutputStream:77 - [STDOUT_REDIRECT] 1 : Invalid condition id : UX_CORESTACK_Condition cause : null
2024-07-24 09:04:15,441 [INFO] LogOutputStream:77 - [STDOUT_REDIRECT] 1 : Invalid condition id : UX_CORESTACK_Condition cause : null
2024-07-24 09:04:15,443 [INFO] LogOutputStream:77 - [STDOUT_REDIRECT] 1 : Invalid condition id : UX_CORESTACK_Condition cause : null
2024-07-24 09:04:15,448 [WARN] PackLoader:240 - Cannot read IP mode file for STMicroelectronics.X-CUBE-AZRTOS-WL.2.0.0
2024-07-24 09:04:15,459 [WARN] PackLoader:240 - Cannot read IP mode file for STMicroelectronics.FP-SNS-MOTENV1.5.0.0
2024-07-24 09:04:15,468 [WARN] PackLoader:240 - Cannot read IP mode file for wolfSSL.I-CUBE-wolfMQTT.1.19.0
2024-07-24 09:04:15,481 [WARN] PackLoader:240 - Cannot read IP mode file for WES.I-CUBE-Cesium.1.3.0
2024-07-24 09:04:15,488 [WARN] PackLoader:240 - Cannot read IP mode file for STMicroelectronics.X-CUBE-BLE2.3.3.0
2024-07-24 09:04:15,496 [WARN] PackLoader:240 - Cannot read IP mode file for STMicroelectronics.X-CUBE-TCPP.4.1.0
2024-07-24 09:04:15,522 [WARN] PackLoader:240 - Cannot read IP mode file for STMicroelectronics.X-CUBE-AZRTOS-G0.1.1.0
2024-07-24 09:04:15,538 [WARN] PackLoader:240 - Cannot read IP mode file for STMicroelectronics.X-CUBE-SAFEA1.1.2.2
2024-07-24 09:04:15,545 [WARN] PackLoader:240 - Cannot read IP mode file for STMicroelectronics.X-CUBE-NFC4.3.0.0
2024-07-24 09:04:15,561 [WARN] PackLoader:240 - Cannot read IP mode file for EmbeddedOffice.I-CUBE-FS-RTOS.1.0.1
2024-07-24 09:04:15,561 [ERROR] ConditionMgr:805 - Attr not supported : Dmpu
2024-07-24 09:04:15,561 [ERROR] ConditionMgr:805 - Attr not supported : Dmpu
2024-07-24 09:04:15,562 [ERROR] ConditionMgr:805 - Attr not supported : Dmpu
2024-07-24 09:04:15,562 [ERROR] ConditionMgr:805 - Attr not supported : Dmpu
2024-07-24 09:04:15,562 [ERROR] ConditionMgr:805 - Attr not supported : Dmpu
2024-07-24 09:04:15,563 [ERROR] ConditionMgr:805 - Attr not supported : Dmpu
2024-07-24 09:04:15,563 [ERROR] ConditionMgr:805 - Attr not supported : Dmpu
2024-07-24 09:04:15,563 [ERROR] ConditionMgr:805 - Attr not supported : Dmpu
2024-07-24 09:04:15,563 [ERROR] ConditionMgr:805 - Attr not supported : Dmpu
2024-07-24 09:04:15,563 [ERROR] ConditionMgr:805 - Attr not supported : Dmpu
2024-07-24 09:04:15,563 [ERROR] ConditionMgr:805 - Attr not supported : Dmpu
2024-07-24 09:04:15,564 [ERROR] ConditionMgr:805 - Attr not supported : Dmpu
2024-07-24 09:04:15,564 [ERROR] ConditionMgr:805 - Attr not supported : Dmpu
2024-07-24 09:04:15,564 [ERROR] ConditionMgr:805 - Attr not supported : Dmpu
2024-07-24 09:04:15,564 [ERROR] ConditionMgr:805 - Attr not supported : Dmpu
2024-07-24 09:04:15,564 [ERROR] ConditionMgr:805 - Attr not supported : Dmpu
2024-07-24 09:04:15,564 [ERROR] ConditionMgr:805 - Attr not supported : Dmpu
2024-07-24 09:04:15,564 [ERROR] ConditionMgr:805 - Attr not supported : Dmpu
2024-07-24 09:04:15,565 [ERROR] ConditionMgr:805 - Attr not supported : Dmpu
2024-07-24 09:04:15,565 [ERROR] ConditionMgr:805 - Attr not supported : Dmpu
2024-07-24 09:04:15,565 [ERROR] ConditionMgr:805 - Attr not supported : Dmpu
2024-07-24 09:04:15,565 [ERROR] ConditionMgr:805 - Attr not supported : Dmpu
2024-07-24 09:04:15,565 [ERROR] ConditionMgr:805 - Attr not supported : Dmpu
2024-07-24 09:04:15,565 [ERROR] ConditionMgr:805 - Attr not supported : Dmpu
2024-07-24 09:04:15,565 [ERROR] ConditionMgr:805 - Attr not supported : Dmpu
2024-07-24 09:04:15,565 [ERROR] ConditionMgr:805 - Attr not supported : Dmpu
2024-07-24 09:04:15,565 [ERROR] ConditionMgr:805 - Attr not supported : Dmpu
2024-07-24 09:04:15,565 [ERROR] ConditionMgr:805 - Attr not supported : Dmpu
2024-07-24 09:04:15,566 [ERROR] ConditionMgr:805 - Attr not supported : Dmpu
2024-07-24 09:04:15,566 [ERROR] ConditionMgr:805 - Attr not supported : Dmpu
2024-07-24 09:04:15,566 [ERROR] ConditionMgr:805 - Attr not supported : Dmpu
2024-07-24 09:04:15,566 [ERROR] ConditionMgr:805 - Attr not supported : Dmpu
2024-07-24 09:04:15,566 [ERROR] ConditionMgr:805 - Attr not supported : Dmpu
2024-07-24 09:04:15,566 [ERROR] ConditionMgr:805 - Attr not supported : Dmpu
2024-07-24 09:04:15,566 [ERROR] ConditionMgr:805 - Attr not supported : Dmpu
2024-07-24 09:04:15,566 [ERROR] ConditionMgr:805 - Attr not supported : Dmpu
2024-07-24 09:04:15,566 [ERROR] ConditionMgr:805 - Attr not supported : Dmpu
2024-07-24 09:04:15,566 [ERROR] ConditionMgr:805 - Attr not supported : Dmpu
2024-07-24 09:04:15,566 [ERROR] ConditionMgr:805 - Attr not supported : Dmpu
2024-07-24 09:04:15,566 [ERROR] ConditionMgr:805 - Attr not supported : Dmpu
2024-07-24 09:04:15,566 [ERROR] ConditionMgr:805 - Attr not supported : Dmpu
2024-07-24 09:04:15,567 [ERROR] ConditionMgr:805 - Attr not supported : Dmpu
2024-07-24 09:04:15,567 [ERROR] ConditionMgr:805 - Attr not supported : Dmpu
2024-07-24 09:04:15,567 [ERROR] ConditionMgr:805 - Attr not supported : Dmpu
2024-07-24 09:04:15,567 [ERROR] ConditionMgr:805 - Attr not supported : Dmpu
2024-07-24 09:04:15,567 [ERROR] ConditionMgr:805 - Attr not supported : Dmpu
2024-07-24 09:04:15,567 [ERROR] ConditionMgr:805 - Attr not supported : Dmpu
2024-07-24 09:04:15,567 [ERROR] ConditionMgr:805 - Attr not supported : Dmpu
2024-07-24 09:04:15,567 [ERROR] ConditionMgr:805 - Attr not supported : Dmpu
2024-07-24 09:04:15,567 [ERROR] ConditionMgr:805 - Attr not supported : Dmpu
2024-07-24 09:04:15,567 [ERROR] ConditionMgr:805 - Attr not supported : Dmpu
2024-07-24 09:04:15,567 [ERROR] ConditionMgr:805 - Attr not supported : Dmpu
2024-07-24 09:04:15,567 [ERROR] ConditionMgr:805 - Attr not supported : Dmpu
2024-07-24 09:04:15,567 [ERROR] ConditionMgr:805 - Attr not supported : Dmpu
2024-07-24 09:04:15,567 [ERROR] ConditionMgr:805 - Attr not supported : Dmpu
2024-07-24 09:04:15,568 [ERROR] ConditionMgr:805 - Attr not supported : Dmpu
2024-07-24 09:04:15,568 [ERROR] ConditionMgr:805 - Attr not supported : Dmpu
2024-07-24 09:04:15,568 [ERROR] ConditionMgr:805 - Attr not supported : Dmpu
2024-07-24 09:04:15,568 [ERROR] ConditionMgr:805 - Attr not supported : Dmpu
2024-07-24 09:04:15,568 [ERROR] ConditionMgr:805 - Attr not supported : Dmpu
2024-07-24 09:04:15,568 [ERROR] ConditionMgr:805 - Attr not supported : Dmpu
2024-07-24 09:04:15,569 [ERROR] ConditionMgr:805 - Attr not supported : Dmpu
2024-07-24 09:04:15,569 [ERROR] ConditionMgr:805 - Attr not supported : Dmpu
2024-07-24 09:04:15,569 [ERROR] ConditionMgr:805 - Attr not supported : Dmpu
2024-07-24 09:04:15,578 [WARN] PackLoader:240 - Cannot read IP mode file for RealThread.X-CUBE-RT-Thread_Nano.4.1.1
2024-07-24 09:04:15,587 [WARN] PackLoader:240 - Cannot read IP mode file for wolfSSL.I-CUBE-wolfSSL.5.7.0
2024-07-24 09:04:15,592 [WARN] PackLoader:240 - Cannot read IP mode file for STMicroelectronics.FP-ATR-SIGFOX1.3.2.0
2024-07-24 09:04:15,604 [WARN] PackLoader:240 - Cannot read IP mode file for STMicroelectronics.X-CUBE-EEPRMA1.5.1.0
2024-07-24 09:04:15,614 [WARN] PackLoader:240 - Cannot read IP mode file for ITTIA_DB.I-CUBE-ITTIADB.8.9.0
2024-07-24 09:04:15,653 [WARN] PackLoader:240 - Cannot read IP mode file for SEGGER.I-CUBE-embOS.1.3.1
2024-07-24 09:04:15,724 [WARN] PackLoader:240 - Cannot read IP mode file for STMicroelectronics.X-CUBE-ALGOBUILD.1.4.0
2024-07-24 09:04:15,731 [WARN] PackLoader:240 - Cannot read IP mode file for STMicroelectronics.X-CUBE-GNSS1.6.0.0
2024-07-24 09:04:15,746 [WARN] PackLoader:240 - Cannot read IP mode file for STMicroelectronics.X-CUBE-AZRTOS-F4.1.1.0
2024-07-24 09:04:15,754 [WARN] PackLoader:240 - Cannot read IP mode file for STMicroelectronics.X-CUBE-FREERTOS.1.2.0
2024-07-24 09:04:15,768 [WARN] PackLoader:240 - Cannot read IP mode file for STMicroelectronics.X-CUBE-AZRTOS-L5.2.0.0
2024-07-24 09:04:15,779 [WARN] PackLoader:240 - Cannot read IP mode file for STMicroelectronics.X-CUBE-NFC6.3.1.0
2024-07-24 09:04:15,788 [WARN] PackLoader:240 - Cannot read IP mode file for STMicroelectronics.X-CUBE-DPower.1.2.0
2024-07-24 09:04:15,793 [WARN] PackLoader:240 - Cannot read IP mode file for STMicroelectronics.X-CUBE-AI.9.0.0
2024-07-24 09:04:15,799 [WARN] PackLoader:240 - Cannot read IP mode file for STMicroelectronics.X-CUBE-NFC7.1.0.1
2024-07-24 09:04:15,804 [WARN] PackLoader:240 - Cannot read IP mode file for wolfSSL.I-CUBE-wolfTPM.3.2.0
2024-07-24 09:04:15,817 [WARN] ConditionMgr:438 - getConditionDescription Invalid condition id : LAN8742 Phy interface Condition cause : null
2024-07-24 09:04:15,818 [WARN] PackLoader:240 - Cannot read IP mode file for STMicroelectronics.X-CUBE-AZRTOS-L4.2.0.0
2024-07-24 09:04:15,820 [WARN] ConditionMgr:1039 - genDependencies : Invalid condition id : LAN8742 Phy interface Condition cause : null
2024-07-24 09:04:15,821 [WARN] ConditionMgr:1039 - genDependencies : Invalid condition id : LAN8742 Phy interface Condition cause : null
2024-07-24 09:04:15,821 [WARN] ConditionMgr:1039 - genDependencies : Invalid condition id : LAN8742 Phy interface Condition cause : null
2024-07-24 09:04:15,827 [WARN] PackLoader:240 - Cannot read IP mode file for STMicroelectronics.X-CUBE-SFXS2LP1.4.0.0
2024-07-24 09:04:15,837 [WARN] ConditionMgr:438 - getConditionDescription Invalid condition id : UX DEVICE CLASS RTOS Condition cause : null
2024-07-24 09:04:15,837 [WARN] ConditionMgr:438 - getConditionDescription Invalid condition id : UX DEVICE CLASS RTOS Condition cause : null
2024-07-24 09:04:15,838 [WARN] PackLoader:240 - Cannot read IP mode file for STMicroelectronics.X-CUBE-AZRTOS-WB.2.0.0
2024-07-24 09:04:15,838 [WARN] ConditionMgr:1039 - genDependencies : Invalid condition id : UX DEVICE CLASS RTOS Condition cause : null
2024-07-24 09:04:15,838 [WARN] ConditionMgr:1039 - genDependencies : Invalid condition id : UX DEVICE CLASS RTOS Condition cause : null
2024-07-24 09:04:15,838 [WARN] ConditionMgr:1039 - genDependencies : Invalid condition id : UX DEVICE CLASS RTOS Condition cause : null
2024-07-24 09:04:15,839 [WARN] ConditionMgr:1039 - genDependencies : Invalid condition id : UX DEVICE CLASS RTOS Condition cause : null
2024-07-24 09:04:15,839 [WARN] ConditionMgr:1039 - genDependencies : Invalid condition id : UX DEVICE CLASS RTOS Condition cause : null
2024-07-24 09:04:15,844 [WARN] PackLoader:240 - Cannot read IP mode file for STMicroelectronics.FP-SNS-STBOX1.2.0.0
2024-07-24 09:04:15,857 [WARN] PackLoader:240 - Cannot read IP mode file for STMicroelectronics.X-CUBE-SUBG2.5.0.0
2024-07-24 09:04:15,871 [WARN] PackLoader:240 - Cannot read IP mode file for Cesanta.I-CUBE-Mongoose.7.13.0
2024-07-24 09:04:15,889 [WARN] PackLoader:240 - Cannot read IP mode file for STMicroelectronics.X-CUBE-AZRTOS-G4.2.0.0
2024-07-24 09:04:15,897 [WARN] PackLoader:240 - Cannot read IP mode file for STMicroelectronics.X-CUBE-ISPU.2.0.0
2024-07-24 09:04:15,903 [WARN] PackLoader:240 - Cannot read IP mode file for STMicroelectronics.X-CUBE-ALS.1.0.2
2024-07-24 09:04:15,972 [WARN] PackLoader:240 - Cannot read IP mode file for STMicroelectronics.X-CUBE-MEMS1.10.0.0
2024-07-24 09:04:16,067 [WARN] PackLoader:240 - Cannot read IP mode file for STMicroelectronics.X-CUBE-TOUCHGFX.4.24.0
2024-07-24 09:04:16,073 [WARN] PackLoader:240 - Cannot read IP mode file for portGmbH.I-Cube-SoM-uGOAL.1.1.0
2024-07-24 09:04:16,090 [WARN] PackLoader:240 - Cannot read IP mode file for STMicroelectronics.X-CUBE-AZRTOS-H7RS.1.0.0
2024-07-24 09:04:16,097 [WARN] PackLoader:240 - Cannot read IP mode file for STMicroelectronics.FP-ATR-ASTRA1.2.0.0
2024-07-24 09:04:16,106 [WARN] PackLoader:240 - Cannot read IP mode file for STMicroelectronics.X-CUBE-TOF1.3.4.1
2024-07-24 09:04:16,133 [WARN] PackLoader:240 - Cannot read IP mode file for STMicroelectronics.X-CUBE-AZRTOS-H7.3.2.0
2024-07-24 09:04:16,147 [WARN] PackLoader:240 - Cannot read IP mode file for Infineon.AIROC-Wi-Fi-Bluetooth-STM32.1.6.0
2024-07-24 09:04:16,154 [WARN] PackLoader:240 - Cannot read IP mode file for wolfSSL.I-CUBE-wolfSSH.1.4.17
2024-07-24 09:04:16,155 [INFO] ThirdParty:978 - Integrity check success = true
2024-07-24 09:04:16,155 [INFO] IntegrityCheckThread:100 - exiting critical section [integrity check]
2024-07-24 09:04:16,155 [INFO] IntegrityCheckThread:103 - End integrity checks thread
2024-07-24 12:37:12,525 [ERROR] ConfigurationRetriever:142 - IOException on connection: Read timed out
2024-07-24 16:49:46,637 [ERROR] LogOutputStream:75 - [STDERR_REDIRECT] 
2024-07-24 16:49:46,637 [ERROR] LogOutputStream:75 - [STDERR_REDIRECT] 
