2024-07-25 09:07:39,438 [INFO] Activator:176 - 


2024-07-25 09:07:39,468 [INFO] Activator:177 - !SESSION log4j initialized
2024-07-25 09:07:46,220 [INFO] LogOutputStream:77 - [STDOUT_REDIRECT] 
2024-07-25 09:07:47,920 [INFO] ApplicationProperties:184 - Using Application install path: C:\ST\STM32CubeIDE_1.15.1\STM32CubeIDE\plugins\com.st.stm32cube.common.mx_6.11.1.202404110753
2024-07-25 09:07:47,989 [INFO] DbMcusXml:78 - Set database path to: C:\ST\STM32CubeIDE_1.15.1\STM32CubeIDE\plugins\com.st.stm32cube.common.mx_6.11.1.202404110753\\db\/mcu/
2024-07-25 09:07:47,991 [INFO] ApiDb:274 - Set plugin database path to: C:\ST\STM32CubeIDE_1.15.1\STM32CubeIDE\plugins\com.st.stm32cube.common.mx_6.11.1.202404110753\\db\/plugins/boardmanager/
2024-07-25 09:07:47,992 [WARN] ApiDb:259 - Overriding images path with different value:  => C:\ST\STM32CubeIDE_1.15.1\STM32CubeIDE\plugins\com.st.stm32cube.common.mx_6.11.1.202404110753\\db\/plugins/mcufinder/images/
2024-07-25 09:07:48,027 [INFO] ApiDb:250 - Set database path to: C:\Users\casim\.stmcufinder\plugins\mcufinder//mcu/
2024-07-25 09:07:48,028 [INFO] DbMcusAds:125 - Set database path to: C:\Users\casim\.stmcufinder\plugins\mcufinder//mcu/
2024-07-25 09:07:48,038 [INFO] CrossReferenceDbSqlite:203 - Set database path to: C:\Users\casim\.stmcufinder\plugins\mcufinder//mcu/cs/
2024-07-25 09:07:48,363 [INFO] RulesReader:64 - Compatibility file has been processed (297 Rules)
2024-07-25 09:07:48,706 [INFO] DbMcusXml:78 - Set database path to: C:\ST\STM32CubeIDE_1.15.1\STM32CubeIDE\plugins\com.st.stm32cube.common.mx_6.11.1.202404110753\\db\/mcu/
2024-07-25 09:07:48,706 [INFO] ApiDb:274 - Set plugin database path to: C:\ST\STM32CubeIDE_1.15.1\STM32CubeIDE\plugins\com.st.stm32cube.common.mx_6.11.1.202404110753\\db\/plugins/boardmanager/
2024-07-25 09:07:48,706 [INFO] ApiDb:261 - Set plugin images path to: C:\ST\STM32CubeIDE_1.15.1\STM32CubeIDE\plugins\com.st.stm32cube.common.mx_6.11.1.202404110753\\db\/plugins/mcufinder/images/
2024-07-25 09:07:48,706 [WARN] DbFile:41 - Overriding database path with different value: C:\Users\casim\.stmcufinder\plugins\mcufinder/ => C:\Users\casim\.stmcufinder\plugins\mcufinder
2024-07-25 09:07:48,706 [INFO] ApiDb:250 - Set database path to: C:\Users\casim\.stmcufinder\plugins\mcufinder//mcu/
2024-07-25 09:07:48,706 [WARN] DbFile:41 - Overriding database path with different value: C:\Users\casim\.stmcufinder\plugins\mcufinder/ => C:\Users\casim\.stmcufinder\plugins\mcufinder
2024-07-25 09:07:48,708 [INFO] DbMcusAds:125 - Set database path to: C:\Users\casim\.stmcufinder\plugins\mcufinder//mcu/
2024-07-25 09:07:48,708 [WARN] DbFile:41 - Overriding database path with different value: C:\Users\casim\.stmcufinder\plugins\mcufinder/ => C:\Users\casim\.stmcufinder\plugins\mcufinder
2024-07-25 09:07:48,708 [WARN] DbFile:41 - Overriding database path with different value: C:\Users\casim\.stmcufinder\plugins\mcufinder/ => C:\Users\casim\.stmcufinder\plugins\mcufinder
2024-07-25 09:07:48,708 [INFO] CrossReferenceDbSqlite:203 - Set database path to: C:\Users\casim\.stmcufinder\plugins\mcufinder//mcu/cs/
2024-07-25 09:07:48,844 [INFO] MainPanel:264 - HeapMemory: 268435456
2024-07-25 09:07:48,977 [INFO] DbMcusXml:78 - Set database path to: C:\ST\STM32CubeIDE_1.15.1\STM32CubeIDE\plugins\com.st.stm32cube.common.mx_6.11.1.202404110753\\db\/mcu/
2024-07-25 09:07:48,977 [INFO] ApiDb:274 - Set plugin database path to: C:\ST\STM32CubeIDE_1.15.1\STM32CubeIDE\plugins\com.st.stm32cube.common.mx_6.11.1.202404110753\\db\/plugins/boardmanager/
2024-07-25 09:07:48,977 [INFO] ApiDb:261 - Set plugin images path to: C:\ST\STM32CubeIDE_1.15.1\STM32CubeIDE\plugins\com.st.stm32cube.common.mx_6.11.1.202404110753\\db\/plugins/mcufinder/images/
2024-07-25 09:07:48,978 [WARN] DbFile:41 - Overriding database path with different value: C:\Users\casim\.stmcufinder\plugins\mcufinder/ => C:\Users\casim\.stmcufinder\plugins\mcufinder
2024-07-25 09:07:48,978 [INFO] ApiDb:250 - Set database path to: C:\Users\casim\.stmcufinder\plugins\mcufinder//mcu/
2024-07-25 09:07:48,978 [WARN] DbFile:41 - Overriding database path with different value: C:\Users\casim\.stmcufinder\plugins\mcufinder/ => C:\Users\casim\.stmcufinder\plugins\mcufinder
2024-07-25 09:07:48,978 [INFO] DbMcusAds:125 - Set database path to: C:\Users\casim\.stmcufinder\plugins\mcufinder//mcu/
2024-07-25 09:07:48,979 [WARN] DbFile:41 - Overriding database path with different value: C:\Users\casim\.stmcufinder\plugins\mcufinder/ => C:\Users\casim\.stmcufinder\plugins\mcufinder
2024-07-25 09:07:48,979 [WARN] DbFile:41 - Overriding database path with different value: C:\Users\casim\.stmcufinder\plugins\mcufinder/ => C:\Users\casim\.stmcufinder\plugins\mcufinder
2024-07-25 09:07:48,979 [INFO] CrossReferenceDbSqlite:203 - Set database path to: C:\Users\casim\.stmcufinder\plugins\mcufinder//mcu/cs/
2024-07-25 09:07:49,003 [INFO] ApplicationProperties:184 - Using Application install path: C:\ST\STM32CubeIDE_1.15.1\STM32CubeIDE\plugins\com.st.stm32cube.common.mx_6.11.1.202404110753
2024-07-25 09:07:49,006 [INFO] PluginManage:196 - Search for loadable plugins [exclusion list=, ]
2024-07-25 09:07:49,008 [INFO] PluginManage:310 - Check plugin analytics
2024-07-25 09:07:49,459 [INFO] AnalyticsPlugin:253 - Accepted Software Licenses: 
2024-07-25 09:07:49,460 [INFO] AnalyticsPlugin:255 - Accepted CMSIS Pack Licenses: 
2024-07-25 09:07:49,460 [INFO] AnalyticsPlugin:257 - Accepted Firmware Licenses: FW.H7.1.11.0
2024-07-25 09:07:49,476 [INFO] PluginManage:359 - Loaded plugin analytics (category:tool,tabindex:-1)
2024-07-25 09:07:49,477 [INFO] PluginManage:310 - Check plugin cadmodel
2024-07-25 09:07:49,489 [INFO] CADModel:105 - Init CAD model plugin
2024-07-25 09:07:49,490 [INFO] PluginManage:359 - Loaded plugin cadmodel (category:power,tabindex:5)
2024-07-25 09:07:49,490 [INFO] PluginManage:310 - Check plugin clock
2024-07-25 09:07:49,559 [INFO] PluginManage:359 - Loaded plugin clock (category:base,tabindex:2)
2024-07-25 09:07:49,560 [INFO] PluginManage:310 - Check plugin ddr
2024-07-25 09:07:49,577 [INFO] PluginManage:359 - Loaded plugin ddr (category:tool,tabindex:6)
2024-07-25 09:07:49,578 [INFO] PluginManage:310 - Check plugin filemanager
2024-07-25 09:07:49,886 [INFO] PluginManage:359 - Loaded plugin filemanager (category:base,tabindex:10)
2024-07-25 09:07:49,886 [INFO] PluginManage:310 - Check plugin ipmanager
2024-07-25 09:07:49,896 [INFO] PluginManage:359 - Loaded plugin ipmanager (category:base,tabindex:5)
2024-07-25 09:07:49,897 [INFO] PluginManage:310 - Check plugin lpbam
2024-07-25 09:07:49,908 [INFO] PluginManage:359 - Loaded plugin lpbam (category:base,tabindex:0)
2024-07-25 09:07:49,908 [INFO] PluginManage:310 - Check plugin memorymap
2024-07-25 09:07:49,943 [INFO] PluginManage:359 - Loaded plugin memorymap (category:base,tabindex:4)
2024-07-25 09:07:49,943 [INFO] PluginManage:310 - Check plugin pinoutandconfiguration
2024-07-25 09:07:49,988 [INFO] PluginManage:359 - Loaded plugin pinoutandconfiguration (category:base,tabindex:1)
2024-07-25 09:07:49,989 [INFO] PluginManage:310 - Check plugin pinoutconfig
2024-07-25 09:07:50,200 [WARN] SupportedApi:132 - Cannot load RTOS API schema: s4s-elt-must-match.1: The content of 'definitions' must match (annotation?, (simpleType | complexType)?, (unique | key | keyref)*)). A problem was found starting at: attribute.
2024-07-25 09:07:50,424 [INFO] PluginManage:359 - Loaded plugin pinoutconfig (category:base,tabindex:0)
2024-07-25 09:07:50,424 [INFO] PluginManage:310 - Check plugin power
2024-07-25 09:07:50,454 [INFO] PluginManage:359 - Loaded plugin power (category:power,tabindex:4)
2024-07-25 09:07:50,454 [INFO] PluginManage:310 - Check plugin projectmanager
2024-07-25 09:07:50,490 [INFO] PluginManage:359 - Loaded plugin projectmanager (category:projectmanager,tabindex:3)
2024-07-25 09:07:50,490 [INFO] PluginManage:310 - Check plugin thirdparty
2024-07-25 09:07:50,785 [WARN] IntegrityCheckThread:84 - waiting for thirdparty lock release [integrity check]
2024-07-25 09:07:50,785 [INFO] IntegrityCheckThread:86 - entering critical section [integrity check]
2024-07-25 09:07:50,787 [INFO] ThirdPartyUpdaterWithRetryManager:70 - Updater plugin not ready yet. [1/15]
2024-07-25 09:07:50,787 [INFO] PluginManage:359 - Loaded plugin thirdparty (category:base,tabindex:-1)
2024-07-25 09:07:50,788 [INFO] PluginManage:310 - Check plugin tools
2024-07-25 09:07:50,793 [INFO] PluginManage:359 - Loaded plugin tools (category:base,tabindex:7)
2024-07-25 09:07:50,793 [INFO] PluginManage:310 - Check plugin tutovideos
2024-07-25 09:07:51,023 [INFO] PluginManage:359 - Loaded plugin tutovideos (category:base,tabindex:-1)
2024-07-25 09:07:51,024 [INFO] PluginManage:310 - Check plugin updater
2024-07-25 09:07:51,063 [INFO] PluginManage:359 - Loaded plugin updater (category:base,tabindex:12)
2024-07-25 09:07:51,063 [INFO] PluginManage:310 - Check plugin userauth
2024-07-25 09:07:51,071 [INFO] UserAuth:114 - Init User Auth plugin
2024-07-25 09:07:51,071 [INFO] PluginManage:359 - Loaded plugin userauth (category:base,tabindex:14)
2024-07-25 09:07:51,071 [INFO] PluginManage:283 - PluginManage : Loaded plugins [17]
2024-07-25 09:07:51,526 [INFO] PinOutPanel:1561 - setPackage(No Configuration,No Configuration)
2024-07-25 09:07:51,767 [INFO] CADModel:165 - CPN selected for project level
2024-07-25 09:07:51,767 [INFO] CADModel:114 - Register for checkConnection events
2024-07-25 09:07:51,815 [INFO] IPUIPlugin:80 - create IPUIPlugin
2024-07-25 09:07:51,817 [INFO] PluginManager:220 - loadIPPluginJar : add adc
2024-07-25 09:07:51,826 [INFO] IPUIPlugin:80 - create IPUIPlugin
2024-07-25 09:07:51,826 [INFO] PluginManager:220 - loadIPPluginJar : add aes
2024-07-25 09:07:51,839 [INFO] IPUIPlugin:80 - create IPUIPlugin
2024-07-25 09:07:51,839 [INFO] PluginManager:220 - loadIPPluginJar : add can
2024-07-25 09:07:51,846 [INFO] IPUIPlugin:80 - create IPUIPlugin
2024-07-25 09:07:51,848 [INFO] PluginManager:220 - loadIPPluginJar : add comp
2024-07-25 09:07:51,860 [INFO] IPUIPlugin:80 - create IPUIPlugin
2024-07-25 09:07:51,860 [INFO] PluginManager:220 - loadIPPluginJar : add cryp
2024-07-25 09:07:51,870 [INFO] IPUIPlugin:80 - create IPUIPlugin
2024-07-25 09:07:51,870 [INFO] PluginManager:220 - loadIPPluginJar : add dfsdm
2024-07-25 09:07:51,899 [INFO] IPUIPlugin:80 - create IPUIPlugin
2024-07-25 09:07:51,906 [INFO] PluginManager:220 - loadIPPluginJar : add dma
2024-07-25 09:07:51,914 [INFO] IPUIPlugin:80 - create IPUIPlugin
2024-07-25 09:07:51,914 [INFO] PluginManager:220 - loadIPPluginJar : add dma3
2024-07-25 09:07:51,917 [INFO] IPUIPlugin:80 - create IPUIPlugin
2024-07-25 09:07:51,917 [INFO] PluginManager:220 - loadIPPluginJar : add extmemmanager
2024-07-25 09:07:51,924 [INFO] IPUIPlugin:80 - create IPUIPlugin
2024-07-25 09:07:51,925 [INFO] PluginManager:220 - loadIPPluginJar : add fatfs
2024-07-25 09:07:51,936 [INFO] IPUIPlugin:80 - create IPUIPlugin
2024-07-25 09:07:51,936 [INFO] PluginManager:220 - loadIPPluginJar : add fmc
2024-07-25 09:07:51,955 [INFO] IPUIPlugin:80 - create IPUIPlugin
2024-07-25 09:07:51,956 [INFO] PluginManager:220 - loadIPPluginJar : add freertos
2024-07-25 09:07:51,960 [INFO] IPUIPlugin:80 - create IPUIPlugin
2024-07-25 09:07:51,961 [INFO] PluginManager:220 - loadIPPluginJar : add genericplugin
2024-07-25 09:07:51,978 [INFO] IPUIPlugin:80 - create IPUIPlugin
2024-07-25 09:07:51,979 [INFO] PluginManager:220 - loadIPPluginJar : add gfxmmu
2024-07-25 09:07:52,005 [INFO] IPUIPlugin:80 - create IPUIPlugin
2024-07-25 09:07:52,007 [INFO] PluginManager:220 - loadIPPluginJar : add gic
2024-07-25 09:07:52,013 [INFO] IPUIPlugin:80 - create IPUIPlugin
2024-07-25 09:07:52,013 [INFO] PluginManager:220 - loadIPPluginJar : add gpio
2024-07-25 09:07:52,017 [INFO] IPUIPlugin:80 - create IPUIPlugin
2024-07-25 09:07:52,018 [INFO] PluginManager:220 - loadIPPluginJar : add gtzc
2024-07-25 09:07:52,021 [INFO] IPUIPlugin:80 - create IPUIPlugin
2024-07-25 09:07:52,021 [INFO] PluginManager:220 - loadIPPluginJar : add hash
2024-07-25 09:07:52,025 [INFO] IPUIPlugin:80 - create IPUIPlugin
2024-07-25 09:07:52,025 [INFO] PluginManager:220 - loadIPPluginJar : add i2c
2024-07-25 09:07:52,030 [INFO] IPUIPlugin:80 - create IPUIPlugin
2024-07-25 09:07:52,030 [INFO] PluginManager:220 - loadIPPluginJar : add i2s
2024-07-25 09:07:52,035 [INFO] IPUIPlugin:80 - create IPUIPlugin
2024-07-25 09:07:52,035 [INFO] PluginManager:220 - loadIPPluginJar : add i3c
2024-07-25 09:07:52,040 [INFO] IPUIPlugin:80 - create IPUIPlugin
2024-07-25 09:07:52,041 [INFO] PluginManager:220 - loadIPPluginJar : add ipddr
2024-07-25 09:07:52,053 [INFO] IPUIPlugin:80 - create IPUIPlugin
2024-07-25 09:07:52,053 [INFO] PluginManager:220 - loadIPPluginJar : add linkedlist
2024-07-25 09:07:52,058 [INFO] IPUIPlugin:80 - create IPUIPlugin
2024-07-25 09:07:52,058 [INFO] PluginManager:220 - loadIPPluginJar : add lorawan
2024-07-25 09:07:52,061 [INFO] IPUIPlugin:80 - create IPUIPlugin
2024-07-25 09:07:52,061 [INFO] PluginManager:220 - loadIPPluginJar : add ltdc
2024-07-25 09:07:52,085 [INFO] IPUIPlugin:80 - create IPUIPlugin
2024-07-25 09:07:52,086 [INFO] PluginManager:220 - loadIPPluginJar : add mdma
2024-07-25 09:07:52,092 [INFO] IPUIPlugin:80 - create IPUIPlugin
2024-07-25 09:07:52,092 [INFO] PluginManager:220 - loadIPPluginJar : add nvic
2024-07-25 09:07:52,095 [INFO] IPUIPlugin:80 - create IPUIPlugin
2024-07-25 09:07:52,095 [INFO] PluginManager:220 - loadIPPluginJar : add opamp
2024-07-25 09:07:52,098 [INFO] IPUIPlugin:80 - create IPUIPlugin
2024-07-25 09:07:52,099 [INFO] PluginManager:220 - loadIPPluginJar : add openamp
2024-07-25 09:07:52,102 [INFO] IPUIPlugin:80 - create IPUIPlugin
2024-07-25 09:07:52,102 [INFO] PluginManager:220 - loadIPPluginJar : add pdm2pcm
2024-07-25 09:07:52,111 [INFO] IPUIPlugin:80 - create IPUIPlugin
2024-07-25 09:07:52,113 [INFO] PluginManager:220 - loadIPPluginJar : add plateformsettings
2024-07-25 09:07:52,117 [INFO] IPUIPlugin:80 - create IPUIPlugin
2024-07-25 09:07:52,117 [INFO] PluginManager:220 - loadIPPluginJar : add quadspi
2024-07-25 09:07:52,122 [INFO] IPUIPlugin:80 - create IPUIPlugin
2024-07-25 09:07:52,122 [INFO] PluginManager:220 - loadIPPluginJar : add resmgrutility
2024-07-25 09:07:52,127 [INFO] IPUIPlugin:80 - create IPUIPlugin
2024-07-25 09:07:52,128 [INFO] PluginManager:220 - loadIPPluginJar : add sai
2024-07-25 09:07:52,130 [INFO] IPUIPlugin:80 - create IPUIPlugin
2024-07-25 09:07:52,130 [INFO] PluginManager:220 - loadIPPluginJar : add spi
2024-07-25 09:07:52,138 [INFO] IPUIPlugin:80 - create IPUIPlugin
2024-07-25 09:07:52,138 [INFO] PluginManager:220 - loadIPPluginJar : add stm32_wpan
2024-07-25 09:07:52,143 [INFO] IPUIPlugin:80 - create IPUIPlugin
2024-07-25 09:07:52,143 [INFO] PluginManager:220 - loadIPPluginJar : add tim
2024-07-25 09:07:52,148 [INFO] IPUIPlugin:80 - create IPUIPlugin
2024-07-25 09:07:52,149 [INFO] PluginManager:220 - loadIPPluginJar : add touchsensing
2024-07-25 09:07:52,153 [INFO] IPUIPlugin:80 - create IPUIPlugin
2024-07-25 09:07:52,153 [INFO] PluginManager:220 - loadIPPluginJar : add tracer_emb
2024-07-25 09:07:52,156 [INFO] IPUIPlugin:80 - create IPUIPlugin
2024-07-25 09:07:52,157 [INFO] PluginManager:220 - loadIPPluginJar : add ts
2024-07-25 09:07:52,161 [INFO] IPUIPlugin:80 - create IPUIPlugin
2024-07-25 09:07:52,161 [INFO] PluginManager:220 - loadIPPluginJar : add tsc
2024-07-25 09:07:52,164 [INFO] IPUIPlugin:80 - create IPUIPlugin
2024-07-25 09:07:52,164 [INFO] PluginManager:220 - loadIPPluginJar : add ucpd
2024-07-25 09:07:52,168 [INFO] IPUIPlugin:80 - create IPUIPlugin
2024-07-25 09:07:52,169 [INFO] PluginManager:220 - loadIPPluginJar : add usart
2024-07-25 09:07:52,172 [INFO] IPUIPlugin:80 - create IPUIPlugin
2024-07-25 09:07:52,173 [INFO] PluginManager:220 - loadIPPluginJar : add usbx
2024-07-25 09:07:52,447 [INFO] CADModel:165 - CPN selected for project level
2024-07-25 09:07:52,447 [INFO] CADModel:114 - Register for checkConnection events
2024-07-25 09:07:52,447 [FATAL] Updater:308 - Updater called before beeing initialized
2024-07-25 09:07:52,447 [ERROR] CADModel:125 - Updater not yet initialized, retry later 
2024-07-25 09:07:52,911 [INFO] CADModel:165 - CPN selected for project level
2024-07-25 09:07:52,911 [INFO] CADModel:114 - Register for checkConnection events
2024-07-25 09:07:52,911 [FATAL] Updater:308 - Updater called before beeing initialized
2024-07-25 09:07:52,912 [ERROR] CADModel:125 - Updater not yet initialized, retry later 
2024-07-25 09:07:52,917 [FATAL] Updater:308 - Updater called before beeing initialized
2024-07-25 09:07:53,170 [FATAL] Updater:308 - Updater called before beeing initialized
2024-07-25 09:07:53,188 [INFO] DbMcusAds:53 - JSON generation date=Thu May 16 02:22:01 PDT 2024 (1715851321109)
2024-07-25 09:07:53,188 [FATAL] Updater:308 - Updater called before beeing initialized
2024-07-25 09:07:53,235 [WARN] DetailPanel:346 - Failed to get advertising image, set to default
2024-07-25 09:07:53,319 [FATAL] Updater:308 - Updater called before beeing initialized
2024-07-25 09:07:53,322 [FATAL] Updater:308 - Updater called before beeing initialized
2024-07-25 09:07:53,322 [FATAL] Updater:308 - Updater called before beeing initialized
2024-07-25 09:07:53,322 [WARN] DetailPanel:346 - Failed to get advertising image, set to default
2024-07-25 09:07:53,323 [FATAL] Updater:308 - Updater called before beeing initialized
2024-07-25 09:07:53,457 [ERROR] Updater:1120 - MainUpdater not yet initialized. External WinMGr cannot be set.
2024-07-25 09:07:53,473 [INFO] Updater:1056 - Updater Version found : 6.11.1
2024-07-25 09:07:53,515 [INFO] ApplicationProperties:184 - Using Application install path: C:\ST\STM32CubeIDE_1.15.1\STM32CubeIDE\plugins\com.st.stm32cube.common.mx_6.11.1.202404110753
2024-07-25 09:07:53,789 [INFO] ThirdPartyUpdaterWithRetryManager:70 - Updater plugin not ready yet. [2/15]
2024-07-25 09:07:55,091 [ERROR] LogOutputStream:75 - [STDERR_REDIRECT] Jul 25, 2024 9:07:55 AM java.util.prefs.WindowsPreferences <init>
2024-07-25 09:07:55,094 [ERROR] LogOutputStream:75 - [STDERR_REDIRECT] WARNING: Could not open/create prefs root node Software\JavaSoft\Prefs at root 0xffffffff80000002. Windows RegCreateKeyEx(...) returned error code 5.
2024-07-25 09:07:55,094 [ERROR] LogOutputStream:75 - [STDERR_REDIRECT] 
2024-07-25 09:07:55,482 [INFO] MainUpdater:2873 - connection check result : 10
2024-07-25 09:07:55,483 [INFO] MainUpdater:290 - Updater Check For Update Now.
2024-07-25 09:07:55,484 [INFO] MicroXplorer:498 - Change Database Version : DB.6.0.111
2024-07-25 09:07:55,492 [INFO] McuFinderGlobals:63 - Set McuFinder mode to 2 (CubeIDE integrated)
2024-07-25 09:07:55,503 [INFO] UserAuth:415 - Internet connection configuration mode: 1
2024-07-25 09:07:55,549 [INFO] JxBrowserEngine:152 - Initiate JxBrowser Engine with user profile folder
2024-07-25 09:07:55,695 [INFO] CheckServerUpdateThread:120 - End of CheckServer Thread
2024-07-25 09:07:56,556 [INFO] WebApp:161 - Instantiating new browser for Auth
2024-07-25 09:07:57,170 [WARN] PackLoader:240 - Cannot read IP mode file for STMicroelectronics.FP-SNS-MOTENVWB1.1.4.0
2024-07-25 09:07:57,191 [WARN] PackLoader:240 - Cannot read IP mode file for STMicroelectronics.X-CUBE-SMBUS.2.1.0
2024-07-25 09:07:57,203 [WARN] PackLoader:240 - Cannot read IP mode file for STMicroelectronics.X-CUBE-TOUCHGFX.4.23.2
2024-07-25 09:07:57,261 [WARN] PackLoader:240 - Cannot read IP mode file for STMicroelectronics.X-CUBE-AZRTOS-F7.1.1.0
2024-07-25 09:07:57,286 [WARN] PackLoader:240 - Cannot read IP mode file for STMicroelectronics.FP-SNS-FLIGHT1.5.0.2
2024-07-25 09:07:57,311 [WARN] PackLoader:240 - Cannot read IP mode file for STMicroelectronics.X-CUBE-DISPLAY.3.0.0
2024-07-25 09:07:57,349 [WARN] PackLoader:240 - Cannot read IP mode file for STMicroelectronics.X-CUBE-BLE1.7.0.0
2024-07-25 09:07:57,360 [WARN] PackLoader:240 - Cannot read IP mode file for emotas.I-CUBE-CANOPEN.1.3.0
2024-07-25 09:07:57,378 [WARN] PackLoader:240 - Cannot read IP mode file for STMicroelectronics.X-CUBE-BLEMGR.3.1.0
2024-07-25 09:07:57,393 [WARN] PackLoader:240 - Cannot read IP mode file for STMicroelectronics.FP-SNS-SMARTAG2.1.2.0
2024-07-25 09:07:57,413 [INFO] LogOutputStream:77 - [STDOUT_REDIRECT] 1 : Invalid condition id : UX_CORESTACK_Condition cause : null
2024-07-25 09:07:57,415 [INFO] LogOutputStream:77 - [STDOUT_REDIRECT] 1 : Invalid condition id : UX_CORESTACK_Condition cause : null
2024-07-25 09:07:57,417 [INFO] LogOutputStream:77 - [STDOUT_REDIRECT] 1 : Invalid condition id : UX_CORESTACK_Condition cause : null
2024-07-25 09:07:57,419 [INFO] LogOutputStream:77 - [STDOUT_REDIRECT] 1 : Invalid condition id : UX_CORESTACK_Condition cause : null
2024-07-25 09:07:57,421 [INFO] LogOutputStream:77 - [STDOUT_REDIRECT] 1 : Invalid condition id : UX_CORESTACK_Condition cause : null
2024-07-25 09:07:57,425 [WARN] PackLoader:240 - Cannot read IP mode file for STMicroelectronics.X-CUBE-AZRTOS-WL.2.0.0
2024-07-25 09:07:57,437 [WARN] PackLoader:240 - Cannot read IP mode file for STMicroelectronics.FP-SNS-MOTENV1.5.0.0
2024-07-25 09:07:57,446 [WARN] PackLoader:240 - Cannot read IP mode file for wolfSSL.I-CUBE-wolfMQTT.1.19.0
2024-07-25 09:07:57,461 [WARN] PackLoader:240 - Cannot read IP mode file for WES.I-CUBE-Cesium.1.3.0
2024-07-25 09:07:57,472 [WARN] PackLoader:240 - Cannot read IP mode file for STMicroelectronics.X-CUBE-BLE2.3.3.0
2024-07-25 09:07:57,485 [WARN] PackLoader:240 - Cannot read IP mode file for STMicroelectronics.X-CUBE-TCPP.4.1.0
2024-07-25 09:07:57,518 [WARN] PackLoader:240 - Cannot read IP mode file for STMicroelectronics.X-CUBE-AZRTOS-G0.1.1.0
2024-07-25 09:07:57,555 [WARN] PackLoader:240 - Cannot read IP mode file for STMicroelectronics.X-CUBE-SAFEA1.1.2.2
2024-07-25 09:07:57,567 [WARN] PackLoader:240 - Cannot read IP mode file for STMicroelectronics.X-CUBE-NFC4.3.0.0
2024-07-25 09:07:57,605 [WARN] PackLoader:240 - Cannot read IP mode file for EmbeddedOffice.I-CUBE-FS-RTOS.1.0.1
2024-07-25 09:07:57,605 [ERROR] ConditionMgr:805 - Attr not supported : Dmpu
2024-07-25 09:07:57,605 [ERROR] ConditionMgr:805 - Attr not supported : Dmpu
2024-07-25 09:07:57,605 [ERROR] ConditionMgr:805 - Attr not supported : Dmpu
2024-07-25 09:07:57,605 [ERROR] ConditionMgr:805 - Attr not supported : Dmpu
2024-07-25 09:07:57,606 [ERROR] ConditionMgr:805 - Attr not supported : Dmpu
2024-07-25 09:07:57,606 [ERROR] ConditionMgr:805 - Attr not supported : Dmpu
2024-07-25 09:07:57,606 [ERROR] ConditionMgr:805 - Attr not supported : Dmpu
2024-07-25 09:07:57,606 [ERROR] ConditionMgr:805 - Attr not supported : Dmpu
2024-07-25 09:07:57,606 [ERROR] ConditionMgr:805 - Attr not supported : Dmpu
2024-07-25 09:07:57,606 [ERROR] ConditionMgr:805 - Attr not supported : Dmpu
2024-07-25 09:07:57,607 [ERROR] ConditionMgr:805 - Attr not supported : Dmpu
2024-07-25 09:07:57,607 [ERROR] ConditionMgr:805 - Attr not supported : Dmpu
2024-07-25 09:07:57,607 [ERROR] ConditionMgr:805 - Attr not supported : Dmpu
2024-07-25 09:07:57,607 [ERROR] ConditionMgr:805 - Attr not supported : Dmpu
2024-07-25 09:07:57,607 [ERROR] ConditionMgr:805 - Attr not supported : Dmpu
2024-07-25 09:07:57,607 [ERROR] ConditionMgr:805 - Attr not supported : Dmpu
2024-07-25 09:07:57,607 [ERROR] ConditionMgr:805 - Attr not supported : Dmpu
2024-07-25 09:07:57,607 [ERROR] ConditionMgr:805 - Attr not supported : Dmpu
2024-07-25 09:07:57,608 [ERROR] ConditionMgr:805 - Attr not supported : Dmpu
2024-07-25 09:07:57,608 [ERROR] ConditionMgr:805 - Attr not supported : Dmpu
2024-07-25 09:07:57,609 [ERROR] ConditionMgr:805 - Attr not supported : Dmpu
2024-07-25 09:07:57,609 [ERROR] ConditionMgr:805 - Attr not supported : Dmpu
2024-07-25 09:07:57,609 [ERROR] ConditionMgr:805 - Attr not supported : Dmpu
2024-07-25 09:07:57,609 [ERROR] ConditionMgr:805 - Attr not supported : Dmpu
2024-07-25 09:07:57,609 [ERROR] ConditionMgr:805 - Attr not supported : Dmpu
2024-07-25 09:07:57,610 [ERROR] ConditionMgr:805 - Attr not supported : Dmpu
2024-07-25 09:07:57,610 [ERROR] ConditionMgr:805 - Attr not supported : Dmpu
2024-07-25 09:07:57,610 [ERROR] ConditionMgr:805 - Attr not supported : Dmpu
2024-07-25 09:07:57,611 [ERROR] ConditionMgr:805 - Attr not supported : Dmpu
2024-07-25 09:07:57,611 [ERROR] ConditionMgr:805 - Attr not supported : Dmpu
2024-07-25 09:07:57,635 [ERROR] ConditionMgr:805 - Attr not supported : Dmpu
2024-07-25 09:07:57,635 [ERROR] ConditionMgr:805 - Attr not supported : Dmpu
2024-07-25 09:07:57,636 [ERROR] ConditionMgr:805 - Attr not supported : Dmpu
2024-07-25 09:07:57,636 [ERROR] ConditionMgr:805 - Attr not supported : Dmpu
2024-07-25 09:07:57,636 [ERROR] ConditionMgr:805 - Attr not supported : Dmpu
2024-07-25 09:07:57,636 [ERROR] ConditionMgr:805 - Attr not supported : Dmpu
2024-07-25 09:07:57,638 [ERROR] ConditionMgr:805 - Attr not supported : Dmpu
2024-07-25 09:07:57,640 [ERROR] ConditionMgr:805 - Attr not supported : Dmpu
2024-07-25 09:07:57,642 [ERROR] ConditionMgr:805 - Attr not supported : Dmpu
2024-07-25 09:07:57,643 [ERROR] ConditionMgr:805 - Attr not supported : Dmpu
2024-07-25 09:07:57,643 [ERROR] ConditionMgr:805 - Attr not supported : Dmpu
2024-07-25 09:07:57,644 [ERROR] ConditionMgr:805 - Attr not supported : Dmpu
2024-07-25 09:07:57,644 [ERROR] ConditionMgr:805 - Attr not supported : Dmpu
2024-07-25 09:07:57,644 [ERROR] ConditionMgr:805 - Attr not supported : Dmpu
2024-07-25 09:07:57,645 [ERROR] ConditionMgr:805 - Attr not supported : Dmpu
2024-07-25 09:07:57,645 [ERROR] ConditionMgr:805 - Attr not supported : Dmpu
2024-07-25 09:07:57,645 [ERROR] ConditionMgr:805 - Attr not supported : Dmpu
2024-07-25 09:07:57,646 [ERROR] ConditionMgr:805 - Attr not supported : Dmpu
2024-07-25 09:07:57,646 [ERROR] ConditionMgr:805 - Attr not supported : Dmpu
2024-07-25 09:07:57,646 [ERROR] ConditionMgr:805 - Attr not supported : Dmpu
2024-07-25 09:07:57,646 [ERROR] ConditionMgr:805 - Attr not supported : Dmpu
2024-07-25 09:07:57,646 [ERROR] ConditionMgr:805 - Attr not supported : Dmpu
2024-07-25 09:07:57,646 [ERROR] ConditionMgr:805 - Attr not supported : Dmpu
2024-07-25 09:07:57,646 [ERROR] ConditionMgr:805 - Attr not supported : Dmpu
2024-07-25 09:07:57,647 [ERROR] ConditionMgr:805 - Attr not supported : Dmpu
2024-07-25 09:07:57,647 [ERROR] ConditionMgr:805 - Attr not supported : Dmpu
2024-07-25 09:07:57,647 [ERROR] ConditionMgr:805 - Attr not supported : Dmpu
2024-07-25 09:07:57,647 [ERROR] ConditionMgr:805 - Attr not supported : Dmpu
2024-07-25 09:07:57,647 [ERROR] ConditionMgr:805 - Attr not supported : Dmpu
2024-07-25 09:07:57,647 [ERROR] ConditionMgr:805 - Attr not supported : Dmpu
2024-07-25 09:07:57,647 [ERROR] ConditionMgr:805 - Attr not supported : Dmpu
2024-07-25 09:07:57,647 [ERROR] ConditionMgr:805 - Attr not supported : Dmpu
2024-07-25 09:07:57,647 [ERROR] ConditionMgr:805 - Attr not supported : Dmpu
2024-07-25 09:07:57,647 [ERROR] ConditionMgr:805 - Attr not supported : Dmpu
2024-07-25 09:07:57,660 [WARN] PackLoader:240 - Cannot read IP mode file for RealThread.X-CUBE-RT-Thread_Nano.4.1.1
2024-07-25 09:07:57,681 [WARN] PackLoader:240 - Cannot read IP mode file for wolfSSL.I-CUBE-wolfSSL.5.7.0
2024-07-25 09:07:57,689 [WARN] PackLoader:240 - Cannot read IP mode file for STMicroelectronics.FP-ATR-SIGFOX1.3.2.0
2024-07-25 09:07:57,702 [WARN] PackLoader:240 - Cannot read IP mode file for STMicroelectronics.X-CUBE-EEPRMA1.5.1.0
2024-07-25 09:07:57,727 [WARN] PackLoader:240 - Cannot read IP mode file for ITTIA_DB.I-CUBE-ITTIADB.8.9.0
2024-07-25 09:07:57,836 [WARN] PackLoader:240 - Cannot read IP mode file for SEGGER.I-CUBE-embOS.1.3.1
2024-07-25 09:07:58,644 [WARN] PackLoader:240 - Cannot read IP mode file for STMicroelectronics.X-CUBE-ALGOBUILD.1.4.0
2024-07-25 09:07:58,664 [WARN] PackLoader:240 - Cannot read IP mode file for STMicroelectronics.X-CUBE-GNSS1.6.0.0
2024-07-25 09:07:58,722 [WARN] PackLoader:240 - Cannot read IP mode file for STMicroelectronics.X-CUBE-AZRTOS-F4.1.1.0
2024-07-25 09:07:58,736 [WARN] PackLoader:240 - Cannot read IP mode file for STMicroelectronics.X-CUBE-FREERTOS.1.2.0
2024-07-25 09:07:59,289 [WARN] PackLoader:240 - Cannot read IP mode file for STMicroelectronics.X-CUBE-AZRTOS-L5.2.0.0
2024-07-25 09:07:59,398 [WARN] PackLoader:240 - Cannot read IP mode file for STMicroelectronics.X-CUBE-NFC6.3.1.0
2024-07-25 09:07:59,421 [WARN] PackLoader:240 - Cannot read IP mode file for STMicroelectronics.X-CUBE-DPower.1.2.0
2024-07-25 09:07:59,427 [WARN] PackLoader:240 - Cannot read IP mode file for STMicroelectronics.X-CUBE-AI.9.0.0
2024-07-25 09:07:59,434 [WARN] PackLoader:240 - Cannot read IP mode file for STMicroelectronics.X-CUBE-NFC7.1.0.1
2024-07-25 09:07:59,441 [WARN] PackLoader:240 - Cannot read IP mode file for wolfSSL.I-CUBE-wolfTPM.3.2.0
2024-07-25 09:07:59,475 [WARN] ConditionMgr:438 - getConditionDescription Invalid condition id : LAN8742 Phy interface Condition cause : null
2024-07-25 09:07:59,476 [WARN] PackLoader:240 - Cannot read IP mode file for STMicroelectronics.X-CUBE-AZRTOS-L4.2.0.0
2024-07-25 09:07:59,479 [WARN] ConditionMgr:1039 - genDependencies : Invalid condition id : LAN8742 Phy interface Condition cause : null
2024-07-25 09:07:59,480 [WARN] ConditionMgr:1039 - genDependencies : Invalid condition id : LAN8742 Phy interface Condition cause : null
2024-07-25 09:07:59,481 [WARN] ConditionMgr:1039 - genDependencies : Invalid condition id : LAN8742 Phy interface Condition cause : null
2024-07-25 09:07:59,495 [WARN] PackLoader:240 - Cannot read IP mode file for STMicroelectronics.X-CUBE-SFXS2LP1.4.0.0
2024-07-25 09:07:59,514 [WARN] ConditionMgr:438 - getConditionDescription Invalid condition id : UX DEVICE CLASS RTOS Condition cause : null
2024-07-25 09:07:59,515 [WARN] ConditionMgr:438 - getConditionDescription Invalid condition id : UX DEVICE CLASS RTOS Condition cause : null
2024-07-25 09:07:59,517 [WARN] PackLoader:240 - Cannot read IP mode file for STMicroelectronics.X-CUBE-AZRTOS-WB.2.0.0
2024-07-25 09:07:59,519 [WARN] ConditionMgr:1039 - genDependencies : Invalid condition id : UX DEVICE CLASS RTOS Condition cause : null
2024-07-25 09:07:59,519 [WARN] ConditionMgr:1039 - genDependencies : Invalid condition id : UX DEVICE CLASS RTOS Condition cause : null
2024-07-25 09:07:59,520 [WARN] ConditionMgr:1039 - genDependencies : Invalid condition id : UX DEVICE CLASS RTOS Condition cause : null
2024-07-25 09:07:59,520 [WARN] ConditionMgr:1039 - genDependencies : Invalid condition id : UX DEVICE CLASS RTOS Condition cause : null
2024-07-25 09:07:59,520 [WARN] ConditionMgr:1039 - genDependencies : Invalid condition id : UX DEVICE CLASS RTOS Condition cause : null
2024-07-25 09:07:59,532 [WARN] PackLoader:240 - Cannot read IP mode file for STMicroelectronics.FP-SNS-STBOX1.2.0.0
2024-07-25 09:07:59,549 [WARN] PackLoader:240 - Cannot read IP mode file for STMicroelectronics.X-CUBE-SUBG2.5.0.0
2024-07-25 09:07:59,562 [WARN] PackLoader:240 - Cannot read IP mode file for Cesanta.I-CUBE-Mongoose.7.13.0
2024-07-25 09:07:59,588 [WARN] PackLoader:240 - Cannot read IP mode file for STMicroelectronics.X-CUBE-AZRTOS-G4.2.0.0
2024-07-25 09:07:59,602 [WARN] PackLoader:240 - Cannot read IP mode file for STMicroelectronics.X-CUBE-ISPU.2.0.0
2024-07-25 09:07:59,609 [WARN] PackLoader:240 - Cannot read IP mode file for STMicroelectronics.X-CUBE-ALS.1.0.2
2024-07-25 09:07:59,638 [INFO] WebApp:779 - Register for checkConnection events
2024-07-25 09:07:59,640 [INFO] WebApp:414 - Apply proxy settings
2024-07-25 09:07:59,642 [INFO] WebApp:499 - Chromium requires no authentication
2024-07-25 09:07:59,692 [INFO] WebApp:442 - Direct internet connection detected
2024-07-25 09:07:59,750 [WARN] PackLoader:240 - Cannot read IP mode file for STMicroelectronics.X-CUBE-MEMS1.10.0.0
2024-07-25 09:07:59,938 [WARN] PackLoader:240 - Cannot read IP mode file for STMicroelectronics.X-CUBE-TOUCHGFX.4.24.0
2024-07-25 09:07:59,947 [WARN] PackLoader:240 - Cannot read IP mode file for portGmbH.I-Cube-SoM-uGOAL.1.1.0
2024-07-25 09:07:59,972 [WARN] PackLoader:240 - Cannot read IP mode file for STMicroelectronics.X-CUBE-AZRTOS-H7RS.1.0.0
2024-07-25 09:07:59,981 [WARN] PackLoader:240 - Cannot read IP mode file for STMicroelectronics.FP-ATR-ASTRA1.2.0.0
2024-07-25 09:07:59,999 [WARN] PackLoader:240 - Cannot read IP mode file for STMicroelectronics.X-CUBE-TOF1.3.4.1
2024-07-25 09:08:00,045 [WARN] PackLoader:240 - Cannot read IP mode file for STMicroelectronics.X-CUBE-AZRTOS-H7.3.2.0
2024-07-25 09:08:00,067 [WARN] PackLoader:240 - Cannot read IP mode file for Infineon.AIROC-Wi-Fi-Bluetooth-STM32.1.6.0
2024-07-25 09:08:00,076 [WARN] PackLoader:240 - Cannot read IP mode file for wolfSSL.I-CUBE-wolfSSH.1.4.17
2024-07-25 09:08:00,077 [INFO] ThirdParty:978 - Integrity check success = true
2024-07-25 09:08:00,077 [INFO] IntegrityCheckThread:100 - exiting critical section [integrity check]
2024-07-25 09:08:00,077 [INFO] IntegrityCheckThread:103 - End integrity checks thread
2024-07-25 09:08:00,337 [INFO] WebApp:192 - Starting web application
2024-07-25 09:08:00,337 [INFO] WebApp:544 - Web application path used C:\ST\STM32CubeIDE_1.15.1\STM32CubeIDE\plugins\com.st.stm32cube.common.mx_6.11.1.202404110753\db\plugins\mcufinder\reactClient1\index.html
2024-07-25 10:40:37,855 [ERROR] LogOutputStream:75 - [STDERR_REDIRECT] 
2024-07-25 10:40:37,856 [ERROR] LogOutputStream:75 - [STDERR_REDIRECT] 
