2024-07-27 18:47:31,396 [INFO] Activator:176 - 


2024-07-27 18:47:31,400 [INFO] Activator:177 - !SESSION log4j initialized
2024-07-27 18:47:35,510 [INFO] LogOutputStream:77 - [STDOUT_REDIRECT] 
2024-07-27 18:47:36,395 [INFO] ApplicationProperties:184 - Using Application install path: C:\ST\STM32CubeIDE_1.15.1\STM32CubeIDE\plugins\com.st.stm32cube.common.mx_6.11.1.202404110753
2024-07-27 18:47:36,492 [INFO] DbMcusXml:78 - Set database path to: C:\ST\STM32CubeIDE_1.15.1\STM32CubeIDE\plugins\com.st.stm32cube.common.mx_6.11.1.202404110753\\db\/mcu/
2024-07-27 18:47:36,493 [INFO] ApiDb:274 - Set plugin database path to: C:\ST\STM32CubeIDE_1.15.1\STM32CubeIDE\plugins\com.st.stm32cube.common.mx_6.11.1.202404110753\\db\/plugins/boardmanager/
2024-07-27 18:47:36,493 [WARN] ApiDb:259 - Overriding images path with different value:  => C:\ST\STM32CubeIDE_1.15.1\STM32CubeIDE\plugins\com.st.stm32cube.common.mx_6.11.1.202404110753\\db\/plugins/mcufinder/images/
2024-07-27 18:47:36,508 [INFO] ApiDb:250 - Set database path to: C:\Users\casim\.stmcufinder\plugins\mcufinder//mcu/
2024-07-27 18:47:36,510 [INFO] DbMcusAds:125 - Set database path to: C:\Users\casim\.stmcufinder\plugins\mcufinder//mcu/
2024-07-27 18:47:36,513 [INFO] CrossReferenceDbSqlite:203 - Set database path to: C:\Users\casim\.stmcufinder\plugins\mcufinder//mcu/cs/
2024-07-27 18:47:36,668 [INFO] RulesReader:64 - Compatibility file has been processed (297 Rules)
2024-07-27 18:47:36,766 [INFO] DbMcusXml:78 - Set database path to: C:\ST\STM32CubeIDE_1.15.1\STM32CubeIDE\plugins\com.st.stm32cube.common.mx_6.11.1.202404110753\\db\/mcu/
2024-07-27 18:47:36,767 [INFO] ApiDb:274 - Set plugin database path to: C:\ST\STM32CubeIDE_1.15.1\STM32CubeIDE\plugins\com.st.stm32cube.common.mx_6.11.1.202404110753\\db\/plugins/boardmanager/
2024-07-27 18:47:36,767 [INFO] ApiDb:261 - Set plugin images path to: C:\ST\STM32CubeIDE_1.15.1\STM32CubeIDE\plugins\com.st.stm32cube.common.mx_6.11.1.202404110753\\db\/plugins/mcufinder/images/
2024-07-27 18:47:36,767 [WARN] DbFile:41 - Overriding database path with different value: C:\Users\casim\.stmcufinder\plugins\mcufinder/ => C:\Users\casim\.stmcufinder\plugins\mcufinder
2024-07-27 18:47:36,767 [INFO] ApiDb:250 - Set database path to: C:\Users\casim\.stmcufinder\plugins\mcufinder//mcu/
2024-07-27 18:47:36,767 [WARN] DbFile:41 - Overriding database path with different value: C:\Users\casim\.stmcufinder\plugins\mcufinder/ => C:\Users\casim\.stmcufinder\plugins\mcufinder
2024-07-27 18:47:36,767 [INFO] DbMcusAds:125 - Set database path to: C:\Users\casim\.stmcufinder\plugins\mcufinder//mcu/
2024-07-27 18:47:36,767 [WARN] DbFile:41 - Overriding database path with different value: C:\Users\casim\.stmcufinder\plugins\mcufinder/ => C:\Users\casim\.stmcufinder\plugins\mcufinder
2024-07-27 18:47:36,767 [WARN] DbFile:41 - Overriding database path with different value: C:\Users\casim\.stmcufinder\plugins\mcufinder/ => C:\Users\casim\.stmcufinder\plugins\mcufinder
2024-07-27 18:47:36,767 [INFO] CrossReferenceDbSqlite:203 - Set database path to: C:\Users\casim\.stmcufinder\plugins\mcufinder//mcu/cs/
2024-07-27 18:47:36,864 [INFO] MainPanel:264 - HeapMemory: 268435456
2024-07-27 18:47:36,933 [INFO] DbMcusXml:78 - Set database path to: C:\ST\STM32CubeIDE_1.15.1\STM32CubeIDE\plugins\com.st.stm32cube.common.mx_6.11.1.202404110753\\db\/mcu/
2024-07-27 18:47:36,933 [INFO] ApiDb:274 - Set plugin database path to: C:\ST\STM32CubeIDE_1.15.1\STM32CubeIDE\plugins\com.st.stm32cube.common.mx_6.11.1.202404110753\\db\/plugins/boardmanager/
2024-07-27 18:47:36,933 [INFO] ApiDb:261 - Set plugin images path to: C:\ST\STM32CubeIDE_1.15.1\STM32CubeIDE\plugins\com.st.stm32cube.common.mx_6.11.1.202404110753\\db\/plugins/mcufinder/images/
2024-07-27 18:47:36,934 [WARN] DbFile:41 - Overriding database path with different value: C:\Users\casim\.stmcufinder\plugins\mcufinder/ => C:\Users\casim\.stmcufinder\plugins\mcufinder
2024-07-27 18:47:36,934 [INFO] ApiDb:250 - Set database path to: C:\Users\casim\.stmcufinder\plugins\mcufinder//mcu/
2024-07-27 18:47:36,934 [WARN] DbFile:41 - Overriding database path with different value: C:\Users\casim\.stmcufinder\plugins\mcufinder/ => C:\Users\casim\.stmcufinder\plugins\mcufinder
2024-07-27 18:47:36,934 [INFO] DbMcusAds:125 - Set database path to: C:\Users\casim\.stmcufinder\plugins\mcufinder//mcu/
2024-07-27 18:47:36,934 [WARN] DbFile:41 - Overriding database path with different value: C:\Users\casim\.stmcufinder\plugins\mcufinder/ => C:\Users\casim\.stmcufinder\plugins\mcufinder
2024-07-27 18:47:36,934 [WARN] DbFile:41 - Overriding database path with different value: C:\Users\casim\.stmcufinder\plugins\mcufinder/ => C:\Users\casim\.stmcufinder\plugins\mcufinder
2024-07-27 18:47:36,934 [INFO] CrossReferenceDbSqlite:203 - Set database path to: C:\Users\casim\.stmcufinder\plugins\mcufinder//mcu/cs/
2024-07-27 18:47:36,949 [INFO] ApplicationProperties:184 - Using Application install path: C:\ST\STM32CubeIDE_1.15.1\STM32CubeIDE\plugins\com.st.stm32cube.common.mx_6.11.1.202404110753
2024-07-27 18:47:36,950 [INFO] PluginManage:196 - Search for loadable plugins [exclusion list=, ]
2024-07-27 18:47:36,951 [INFO] PluginManage:310 - Check plugin analytics
2024-07-27 18:47:37,091 [INFO] AnalyticsPlugin:253 - Accepted Software Licenses: 
2024-07-27 18:47:37,091 [INFO] AnalyticsPlugin:255 - Accepted CMSIS Pack Licenses: 
2024-07-27 18:47:37,091 [INFO] AnalyticsPlugin:257 - Accepted Firmware Licenses: FW.H7.1.11.0
2024-07-27 18:47:37,095 [INFO] PluginManage:359 - Loaded plugin analytics (category:tool,tabindex:-1)
2024-07-27 18:47:37,096 [INFO] PluginManage:310 - Check plugin cadmodel
2024-07-27 18:47:37,100 [INFO] CADModel:105 - Init CAD model plugin
2024-07-27 18:47:37,100 [INFO] PluginManage:359 - Loaded plugin cadmodel (category:power,tabindex:5)
2024-07-27 18:47:37,101 [INFO] PluginManage:310 - Check plugin clock
2024-07-27 18:47:37,110 [INFO] PluginManage:359 - Loaded plugin clock (category:base,tabindex:2)
2024-07-27 18:47:37,110 [INFO] PluginManage:310 - Check plugin ddr
2024-07-27 18:47:37,112 [INFO] PluginManage:359 - Loaded plugin ddr (category:tool,tabindex:6)
2024-07-27 18:47:37,112 [INFO] PluginManage:310 - Check plugin filemanager
2024-07-27 18:47:37,228 [INFO] PluginManage:359 - Loaded plugin filemanager (category:base,tabindex:10)
2024-07-27 18:47:37,228 [INFO] PluginManage:310 - Check plugin ipmanager
2024-07-27 18:47:37,234 [INFO] PluginManage:359 - Loaded plugin ipmanager (category:base,tabindex:5)
2024-07-27 18:47:37,234 [INFO] PluginManage:310 - Check plugin lpbam
2024-07-27 18:47:37,241 [INFO] PluginManage:359 - Loaded plugin lpbam (category:base,tabindex:0)
2024-07-27 18:47:37,241 [INFO] PluginManage:310 - Check plugin memorymap
2024-07-27 18:47:37,253 [INFO] PluginManage:359 - Loaded plugin memorymap (category:base,tabindex:4)
2024-07-27 18:47:37,253 [INFO] PluginManage:310 - Check plugin pinoutandconfiguration
2024-07-27 18:47:37,259 [INFO] PluginManage:359 - Loaded plugin pinoutandconfiguration (category:base,tabindex:1)
2024-07-27 18:47:37,259 [INFO] PluginManage:310 - Check plugin pinoutconfig
2024-07-27 18:47:37,327 [WARN] SupportedApi:132 - Cannot load RTOS API schema: s4s-elt-must-match.1: The content of 'definitions' must match (annotation?, (simpleType | complexType)?, (unique | key | keyref)*)). A problem was found starting at: attribute.
2024-07-27 18:47:37,440 [INFO] PluginManage:359 - Loaded plugin pinoutconfig (category:base,tabindex:0)
2024-07-27 18:47:37,440 [INFO] PluginManage:310 - Check plugin power
2024-07-27 18:47:37,451 [INFO] PluginManage:359 - Loaded plugin power (category:power,tabindex:4)
2024-07-27 18:47:37,451 [INFO] PluginManage:310 - Check plugin projectmanager
2024-07-27 18:47:37,466 [INFO] PluginManage:359 - Loaded plugin projectmanager (category:projectmanager,tabindex:3)
2024-07-27 18:47:37,467 [INFO] PluginManage:310 - Check plugin thirdparty
2024-07-27 18:47:37,616 [INFO] PluginManage:359 - Loaded plugin thirdparty (category:base,tabindex:-1)
2024-07-27 18:47:37,616 [INFO] PluginManage:310 - Check plugin tools
2024-07-27 18:47:37,616 [WARN] IntegrityCheckThread:84 - waiting for thirdparty lock release [integrity check]
2024-07-27 18:47:37,616 [INFO] IntegrityCheckThread:86 - entering critical section [integrity check]
2024-07-27 18:47:37,617 [INFO] ThirdPartyUpdaterWithRetryManager:70 - Updater plugin not ready yet. [1/15]
2024-07-27 18:47:37,618 [INFO] PluginManage:359 - Loaded plugin tools (category:base,tabindex:7)
2024-07-27 18:47:37,618 [INFO] PluginManage:310 - Check plugin tutovideos
2024-07-27 18:47:37,765 [INFO] PluginManage:359 - Loaded plugin tutovideos (category:base,tabindex:-1)
2024-07-27 18:47:37,766 [INFO] PluginManage:310 - Check plugin updater
2024-07-27 18:47:37,774 [INFO] PluginManage:359 - Loaded plugin updater (category:base,tabindex:12)
2024-07-27 18:47:37,775 [INFO] PluginManage:310 - Check plugin userauth
2024-07-27 18:47:37,779 [INFO] UserAuth:114 - Init User Auth plugin
2024-07-27 18:47:37,779 [INFO] PluginManage:359 - Loaded plugin userauth (category:base,tabindex:14)
2024-07-27 18:47:37,780 [INFO] PluginManage:283 - PluginManage : Loaded plugins [17]
2024-07-27 18:47:37,979 [INFO] PinOutPanel:1561 - setPackage(No Configuration,No Configuration)
2024-07-27 18:47:38,047 [INFO] CADModel:165 - CPN selected for project level
2024-07-27 18:47:38,048 [INFO] CADModel:114 - Register for checkConnection events
2024-07-27 18:47:38,062 [INFO] IPUIPlugin:80 - create IPUIPlugin
2024-07-27 18:47:38,062 [INFO] PluginManager:220 - loadIPPluginJar : add adc
2024-07-27 18:47:38,064 [INFO] IPUIPlugin:80 - create IPUIPlugin
2024-07-27 18:47:38,064 [INFO] PluginManager:220 - loadIPPluginJar : add aes
2024-07-27 18:47:38,067 [INFO] IPUIPlugin:80 - create IPUIPlugin
2024-07-27 18:47:38,067 [INFO] PluginManager:220 - loadIPPluginJar : add can
2024-07-27 18:47:38,068 [INFO] IPUIPlugin:80 - create IPUIPlugin
2024-07-27 18:47:38,069 [INFO] PluginManager:220 - loadIPPluginJar : add comp
2024-07-27 18:47:38,071 [INFO] IPUIPlugin:80 - create IPUIPlugin
2024-07-27 18:47:38,071 [INFO] PluginManager:220 - loadIPPluginJar : add cryp
2024-07-27 18:47:38,074 [INFO] IPUIPlugin:80 - create IPUIPlugin
2024-07-27 18:47:38,074 [INFO] PluginManager:220 - loadIPPluginJar : add dfsdm
2024-07-27 18:47:38,079 [INFO] IPUIPlugin:80 - create IPUIPlugin
2024-07-27 18:47:38,079 [INFO] PluginManager:220 - loadIPPluginJar : add dma
2024-07-27 18:47:38,081 [INFO] IPUIPlugin:80 - create IPUIPlugin
2024-07-27 18:47:38,081 [INFO] PluginManager:220 - loadIPPluginJar : add dma3
2024-07-27 18:47:38,084 [INFO] IPUIPlugin:80 - create IPUIPlugin
2024-07-27 18:47:38,084 [INFO] PluginManager:220 - loadIPPluginJar : add extmemmanager
2024-07-27 18:47:38,085 [INFO] IPUIPlugin:80 - create IPUIPlugin
2024-07-27 18:47:38,085 [INFO] PluginManager:220 - loadIPPluginJar : add fatfs
2024-07-27 18:47:38,089 [INFO] IPUIPlugin:80 - create IPUIPlugin
2024-07-27 18:47:38,089 [INFO] PluginManager:220 - loadIPPluginJar : add fmc
2024-07-27 18:47:38,094 [INFO] IPUIPlugin:80 - create IPUIPlugin
2024-07-27 18:47:38,094 [INFO] PluginManager:220 - loadIPPluginJar : add freertos
2024-07-27 18:47:38,095 [INFO] IPUIPlugin:80 - create IPUIPlugin
2024-07-27 18:47:38,096 [INFO] PluginManager:220 - loadIPPluginJar : add genericplugin
2024-07-27 18:47:38,100 [INFO] IPUIPlugin:80 - create IPUIPlugin
2024-07-27 18:47:38,100 [INFO] PluginManager:220 - loadIPPluginJar : add gfxmmu
2024-07-27 18:47:38,104 [INFO] IPUIPlugin:80 - create IPUIPlugin
2024-07-27 18:47:38,105 [INFO] PluginManager:220 - loadIPPluginJar : add gic
2024-07-27 18:47:38,108 [INFO] IPUIPlugin:80 - create IPUIPlugin
2024-07-27 18:47:38,108 [INFO] PluginManager:220 - loadIPPluginJar : add gpio
2024-07-27 18:47:38,111 [INFO] IPUIPlugin:80 - create IPUIPlugin
2024-07-27 18:47:38,111 [INFO] PluginManager:220 - loadIPPluginJar : add gtzc
2024-07-27 18:47:38,112 [INFO] IPUIPlugin:80 - create IPUIPlugin
2024-07-27 18:47:38,112 [INFO] PluginManager:220 - loadIPPluginJar : add hash
2024-07-27 18:47:38,115 [INFO] IPUIPlugin:80 - create IPUIPlugin
2024-07-27 18:47:38,115 [INFO] PluginManager:220 - loadIPPluginJar : add i2c
2024-07-27 18:47:38,117 [INFO] IPUIPlugin:80 - create IPUIPlugin
2024-07-27 18:47:38,118 [INFO] PluginManager:220 - loadIPPluginJar : add i2s
2024-07-27 18:47:38,120 [INFO] IPUIPlugin:80 - create IPUIPlugin
2024-07-27 18:47:38,120 [INFO] PluginManager:220 - loadIPPluginJar : add i3c
2024-07-27 18:47:38,123 [INFO] IPUIPlugin:80 - create IPUIPlugin
2024-07-27 18:47:38,123 [INFO] PluginManager:220 - loadIPPluginJar : add ipddr
2024-07-27 18:47:38,129 [INFO] IPUIPlugin:80 - create IPUIPlugin
2024-07-27 18:47:38,129 [INFO] PluginManager:220 - loadIPPluginJar : add linkedlist
2024-07-27 18:47:38,133 [INFO] IPUIPlugin:80 - create IPUIPlugin
2024-07-27 18:47:38,133 [INFO] PluginManager:220 - loadIPPluginJar : add lorawan
2024-07-27 18:47:38,135 [INFO] IPUIPlugin:80 - create IPUIPlugin
2024-07-27 18:47:38,135 [INFO] PluginManager:220 - loadIPPluginJar : add ltdc
2024-07-27 18:47:38,140 [INFO] IPUIPlugin:80 - create IPUIPlugin
2024-07-27 18:47:38,140 [INFO] PluginManager:220 - loadIPPluginJar : add mdma
2024-07-27 18:47:38,143 [INFO] IPUIPlugin:80 - create IPUIPlugin
2024-07-27 18:47:38,143 [INFO] PluginManager:220 - loadIPPluginJar : add nvic
2024-07-27 18:47:38,146 [INFO] IPUIPlugin:80 - create IPUIPlugin
2024-07-27 18:47:38,146 [INFO] PluginManager:220 - loadIPPluginJar : add opamp
2024-07-27 18:47:38,149 [INFO] IPUIPlugin:80 - create IPUIPlugin
2024-07-27 18:47:38,149 [INFO] PluginManager:220 - loadIPPluginJar : add openamp
2024-07-27 18:47:38,152 [INFO] IPUIPlugin:80 - create IPUIPlugin
2024-07-27 18:47:38,152 [INFO] PluginManager:220 - loadIPPluginJar : add pdm2pcm
2024-07-27 18:47:38,157 [INFO] IPUIPlugin:80 - create IPUIPlugin
2024-07-27 18:47:38,158 [INFO] PluginManager:220 - loadIPPluginJar : add plateformsettings
2024-07-27 18:47:38,159 [INFO] IPUIPlugin:80 - create IPUIPlugin
2024-07-27 18:47:38,159 [INFO] PluginManager:220 - loadIPPluginJar : add quadspi
2024-07-27 18:47:38,162 [INFO] IPUIPlugin:80 - create IPUIPlugin
2024-07-27 18:47:38,163 [INFO] PluginManager:220 - loadIPPluginJar : add resmgrutility
2024-07-27 18:47:38,165 [INFO] IPUIPlugin:80 - create IPUIPlugin
2024-07-27 18:47:38,165 [INFO] PluginManager:220 - loadIPPluginJar : add sai
2024-07-27 18:47:38,166 [INFO] IPUIPlugin:80 - create IPUIPlugin
2024-07-27 18:47:38,166 [INFO] PluginManager:220 - loadIPPluginJar : add spi
2024-07-27 18:47:38,172 [INFO] IPUIPlugin:80 - create IPUIPlugin
2024-07-27 18:47:38,172 [INFO] PluginManager:220 - loadIPPluginJar : add stm32_wpan
2024-07-27 18:47:38,174 [INFO] IPUIPlugin:80 - create IPUIPlugin
2024-07-27 18:47:38,174 [INFO] PluginManager:220 - loadIPPluginJar : add tim
2024-07-27 18:47:38,178 [INFO] IPUIPlugin:80 - create IPUIPlugin
2024-07-27 18:47:38,178 [INFO] PluginManager:220 - loadIPPluginJar : add touchsensing
2024-07-27 18:47:38,180 [INFO] IPUIPlugin:80 - create IPUIPlugin
2024-07-27 18:47:38,180 [INFO] PluginManager:220 - loadIPPluginJar : add tracer_emb
2024-07-27 18:47:38,182 [INFO] IPUIPlugin:80 - create IPUIPlugin
2024-07-27 18:47:38,182 [INFO] PluginManager:220 - loadIPPluginJar : add ts
2024-07-27 18:47:38,183 [INFO] IPUIPlugin:80 - create IPUIPlugin
2024-07-27 18:47:38,183 [INFO] PluginManager:220 - loadIPPluginJar : add tsc
2024-07-27 18:47:38,187 [INFO] IPUIPlugin:80 - create IPUIPlugin
2024-07-27 18:47:38,187 [INFO] PluginManager:220 - loadIPPluginJar : add ucpd
2024-07-27 18:47:38,190 [INFO] IPUIPlugin:80 - create IPUIPlugin
2024-07-27 18:47:38,190 [INFO] PluginManager:220 - loadIPPluginJar : add usart
2024-07-27 18:47:38,193 [INFO] IPUIPlugin:80 - create IPUIPlugin
2024-07-27 18:47:38,193 [INFO] PluginManager:220 - loadIPPluginJar : add usbx
2024-07-27 18:47:38,321 [INFO] CADModel:165 - CPN selected for project level
2024-07-27 18:47:38,321 [INFO] CADModel:114 - Register for checkConnection events
2024-07-27 18:47:38,322 [FATAL] Updater:308 - Updater called before beeing initialized
2024-07-27 18:47:38,322 [ERROR] CADModel:125 - Updater not yet initialized, retry later 
2024-07-27 18:47:38,464 [INFO] CADModel:165 - CPN selected for project level
2024-07-27 18:47:38,465 [INFO] CADModel:114 - Register for checkConnection events
2024-07-27 18:47:38,465 [FATAL] Updater:308 - Updater called before beeing initialized
2024-07-27 18:47:38,465 [ERROR] CADModel:125 - Updater not yet initialized, retry later 
2024-07-27 18:47:38,467 [FATAL] Updater:308 - Updater called before beeing initialized
2024-07-27 18:47:38,558 [FATAL] Updater:308 - Updater called before beeing initialized
2024-07-27 18:47:38,562 [INFO] DbMcusAds:53 - JSON generation date=Thu May 16 02:22:01 PDT 2024 (1715851321109)
2024-07-27 18:47:38,563 [FATAL] Updater:308 - Updater called before beeing initialized
2024-07-27 18:47:38,597 [WARN] DetailPanel:346 - Failed to get advertising image, set to default
2024-07-27 18:47:38,659 [FATAL] Updater:308 - Updater called before beeing initialized
2024-07-27 18:47:38,660 [FATAL] Updater:308 - Updater called before beeing initialized
2024-07-27 18:47:38,660 [FATAL] Updater:308 - Updater called before beeing initialized
2024-07-27 18:47:38,661 [WARN] DetailPanel:346 - Failed to get advertising image, set to default
2024-07-27 18:47:38,661 [FATAL] Updater:308 - Updater called before beeing initialized
2024-07-27 18:47:38,706 [ERROR] Updater:1120 - MainUpdater not yet initialized. External WinMGr cannot be set.
2024-07-27 18:47:38,708 [INFO] Updater:1056 - Updater Version found : 6.11.1
2024-07-27 18:47:38,733 [INFO] ApplicationProperties:184 - Using Application install path: C:\ST\STM32CubeIDE_1.15.1\STM32CubeIDE\plugins\com.st.stm32cube.common.mx_6.11.1.202404110753
2024-07-27 18:47:40,309 [ERROR] LogOutputStream:75 - [STDERR_REDIRECT] Jul 27, 2024 6:47:40 PM java.util.prefs.WindowsPreferences <init>
2024-07-27 18:47:40,310 [ERROR] LogOutputStream:75 - [STDERR_REDIRECT] WARNING: Could not open/create prefs root node Software\JavaSoft\Prefs at root 0xffffffff80000002. Windows RegCreateKeyEx(...) returned error code 5.
2024-07-27 18:47:40,310 [ERROR] LogOutputStream:75 - [STDERR_REDIRECT] 
2024-07-27 18:47:40,618 [INFO] ThirdPartyUpdaterWithRetryManager:70 - Updater plugin not ready yet. [2/15]
2024-07-27 18:47:40,644 [INFO] MainUpdater:2873 - connection check result : 10
2024-07-27 18:47:40,644 [INFO] MainUpdater:3567 - Updater definition file requires update
2024-07-27 18:47:40,645 [INFO] MainUpdater:290 - Updater Check For Update Now.
2024-07-27 18:47:40,645 [INFO] MicroXplorer:498 - Change Database Version : DB.6.0.111
2024-07-27 18:47:40,649 [INFO] McuFinderGlobals:63 - Set McuFinder mode to 2 (CubeIDE integrated)
2024-07-27 18:47:40,653 [INFO] UserAuth:415 - Internet connection configuration mode: 1
2024-07-27 18:47:40,655 [INFO] ServerAccessManage:473 - Download File updaters.zip
2024-07-27 18:47:40,672 [INFO] JxBrowserEngine:152 - Initiate JxBrowser Engine with user profile folder
2024-07-27 18:47:40,740 [INFO] FileExtend:240 - Unzip File : updaters.zip
2024-07-27 18:47:40,741 [INFO] FileExtend:255 - Standard Zip Deflate
2024-07-27 18:47:41,001 [INFO] ServerAccessManage:473 - Download File PacksControlFlags.xml
2024-07-27 18:47:41,074 [INFO] ServerAccessManage:473 - Download File cubemx.pidx
2024-07-27 18:47:41,853 [INFO] ServerAccessManage:473 - Download File STMicroelectronics.X-CUBE-TOF1.pdsc
2024-07-27 18:47:42,029 [INFO] WebApp:161 - Instantiating new browser for Auth
2024-07-27 18:47:42,545 [INFO] WebApp:779 - Register for checkConnection events
2024-07-27 18:47:42,545 [INFO] WebApp:414 - Apply proxy settings
2024-07-27 18:47:42,545 [INFO] WebApp:499 - Chromium requires no authentication
2024-07-27 18:47:42,551 [INFO] WebApp:442 - Direct internet connection detected
2024-07-27 18:47:42,696 [INFO] WebApp:192 - Starting web application
2024-07-27 18:47:42,697 [INFO] WebApp:544 - Web application path used C:\ST\STM32CubeIDE_1.15.1\STM32CubeIDE\plugins\com.st.stm32cube.common.mx_6.11.1.202404110753\db\plugins\mcufinder\reactClient1\index.html
2024-07-27 18:47:43,621 [WARN] MainUpdater:1194 - Updater busy. Cannot search thirdparties
2024-07-27 18:47:43,622 [INFO] ThirdPartyUpdaterWithRetryManager:96 - Updater plugin is busy. [1/15]
2024-07-27 18:47:46,623 [WARN] MainUpdater:1194 - Updater busy. Cannot search thirdparties
2024-07-27 18:47:46,623 [INFO] ThirdPartyUpdaterWithRetryManager:96 - Updater plugin is busy. [2/15]
2024-07-27 18:47:47,910 [ERROR] ServerAccessManage:1089 - Problem, file not found on Server
2024-07-27 18:47:48,586 [WARN] PackLoader:240 - Cannot read IP mode file for STMicroelectronics.X-CUBE-TOF1.3.4.2
2024-07-27 18:47:48,616 [INFO] PopulateThirdPartyThread:66 - Ending populate Thread
2024-07-27 18:47:48,618 [INFO] ThirdParty:1030 - CMSIS Pack Vendor :STMicroelectronics X-CUBE-TOF1 3.4.2
2024-07-27 18:47:48,619 [INFO] LoadServerUpdatesThread:375 - End of LoadServerUpdate Thread
2024-07-27 18:47:48,654 [INFO] CheckServerUpdateThread:120 - End of CheckServer Thread
2024-07-27 18:47:49,711 [ERROR] LogOutputStream:75 - [STDERR_REDIRECT] 
