2024-07-12 11:45:22,239 [INFO] Activator:176 - 


2024-07-12 11:45:22,240 [INFO] Activator:177 - !SESSION log4j initialized
2024-07-12 11:45:24,120 [INFO] LogOutputStream:77 - [STDOUT_REDIRECT] 
2024-07-12 11:45:25,399 [INFO] ApplicationProperties:184 - Using Application install path: C:\ST\STM32CubeIDE_1.15.1\STM32CubeIDE\plugins\com.st.stm32cube.common.mx_6.11.1.202404110753
2024-07-12 11:45:25,415 [INFO] DbMcusXml:78 - Set database path to: C:\ST\STM32CubeIDE_1.15.1\STM32CubeIDE\plugins\com.st.stm32cube.common.mx_6.11.1.202404110753\\db\/mcu/
2024-07-12 11:45:25,415 [INFO] ApiDb:274 - Set plugin database path to: C:\ST\STM32CubeIDE_1.15.1\STM32CubeIDE\plugins\com.st.stm32cube.common.mx_6.11.1.202404110753\\db\/plugins/boardmanager/
2024-07-12 11:45:25,416 [WARN] ApiDb:259 - Overriding images path with different value:  => C:\ST\STM32CubeIDE_1.15.1\STM32CubeIDE\plugins\com.st.stm32cube.common.mx_6.11.1.202404110753\\db\/plugins/mcufinder/images/
2024-07-12 11:45:25,419 [INFO] ApiDb:250 - Set database path to: C:\Users\casim\.stmcufinder\plugins\mcufinder//mcu/
2024-07-12 11:45:25,420 [INFO] DbMcusAds:125 - Set database path to: C:\Users\casim\.stmcufinder\plugins\mcufinder//mcu/
2024-07-12 11:45:25,422 [INFO] CrossReferenceDbSqlite:203 - Set database path to: C:\Users\casim\.stmcufinder\plugins\mcufinder//mcu/cs/
2024-07-12 11:45:25,511 [INFO] RulesReader:64 - Compatibility file has been processed (297 Rules)
2024-07-12 11:45:25,577 [INFO] DbMcusXml:78 - Set database path to: C:\ST\STM32CubeIDE_1.15.1\STM32CubeIDE\plugins\com.st.stm32cube.common.mx_6.11.1.202404110753\\db\/mcu/
2024-07-12 11:45:25,577 [INFO] ApiDb:274 - Set plugin database path to: C:\ST\STM32CubeIDE_1.15.1\STM32CubeIDE\plugins\com.st.stm32cube.common.mx_6.11.1.202404110753\\db\/plugins/boardmanager/
2024-07-12 11:45:25,578 [INFO] ApiDb:261 - Set plugin images path to: C:\ST\STM32CubeIDE_1.15.1\STM32CubeIDE\plugins\com.st.stm32cube.common.mx_6.11.1.202404110753\\db\/plugins/mcufinder/images/
2024-07-12 11:45:25,578 [WARN] DbFile:41 - Overriding database path with different value: C:\Users\casim\.stmcufinder\plugins\mcufinder/ => C:\Users\casim\.stmcufinder\plugins\mcufinder
2024-07-12 11:45:25,578 [INFO] ApiDb:250 - Set database path to: C:\Users\casim\.stmcufinder\plugins\mcufinder//mcu/
2024-07-12 11:45:25,578 [WARN] DbFile:41 - Overriding database path with different value: C:\Users\casim\.stmcufinder\plugins\mcufinder/ => C:\Users\casim\.stmcufinder\plugins\mcufinder
2024-07-12 11:45:25,578 [INFO] DbMcusAds:125 - Set database path to: C:\Users\casim\.stmcufinder\plugins\mcufinder//mcu/
2024-07-12 11:45:25,578 [WARN] DbFile:41 - Overriding database path with different value: C:\Users\casim\.stmcufinder\plugins\mcufinder/ => C:\Users\casim\.stmcufinder\plugins\mcufinder
2024-07-12 11:45:25,578 [WARN] DbFile:41 - Overriding database path with different value: C:\Users\casim\.stmcufinder\plugins\mcufinder/ => C:\Users\casim\.stmcufinder\plugins\mcufinder
2024-07-12 11:45:25,578 [INFO] CrossReferenceDbSqlite:203 - Set database path to: C:\Users\casim\.stmcufinder\plugins\mcufinder//mcu/cs/
2024-07-12 11:45:25,644 [INFO] MainPanel:264 - HeapMemory: 268435456
2024-07-12 11:45:25,706 [INFO] DbMcusXml:78 - Set database path to: C:\ST\STM32CubeIDE_1.15.1\STM32CubeIDE\plugins\com.st.stm32cube.common.mx_6.11.1.202404110753\\db\/mcu/
2024-07-12 11:45:25,706 [INFO] ApiDb:274 - Set plugin database path to: C:\ST\STM32CubeIDE_1.15.1\STM32CubeIDE\plugins\com.st.stm32cube.common.mx_6.11.1.202404110753\\db\/plugins/boardmanager/
2024-07-12 11:45:25,706 [INFO] ApiDb:261 - Set plugin images path to: C:\ST\STM32CubeIDE_1.15.1\STM32CubeIDE\plugins\com.st.stm32cube.common.mx_6.11.1.202404110753\\db\/plugins/mcufinder/images/
2024-07-12 11:45:25,707 [WARN] DbFile:41 - Overriding database path with different value: C:\Users\casim\.stmcufinder\plugins\mcufinder/ => C:\Users\casim\.stmcufinder\plugins\mcufinder
2024-07-12 11:45:25,707 [INFO] ApiDb:250 - Set database path to: C:\Users\casim\.stmcufinder\plugins\mcufinder//mcu/
2024-07-12 11:45:25,707 [WARN] DbFile:41 - Overriding database path with different value: C:\Users\casim\.stmcufinder\plugins\mcufinder/ => C:\Users\casim\.stmcufinder\plugins\mcufinder
2024-07-12 11:45:25,707 [INFO] DbMcusAds:125 - Set database path to: C:\Users\casim\.stmcufinder\plugins\mcufinder//mcu/
2024-07-12 11:45:25,707 [WARN] DbFile:41 - Overriding database path with different value: C:\Users\casim\.stmcufinder\plugins\mcufinder/ => C:\Users\casim\.stmcufinder\plugins\mcufinder
2024-07-12 11:45:25,707 [WARN] DbFile:41 - Overriding database path with different value: C:\Users\casim\.stmcufinder\plugins\mcufinder/ => C:\Users\casim\.stmcufinder\plugins\mcufinder
2024-07-12 11:45:25,707 [INFO] CrossReferenceDbSqlite:203 - Set database path to: C:\Users\casim\.stmcufinder\plugins\mcufinder//mcu/cs/
2024-07-12 11:45:25,722 [INFO] ApplicationProperties:184 - Using Application install path: C:\ST\STM32CubeIDE_1.15.1\STM32CubeIDE\plugins\com.st.stm32cube.common.mx_6.11.1.202404110753
2024-07-12 11:45:25,723 [INFO] PluginManage:196 - Search for loadable plugins [exclusion list=, ]
2024-07-12 11:45:25,724 [INFO] PluginManage:310 - Check plugin analytics
2024-07-12 11:45:25,859 [INFO] AnalyticsPlugin:253 - Accepted Software Licenses: 
2024-07-12 11:45:25,859 [INFO] AnalyticsPlugin:255 - Accepted CMSIS Pack Licenses: 
2024-07-12 11:45:25,859 [INFO] AnalyticsPlugin:257 - Accepted Firmware Licenses: FW.H7.1.11.0
2024-07-12 11:45:25,861 [INFO] PluginManage:359 - Loaded plugin analytics (category:tool,tabindex:-1)
2024-07-12 11:45:25,862 [INFO] PluginManage:310 - Check plugin cadmodel
2024-07-12 11:45:25,868 [INFO] CADModel:105 - Init CAD model plugin
2024-07-12 11:45:25,868 [INFO] PluginManage:359 - Loaded plugin cadmodel (category:power,tabindex:5)
2024-07-12 11:45:25,868 [INFO] PluginManage:310 - Check plugin clock
2024-07-12 11:45:25,876 [INFO] PluginManage:359 - Loaded plugin clock (category:base,tabindex:2)
2024-07-12 11:45:25,876 [INFO] PluginManage:310 - Check plugin ddr
2024-07-12 11:45:25,878 [INFO] PluginManage:359 - Loaded plugin ddr (category:tool,tabindex:6)
2024-07-12 11:45:25,878 [INFO] PluginManage:310 - Check plugin filemanager
2024-07-12 11:45:26,006 [INFO] PluginManage:359 - Loaded plugin filemanager (category:base,tabindex:10)
2024-07-12 11:45:26,006 [INFO] PluginManage:310 - Check plugin ipmanager
2024-07-12 11:45:26,011 [INFO] PluginManage:359 - Loaded plugin ipmanager (category:base,tabindex:5)
2024-07-12 11:45:26,011 [INFO] PluginManage:310 - Check plugin lpbam
2024-07-12 11:45:26,019 [INFO] PluginManage:359 - Loaded plugin lpbam (category:base,tabindex:0)
2024-07-12 11:45:26,019 [INFO] PluginManage:310 - Check plugin memorymap
2024-07-12 11:45:26,027 [INFO] PluginManage:359 - Loaded plugin memorymap (category:base,tabindex:4)
2024-07-12 11:45:26,028 [INFO] PluginManage:310 - Check plugin pinoutandconfiguration
2024-07-12 11:45:26,032 [INFO] PluginManage:359 - Loaded plugin pinoutandconfiguration (category:base,tabindex:1)
2024-07-12 11:45:26,032 [INFO] PluginManage:310 - Check plugin pinoutconfig
2024-07-12 11:45:26,092 [WARN] SupportedApi:132 - Cannot load RTOS API schema: s4s-elt-must-match.1: The content of 'definitions' must match (annotation?, (simpleType | complexType)?, (unique | key | keyref)*)). A problem was found starting at: attribute.
2024-07-12 11:45:26,177 [INFO] PluginManage:359 - Loaded plugin pinoutconfig (category:base,tabindex:0)
2024-07-12 11:45:26,177 [INFO] PluginManage:310 - Check plugin power
2024-07-12 11:45:26,187 [INFO] PluginManage:359 - Loaded plugin power (category:power,tabindex:4)
2024-07-12 11:45:26,187 [INFO] PluginManage:310 - Check plugin projectmanager
2024-07-12 11:45:26,201 [INFO] PluginManage:359 - Loaded plugin projectmanager (category:projectmanager,tabindex:3)
2024-07-12 11:45:26,202 [INFO] PluginManage:310 - Check plugin thirdparty
2024-07-12 11:45:26,315 [INFO] PluginManage:359 - Loaded plugin thirdparty (category:base,tabindex:-1)
2024-07-12 11:45:26,315 [INFO] PluginManage:310 - Check plugin tools
2024-07-12 11:45:26,315 [WARN] IntegrityCheckThread:84 - waiting for thirdparty lock release [integrity check]
2024-07-12 11:45:26,316 [INFO] IntegrityCheckThread:86 - entering critical section [integrity check]
2024-07-12 11:45:26,317 [INFO] ThirdPartyUpdaterWithRetryManager:70 - Updater plugin not ready yet. [1/15]
2024-07-12 11:45:26,318 [INFO] PluginManage:359 - Loaded plugin tools (category:base,tabindex:7)
2024-07-12 11:45:26,318 [INFO] PluginManage:310 - Check plugin tutovideos
2024-07-12 11:45:26,451 [INFO] PluginManage:359 - Loaded plugin tutovideos (category:base,tabindex:-1)
2024-07-12 11:45:26,451 [INFO] PluginManage:310 - Check plugin updater
2024-07-12 11:45:26,459 [INFO] PluginManage:359 - Loaded plugin updater (category:base,tabindex:12)
2024-07-12 11:45:26,459 [INFO] PluginManage:310 - Check plugin userauth
2024-07-12 11:45:26,462 [INFO] UserAuth:114 - Init User Auth plugin
2024-07-12 11:45:26,463 [INFO] PluginManage:359 - Loaded plugin userauth (category:base,tabindex:14)
2024-07-12 11:45:26,463 [INFO] PluginManage:283 - PluginManage : Loaded plugins [17]
2024-07-12 11:45:26,608 [INFO] PinOutPanel:1561 - setPackage(No Configuration,No Configuration)
2024-07-12 11:45:26,661 [INFO] CADModel:165 - CPN selected for project level
2024-07-12 11:45:26,661 [INFO] CADModel:114 - Register for checkConnection events
2024-07-12 11:45:26,676 [INFO] IPUIPlugin:80 - create IPUIPlugin
2024-07-12 11:45:26,677 [INFO] PluginManager:220 - loadIPPluginJar : add adc
2024-07-12 11:45:26,678 [INFO] IPUIPlugin:80 - create IPUIPlugin
2024-07-12 11:45:26,679 [INFO] PluginManager:220 - loadIPPluginJar : add aes
2024-07-12 11:45:26,680 [INFO] IPUIPlugin:80 - create IPUIPlugin
2024-07-12 11:45:26,681 [INFO] PluginManager:220 - loadIPPluginJar : add can
2024-07-12 11:45:26,682 [INFO] IPUIPlugin:80 - create IPUIPlugin
2024-07-12 11:45:26,682 [INFO] PluginManager:220 - loadIPPluginJar : add comp
2024-07-12 11:45:26,684 [INFO] IPUIPlugin:80 - create IPUIPlugin
2024-07-12 11:45:26,684 [INFO] PluginManager:220 - loadIPPluginJar : add cryp
2024-07-12 11:45:26,686 [INFO] IPUIPlugin:80 - create IPUIPlugin
2024-07-12 11:45:26,686 [INFO] PluginManager:220 - loadIPPluginJar : add dfsdm
2024-07-12 11:45:26,690 [INFO] IPUIPlugin:80 - create IPUIPlugin
2024-07-12 11:45:26,690 [INFO] PluginManager:220 - loadIPPluginJar : add dma
2024-07-12 11:45:26,692 [INFO] IPUIPlugin:80 - create IPUIPlugin
2024-07-12 11:45:26,692 [INFO] PluginManager:220 - loadIPPluginJar : add dma3
2024-07-12 11:45:26,694 [INFO] IPUIPlugin:80 - create IPUIPlugin
2024-07-12 11:45:26,694 [INFO] PluginManager:220 - loadIPPluginJar : add extmemmanager
2024-07-12 11:45:26,695 [INFO] IPUIPlugin:80 - create IPUIPlugin
2024-07-12 11:45:26,695 [INFO] PluginManager:220 - loadIPPluginJar : add fatfs
2024-07-12 11:45:26,697 [INFO] IPUIPlugin:80 - create IPUIPlugin
2024-07-12 11:45:26,698 [INFO] PluginManager:220 - loadIPPluginJar : add fmc
2024-07-12 11:45:26,701 [INFO] IPUIPlugin:80 - create IPUIPlugin
2024-07-12 11:45:26,701 [INFO] PluginManager:220 - loadIPPluginJar : add freertos
2024-07-12 11:45:26,702 [INFO] IPUIPlugin:80 - create IPUIPlugin
2024-07-12 11:45:26,702 [INFO] PluginManager:220 - loadIPPluginJar : add genericplugin
2024-07-12 11:45:26,704 [INFO] IPUIPlugin:80 - create IPUIPlugin
2024-07-12 11:45:26,705 [INFO] PluginManager:220 - loadIPPluginJar : add gfxmmu
2024-07-12 11:45:26,708 [INFO] IPUIPlugin:80 - create IPUIPlugin
2024-07-12 11:45:26,708 [INFO] PluginManager:220 - loadIPPluginJar : add gic
2024-07-12 11:45:26,710 [INFO] IPUIPlugin:80 - create IPUIPlugin
2024-07-12 11:45:26,710 [INFO] PluginManager:220 - loadIPPluginJar : add gpio
2024-07-12 11:45:26,712 [INFO] IPUIPlugin:80 - create IPUIPlugin
2024-07-12 11:45:26,712 [INFO] PluginManager:220 - loadIPPluginJar : add gtzc
2024-07-12 11:45:26,713 [INFO] IPUIPlugin:80 - create IPUIPlugin
2024-07-12 11:45:26,713 [INFO] PluginManager:220 - loadIPPluginJar : add hash
2024-07-12 11:45:26,715 [INFO] IPUIPlugin:80 - create IPUIPlugin
2024-07-12 11:45:26,715 [INFO] PluginManager:220 - loadIPPluginJar : add i2c
2024-07-12 11:45:26,717 [INFO] IPUIPlugin:80 - create IPUIPlugin
2024-07-12 11:45:26,717 [INFO] PluginManager:220 - loadIPPluginJar : add i2s
2024-07-12 11:45:26,719 [INFO] IPUIPlugin:80 - create IPUIPlugin
2024-07-12 11:45:26,719 [INFO] PluginManager:220 - loadIPPluginJar : add i3c
2024-07-12 11:45:26,721 [INFO] IPUIPlugin:80 - create IPUIPlugin
2024-07-12 11:45:26,721 [INFO] PluginManager:220 - loadIPPluginJar : add ipddr
2024-07-12 11:45:26,726 [INFO] IPUIPlugin:80 - create IPUIPlugin
2024-07-12 11:45:26,726 [INFO] PluginManager:220 - loadIPPluginJar : add linkedlist
2024-07-12 11:45:26,727 [INFO] IPUIPlugin:80 - create IPUIPlugin
2024-07-12 11:45:26,728 [INFO] PluginManager:220 - loadIPPluginJar : add lorawan
2024-07-12 11:45:26,729 [INFO] IPUIPlugin:80 - create IPUIPlugin
2024-07-12 11:45:26,729 [INFO] PluginManager:220 - loadIPPluginJar : add ltdc
2024-07-12 11:45:26,733 [INFO] IPUIPlugin:80 - create IPUIPlugin
2024-07-12 11:45:26,733 [INFO] PluginManager:220 - loadIPPluginJar : add mdma
2024-07-12 11:45:26,735 [INFO] IPUIPlugin:80 - create IPUIPlugin
2024-07-12 11:45:26,735 [INFO] PluginManager:220 - loadIPPluginJar : add nvic
2024-07-12 11:45:26,737 [INFO] IPUIPlugin:80 - create IPUIPlugin
2024-07-12 11:45:26,737 [INFO] PluginManager:220 - loadIPPluginJar : add opamp
2024-07-12 11:45:26,740 [INFO] IPUIPlugin:80 - create IPUIPlugin
2024-07-12 11:45:26,740 [INFO] PluginManager:220 - loadIPPluginJar : add openamp
2024-07-12 11:45:26,741 [INFO] IPUIPlugin:80 - create IPUIPlugin
2024-07-12 11:45:26,742 [INFO] PluginManager:220 - loadIPPluginJar : add pdm2pcm
2024-07-12 11:45:26,745 [INFO] IPUIPlugin:80 - create IPUIPlugin
2024-07-12 11:45:26,747 [INFO] PluginManager:220 - loadIPPluginJar : add plateformsettings
2024-07-12 11:45:26,748 [INFO] IPUIPlugin:80 - create IPUIPlugin
2024-07-12 11:45:26,748 [INFO] PluginManager:220 - loadIPPluginJar : add quadspi
2024-07-12 11:45:26,750 [INFO] IPUIPlugin:80 - create IPUIPlugin
2024-07-12 11:45:26,750 [INFO] PluginManager:220 - loadIPPluginJar : add resmgrutility
2024-07-12 11:45:26,752 [INFO] IPUIPlugin:80 - create IPUIPlugin
2024-07-12 11:45:26,752 [INFO] PluginManager:220 - loadIPPluginJar : add sai
2024-07-12 11:45:26,754 [INFO] IPUIPlugin:80 - create IPUIPlugin
2024-07-12 11:45:26,754 [INFO] PluginManager:220 - loadIPPluginJar : add spi
2024-07-12 11:45:26,757 [INFO] IPUIPlugin:80 - create IPUIPlugin
2024-07-12 11:45:26,757 [INFO] PluginManager:220 - loadIPPluginJar : add stm32_wpan
2024-07-12 11:45:26,758 [INFO] IPUIPlugin:80 - create IPUIPlugin
2024-07-12 11:45:26,758 [INFO] PluginManager:220 - loadIPPluginJar : add tim
2024-07-12 11:45:26,759 [INFO] IPUIPlugin:80 - create IPUIPlugin
2024-07-12 11:45:26,760 [INFO] PluginManager:220 - loadIPPluginJar : add touchsensing
2024-07-12 11:45:26,761 [INFO] IPUIPlugin:80 - create IPUIPlugin
2024-07-12 11:45:26,761 [INFO] PluginManager:220 - loadIPPluginJar : add tracer_emb
2024-07-12 11:45:26,762 [INFO] IPUIPlugin:80 - create IPUIPlugin
2024-07-12 11:45:26,762 [INFO] PluginManager:220 - loadIPPluginJar : add ts
2024-07-12 11:45:26,763 [INFO] IPUIPlugin:80 - create IPUIPlugin
2024-07-12 11:45:26,763 [INFO] PluginManager:220 - loadIPPluginJar : add tsc
2024-07-12 11:45:26,764 [INFO] IPUIPlugin:80 - create IPUIPlugin
2024-07-12 11:45:26,764 [INFO] PluginManager:220 - loadIPPluginJar : add ucpd
2024-07-12 11:45:26,766 [INFO] IPUIPlugin:80 - create IPUIPlugin
2024-07-12 11:45:26,766 [INFO] PluginManager:220 - loadIPPluginJar : add usart
2024-07-12 11:45:26,767 [INFO] IPUIPlugin:80 - create IPUIPlugin
2024-07-12 11:45:26,767 [INFO] PluginManager:220 - loadIPPluginJar : add usbx
2024-07-12 11:45:26,876 [INFO] CADModel:165 - CPN selected for project level
2024-07-12 11:45:26,877 [INFO] CADModel:114 - Register for checkConnection events
2024-07-12 11:45:26,877 [FATAL] Updater:308 - Updater called before beeing initialized
2024-07-12 11:45:26,877 [ERROR] CADModel:125 - Updater not yet initialized, retry later 
2024-07-12 11:45:26,976 [INFO] CADModel:165 - CPN selected for project level
2024-07-12 11:45:26,977 [INFO] CADModel:114 - Register for checkConnection events
2024-07-12 11:45:26,977 [FATAL] Updater:308 - Updater called before beeing initialized
2024-07-12 11:45:26,977 [ERROR] CADModel:125 - Updater not yet initialized, retry later 
2024-07-12 11:45:26,979 [FATAL] Updater:308 - Updater called before beeing initialized
2024-07-12 11:45:27,054 [FATAL] Updater:308 - Updater called before beeing initialized
2024-07-12 11:45:27,057 [INFO] DbMcusAds:53 - JSON generation date=Thu May 16 02:22:01 PDT 2024 (1715851321109)
2024-07-12 11:45:27,057 [FATAL] Updater:308 - Updater called before beeing initialized
2024-07-12 11:45:27,081 [WARN] DetailPanel:346 - Failed to get advertising image, set to default
2024-07-12 11:45:27,146 [FATAL] Updater:308 - Updater called before beeing initialized
2024-07-12 11:45:27,147 [FATAL] Updater:308 - Updater called before beeing initialized
2024-07-12 11:45:27,147 [FATAL] Updater:308 - Updater called before beeing initialized
2024-07-12 11:45:27,147 [WARN] DetailPanel:346 - Failed to get advertising image, set to default
2024-07-12 11:45:27,148 [FATAL] Updater:308 - Updater called before beeing initialized
2024-07-12 11:45:27,180 [ERROR] Updater:1120 - MainUpdater not yet initialized. External WinMGr cannot be set.
2024-07-12 11:45:27,181 [INFO] Updater:1056 - Updater Version found : 6.11.1
2024-07-12 11:45:27,193 [INFO] ApplicationProperties:184 - Using Application install path: C:\ST\STM32CubeIDE_1.15.1\STM32CubeIDE\plugins\com.st.stm32cube.common.mx_6.11.1.202404110753
2024-07-12 11:45:28,760 [ERROR] LogOutputStream:75 - [STDERR_REDIRECT] Jul 12, 2024 11:45:28 AM java.util.prefs.WindowsPreferences <init>
2024-07-12 11:45:28,761 [ERROR] LogOutputStream:75 - [STDERR_REDIRECT] WARNING: Could not open/create prefs root node Software\JavaSoft\Prefs at root 0xffffffff80000002. Windows RegCreateKeyEx(...) returned error code 5.
2024-07-12 11:45:28,761 [ERROR] LogOutputStream:75 - [STDERR_REDIRECT] 
2024-07-12 11:45:29,058 [INFO] MainUpdater:2873 - connection check result : 10
2024-07-12 11:45:29,059 [INFO] MainUpdater:290 - Updater Check For Update Now.
2024-07-12 11:45:29,060 [INFO] MicroXplorer:498 - Change Database Version : DB.6.0.111
2024-07-12 11:45:29,088 [INFO] McuFinderGlobals:63 - Set McuFinder mode to 2 (CubeIDE integrated)
2024-07-12 11:45:29,101 [INFO] UserAuth:415 - Internet connection configuration mode: 1
2024-07-12 11:45:29,138 [INFO] JxBrowserEngine:152 - Initiate JxBrowser Engine with user profile folder
2024-07-12 11:45:29,254 [INFO] CheckServerUpdateThread:120 - End of CheckServer Thread
2024-07-12 11:45:29,435 [WARN] PackLoader:240 - Cannot read IP mode file for STMicroelectronics.FP-SNS-MOTENVWB1.1.4.0
2024-07-12 11:45:29,448 [WARN] PackLoader:240 - Cannot read IP mode file for STMicroelectronics.X-CUBE-SMBUS.2.1.0
2024-07-12 11:45:29,456 [WARN] PackLoader:240 - Cannot read IP mode file for STMicroelectronics.X-CUBE-TOUCHGFX.4.23.2
2024-07-12 11:45:29,509 [WARN] PackLoader:240 - Cannot read IP mode file for STMicroelectronics.X-CUBE-AZRTOS-F7.1.1.0
2024-07-12 11:45:29,525 [WARN] PackLoader:240 - Cannot read IP mode file for STMicroelectronics.FP-SNS-FLIGHT1.5.0.2
2024-07-12 11:45:29,554 [WARN] PackLoader:240 - Cannot read IP mode file for STMicroelectronics.X-CUBE-DISPLAY.3.0.0
2024-07-12 11:45:29,587 [WARN] PackLoader:240 - Cannot read IP mode file for STMicroelectronics.X-CUBE-BLE1.7.0.0
2024-07-12 11:45:29,597 [WARN] PackLoader:240 - Cannot read IP mode file for emotas.I-CUBE-CANOPEN.1.3.0
2024-07-12 11:45:29,617 [WARN] PackLoader:240 - Cannot read IP mode file for STMicroelectronics.X-CUBE-BLEMGR.3.1.0
2024-07-12 11:45:29,629 [WARN] PackLoader:240 - Cannot read IP mode file for STMicroelectronics.FP-SNS-SMARTAG2.1.2.0
2024-07-12 11:45:29,642 [INFO] LogOutputStream:77 - [STDOUT_REDIRECT] 1 : Invalid condition id : UX_CORESTACK_Condition cause : null
2024-07-12 11:45:29,643 [INFO] LogOutputStream:77 - [STDOUT_REDIRECT] 1 : Invalid condition id : UX_CORESTACK_Condition cause : null
2024-07-12 11:45:29,645 [INFO] LogOutputStream:77 - [STDOUT_REDIRECT] 1 : Invalid condition id : UX_CORESTACK_Condition cause : null
2024-07-12 11:45:29,646 [INFO] LogOutputStream:77 - [STDOUT_REDIRECT] 1 : Invalid condition id : UX_CORESTACK_Condition cause : null
2024-07-12 11:45:29,648 [INFO] LogOutputStream:77 - [STDOUT_REDIRECT] 1 : Invalid condition id : UX_CORESTACK_Condition cause : null
2024-07-12 11:45:29,652 [WARN] PackLoader:240 - Cannot read IP mode file for STMicroelectronics.X-CUBE-AZRTOS-WL.2.0.0
2024-07-12 11:45:29,661 [WARN] PackLoader:240 - Cannot read IP mode file for STMicroelectronics.FP-SNS-MOTENV1.5.0.0
2024-07-12 11:45:29,668 [WARN] PackLoader:240 - Cannot read IP mode file for wolfSSL.I-CUBE-wolfMQTT.1.19.0
2024-07-12 11:45:29,679 [WARN] PackLoader:240 - Cannot read IP mode file for WES.I-CUBE-Cesium.1.3.0
2024-07-12 11:45:29,684 [WARN] PackLoader:240 - Cannot read IP mode file for STMicroelectronics.X-CUBE-BLE2.3.3.0
2024-07-12 11:45:29,692 [WARN] PackLoader:240 - Cannot read IP mode file for STMicroelectronics.X-CUBE-TCPP.4.1.0
2024-07-12 11:45:29,711 [WARN] PackLoader:240 - Cannot read IP mode file for STMicroelectronics.X-CUBE-AZRTOS-G0.1.1.0
2024-07-12 11:45:29,717 [WARN] PackLoader:240 - Cannot read IP mode file for STMicroelectronics.X-CUBE-SAFEA1.1.2.2
2024-07-12 11:45:29,725 [WARN] PackLoader:240 - Cannot read IP mode file for STMicroelectronics.X-CUBE-NFC4.3.0.0
2024-07-12 11:45:29,737 [WARN] PackLoader:240 - Cannot read IP mode file for EmbeddedOffice.I-CUBE-FS-RTOS.1.0.1
2024-07-12 11:45:29,737 [ERROR] ConditionMgr:805 - Attr not supported : Dmpu
2024-07-12 11:45:29,737 [ERROR] ConditionMgr:805 - Attr not supported : Dmpu
2024-07-12 11:45:29,737 [ERROR] ConditionMgr:805 - Attr not supported : Dmpu
2024-07-12 11:45:29,737 [ERROR] ConditionMgr:805 - Attr not supported : Dmpu
2024-07-12 11:45:29,737 [ERROR] ConditionMgr:805 - Attr not supported : Dmpu
2024-07-12 11:45:29,737 [ERROR] ConditionMgr:805 - Attr not supported : Dmpu
2024-07-12 11:45:29,737 [ERROR] ConditionMgr:805 - Attr not supported : Dmpu
2024-07-12 11:45:29,737 [ERROR] ConditionMgr:805 - Attr not supported : Dmpu
2024-07-12 11:45:29,737 [ERROR] ConditionMgr:805 - Attr not supported : Dmpu
2024-07-12 11:45:29,737 [ERROR] ConditionMgr:805 - Attr not supported : Dmpu
2024-07-12 11:45:29,737 [ERROR] ConditionMgr:805 - Attr not supported : Dmpu
2024-07-12 11:45:29,737 [ERROR] ConditionMgr:805 - Attr not supported : Dmpu
2024-07-12 11:45:29,738 [ERROR] ConditionMgr:805 - Attr not supported : Dmpu
2024-07-12 11:45:29,738 [ERROR] ConditionMgr:805 - Attr not supported : Dmpu
2024-07-12 11:45:29,738 [ERROR] ConditionMgr:805 - Attr not supported : Dmpu
2024-07-12 11:45:29,738 [ERROR] ConditionMgr:805 - Attr not supported : Dmpu
2024-07-12 11:45:29,738 [ERROR] ConditionMgr:805 - Attr not supported : Dmpu
2024-07-12 11:45:29,738 [ERROR] ConditionMgr:805 - Attr not supported : Dmpu
2024-07-12 11:45:29,738 [ERROR] ConditionMgr:805 - Attr not supported : Dmpu
2024-07-12 11:45:29,738 [ERROR] ConditionMgr:805 - Attr not supported : Dmpu
2024-07-12 11:45:29,738 [ERROR] ConditionMgr:805 - Attr not supported : Dmpu
2024-07-12 11:45:29,738 [ERROR] ConditionMgr:805 - Attr not supported : Dmpu
2024-07-12 11:45:29,738 [ERROR] ConditionMgr:805 - Attr not supported : Dmpu
2024-07-12 11:45:29,738 [ERROR] ConditionMgr:805 - Attr not supported : Dmpu
2024-07-12 11:45:29,738 [ERROR] ConditionMgr:805 - Attr not supported : Dmpu
2024-07-12 11:45:29,738 [ERROR] ConditionMgr:805 - Attr not supported : Dmpu
2024-07-12 11:45:29,738 [ERROR] ConditionMgr:805 - Attr not supported : Dmpu
2024-07-12 11:45:29,738 [ERROR] ConditionMgr:805 - Attr not supported : Dmpu
2024-07-12 11:45:29,738 [ERROR] ConditionMgr:805 - Attr not supported : Dmpu
2024-07-12 11:45:29,738 [ERROR] ConditionMgr:805 - Attr not supported : Dmpu
2024-07-12 11:45:29,738 [ERROR] ConditionMgr:805 - Attr not supported : Dmpu
2024-07-12 11:45:29,738 [ERROR] ConditionMgr:805 - Attr not supported : Dmpu
2024-07-12 11:45:29,738 [ERROR] ConditionMgr:805 - Attr not supported : Dmpu
2024-07-12 11:45:29,738 [ERROR] ConditionMgr:805 - Attr not supported : Dmpu
2024-07-12 11:45:29,738 [ERROR] ConditionMgr:805 - Attr not supported : Dmpu
2024-07-12 11:45:29,738 [ERROR] ConditionMgr:805 - Attr not supported : Dmpu
2024-07-12 11:45:29,739 [ERROR] ConditionMgr:805 - Attr not supported : Dmpu
2024-07-12 11:45:29,739 [ERROR] ConditionMgr:805 - Attr not supported : Dmpu
2024-07-12 11:45:29,739 [ERROR] ConditionMgr:805 - Attr not supported : Dmpu
2024-07-12 11:45:29,739 [ERROR] ConditionMgr:805 - Attr not supported : Dmpu
2024-07-12 11:45:29,739 [ERROR] ConditionMgr:805 - Attr not supported : Dmpu
2024-07-12 11:45:29,739 [ERROR] ConditionMgr:805 - Attr not supported : Dmpu
2024-07-12 11:45:29,739 [ERROR] ConditionMgr:805 - Attr not supported : Dmpu
2024-07-12 11:45:29,739 [ERROR] ConditionMgr:805 - Attr not supported : Dmpu
2024-07-12 11:45:29,739 [ERROR] ConditionMgr:805 - Attr not supported : Dmpu
2024-07-12 11:45:29,739 [ERROR] ConditionMgr:805 - Attr not supported : Dmpu
2024-07-12 11:45:29,739 [ERROR] ConditionMgr:805 - Attr not supported : Dmpu
2024-07-12 11:45:29,739 [ERROR] ConditionMgr:805 - Attr not supported : Dmpu
2024-07-12 11:45:29,739 [ERROR] ConditionMgr:805 - Attr not supported : Dmpu
2024-07-12 11:45:29,739 [ERROR] ConditionMgr:805 - Attr not supported : Dmpu
2024-07-12 11:45:29,739 [ERROR] ConditionMgr:805 - Attr not supported : Dmpu
2024-07-12 11:45:29,739 [ERROR] ConditionMgr:805 - Attr not supported : Dmpu
2024-07-12 11:45:29,739 [ERROR] ConditionMgr:805 - Attr not supported : Dmpu
2024-07-12 11:45:29,739 [ERROR] ConditionMgr:805 - Attr not supported : Dmpu
2024-07-12 11:45:29,739 [ERROR] ConditionMgr:805 - Attr not supported : Dmpu
2024-07-12 11:45:29,739 [ERROR] ConditionMgr:805 - Attr not supported : Dmpu
2024-07-12 11:45:29,739 [ERROR] ConditionMgr:805 - Attr not supported : Dmpu
2024-07-12 11:45:29,740 [ERROR] ConditionMgr:805 - Attr not supported : Dmpu
2024-07-12 11:45:29,740 [ERROR] ConditionMgr:805 - Attr not supported : Dmpu
2024-07-12 11:45:29,740 [ERROR] ConditionMgr:805 - Attr not supported : Dmpu
2024-07-12 11:45:29,740 [ERROR] ConditionMgr:805 - Attr not supported : Dmpu
2024-07-12 11:45:29,740 [ERROR] ConditionMgr:805 - Attr not supported : Dmpu
2024-07-12 11:45:29,740 [ERROR] ConditionMgr:805 - Attr not supported : Dmpu
2024-07-12 11:45:29,740 [ERROR] ConditionMgr:805 - Attr not supported : Dmpu
2024-07-12 11:45:29,745 [WARN] PackLoader:240 - Cannot read IP mode file for RealThread.X-CUBE-RT-Thread_Nano.4.1.1
2024-07-12 11:45:29,747 [WARN] PackLoader:240 - Cannot read IP mode file for wolfSSL.I-CUBE-wolfSSL.5.7.0
2024-07-12 11:45:29,750 [WARN] PackLoader:240 - Cannot read IP mode file for STMicroelectronics.FP-ATR-SIGFOX1.3.2.0
2024-07-12 11:45:29,756 [WARN] PackLoader:240 - Cannot read IP mode file for STMicroelectronics.X-CUBE-EEPRMA1.5.1.0
2024-07-12 11:45:29,763 [WARN] PackLoader:240 - Cannot read IP mode file for ITTIA_DB.I-CUBE-ITTIADB.8.9.0
2024-07-12 11:45:29,800 [WARN] PackLoader:240 - Cannot read IP mode file for SEGGER.I-CUBE-embOS.1.3.1
2024-07-12 11:45:29,836 [WARN] PackLoader:240 - Cannot read IP mode file for STMicroelectronics.X-CUBE-ALGOBUILD.1.4.0
2024-07-12 11:45:29,844 [WARN] PackLoader:240 - Cannot read IP mode file for STMicroelectronics.X-CUBE-GNSS1.6.0.0
2024-07-12 11:45:29,861 [WARN] PackLoader:240 - Cannot read IP mode file for STMicroelectronics.X-CUBE-AZRTOS-F4.1.1.0
2024-07-12 11:45:29,872 [WARN] PackLoader:240 - Cannot read IP mode file for STMicroelectronics.X-CUBE-FREERTOS.1.2.0
2024-07-12 11:45:29,891 [WARN] PackLoader:240 - Cannot read IP mode file for STMicroelectronics.X-CUBE-AZRTOS-L5.2.0.0
2024-07-12 11:45:29,902 [WARN] PackLoader:240 - Cannot read IP mode file for STMicroelectronics.X-CUBE-NFC6.3.1.0
2024-07-12 11:45:29,917 [WARN] PackLoader:240 - Cannot read IP mode file for STMicroelectronics.X-CUBE-DPower.1.2.0
2024-07-12 11:45:29,923 [WARN] PackLoader:240 - Cannot read IP mode file for STMicroelectronics.X-CUBE-AI.9.0.0
2024-07-12 11:45:29,927 [WARN] PackLoader:240 - Cannot read IP mode file for STMicroelectronics.X-CUBE-NFC7.1.0.1
2024-07-12 11:45:29,932 [WARN] PackLoader:240 - Cannot read IP mode file for wolfSSL.I-CUBE-wolfTPM.3.2.0
2024-07-12 11:45:29,946 [WARN] ConditionMgr:438 - getConditionDescription Invalid condition id : LAN8742 Phy interface Condition cause : null
2024-07-12 11:45:29,947 [WARN] PackLoader:240 - Cannot read IP mode file for STMicroelectronics.X-CUBE-AZRTOS-L4.2.0.0
2024-07-12 11:45:29,948 [WARN] ConditionMgr:1039 - genDependencies : Invalid condition id : LAN8742 Phy interface Condition cause : null
2024-07-12 11:45:29,948 [WARN] ConditionMgr:1039 - genDependencies : Invalid condition id : LAN8742 Phy interface Condition cause : null
2024-07-12 11:45:29,949 [WARN] ConditionMgr:1039 - genDependencies : Invalid condition id : LAN8742 Phy interface Condition cause : null
2024-07-12 11:45:29,957 [WARN] PackLoader:240 - Cannot read IP mode file for STMicroelectronics.X-CUBE-SFXS2LP1.4.0.0
2024-07-12 11:45:29,968 [WARN] ConditionMgr:438 - getConditionDescription Invalid condition id : UX DEVICE CLASS RTOS Condition cause : null
2024-07-12 11:45:29,968 [WARN] ConditionMgr:438 - getConditionDescription Invalid condition id : UX DEVICE CLASS RTOS Condition cause : null
2024-07-12 11:45:29,970 [WARN] PackLoader:240 - Cannot read IP mode file for STMicroelectronics.X-CUBE-AZRTOS-WB.2.0.0
2024-07-12 11:45:29,971 [WARN] ConditionMgr:1039 - genDependencies : Invalid condition id : UX DEVICE CLASS RTOS Condition cause : null
2024-07-12 11:45:29,972 [WARN] ConditionMgr:1039 - genDependencies : Invalid condition id : UX DEVICE CLASS RTOS Condition cause : null
2024-07-12 11:45:29,972 [WARN] ConditionMgr:1039 - genDependencies : Invalid condition id : UX DEVICE CLASS RTOS Condition cause : null
2024-07-12 11:45:29,972 [WARN] ConditionMgr:1039 - genDependencies : Invalid condition id : UX DEVICE CLASS RTOS Condition cause : null
2024-07-12 11:45:29,972 [WARN] ConditionMgr:1039 - genDependencies : Invalid condition id : UX DEVICE CLASS RTOS Condition cause : null
2024-07-12 11:45:29,982 [WARN] PackLoader:240 - Cannot read IP mode file for STMicroelectronics.X-CUBE-SUBG2.5.0.0
2024-07-12 11:45:29,989 [WARN] PackLoader:240 - Cannot read IP mode file for Cesanta.I-CUBE-Mongoose.7.13.0
2024-07-12 11:45:29,998 [WARN] PackLoader:240 - Cannot read IP mode file for STMicroelectronics.X-CUBE-AZRTOS-G4.2.0.0
2024-07-12 11:45:30,002 [WARN] PackLoader:240 - Cannot read IP mode file for STMicroelectronics.X-CUBE-ISPU.2.0.0
2024-07-12 11:45:30,006 [WARN] PackLoader:240 - Cannot read IP mode file for STMicroelectronics.X-CUBE-ALS.1.0.2
2024-07-12 11:45:30,031 [WARN] PackLoader:240 - Cannot read IP mode file for STMicroelectronics.X-CUBE-MEMS1.10.0.0
2024-07-12 11:45:30,131 [WARN] PackLoader:240 - Cannot read IP mode file for STMicroelectronics.X-CUBE-TOUCHGFX.4.24.0
2024-07-12 11:45:30,136 [WARN] PackLoader:240 - Cannot read IP mode file for portGmbH.I-Cube-SoM-uGOAL.1.1.0
2024-07-12 11:45:30,149 [WARN] PackLoader:240 - Cannot read IP mode file for STMicroelectronics.X-CUBE-AZRTOS-H7RS.1.0.0
2024-07-12 11:45:30,154 [WARN] PackLoader:240 - Cannot read IP mode file for STMicroelectronics.FP-ATR-ASTRA1.2.0.0
2024-07-12 11:45:30,163 [WARN] PackLoader:240 - Cannot read IP mode file for STMicroelectronics.X-CUBE-TOF1.3.4.1
2024-07-12 11:45:30,185 [WARN] PackLoader:240 - Cannot read IP mode file for STMicroelectronics.X-CUBE-AZRTOS-H7.3.2.0
2024-07-12 11:45:30,197 [WARN] PackLoader:240 - Cannot read IP mode file for Infineon.AIROC-Wi-Fi-Bluetooth-STM32.1.6.0
2024-07-12 11:45:30,203 [WARN] PackLoader:240 - Cannot read IP mode file for wolfSSL.I-CUBE-wolfSSH.1.4.17
2024-07-12 11:45:30,204 [INFO] ThirdParty:978 - Integrity check success = true
2024-07-12 11:45:30,204 [INFO] IntegrityCheckThread:100 - exiting critical section [integrity check]
2024-07-12 11:45:30,204 [INFO] IntegrityCheckThread:103 - End integrity checks thread
2024-07-12 11:45:30,305 [INFO] WebApp:161 - Instantiating new browser for Auth
2024-07-12 11:45:31,000 [INFO] WebApp:779 - Register for checkConnection events
2024-07-12 11:45:31,000 [INFO] WebApp:414 - Apply proxy settings
2024-07-12 11:45:31,000 [INFO] WebApp:499 - Chromium requires no authentication
2024-07-12 11:45:31,005 [INFO] WebApp:442 - Direct internet connection detected
2024-07-12 11:45:31,115 [INFO] WebApp:192 - Starting web application
2024-07-12 11:45:31,115 [INFO] WebApp:544 - Web application path used C:\ST\STM32CubeIDE_1.15.1\STM32CubeIDE\plugins\com.st.stm32cube.common.mx_6.11.1.202404110753\db\plugins\mcufinder\reactClient1\index.html
2024-07-12 12:57:28,704 [ERROR] LogOutputStream:75 - [STDERR_REDIRECT] 
