2024-07-31 09:02:30,231 [INFO] Activator:176 - 


2024-07-31 09:02:30,237 [INFO] Activator:177 - !SESSION log4j initialized
2024-07-31 09:02:35,210 [INFO] LogOutputStream:77 - [STDOUT_REDIRECT] 
2024-07-31 09:02:37,088 [INFO] ApplicationProperties:184 - Using Application install path: C:\ST\STM32CubeIDE_1.15.1\STM32CubeIDE\plugins\com.st.stm32cube.common.mx_6.11.1.202404110753
2024-07-31 09:02:37,139 [INFO] DbMcusXml:78 - Set database path to: C:\ST\STM32CubeIDE_1.15.1\STM32CubeIDE\plugins\com.st.stm32cube.common.mx_6.11.1.202404110753\\db\/mcu/
2024-07-31 09:02:37,140 [INFO] ApiDb:274 - Set plugin database path to: C:\ST\STM32CubeIDE_1.15.1\STM32CubeIDE\plugins\com.st.stm32cube.common.mx_6.11.1.202404110753\\db\/plugins/boardmanager/
2024-07-31 09:02:37,141 [WARN] ApiDb:259 - Overriding images path with different value:  => C:\ST\STM32CubeIDE_1.15.1\STM32CubeIDE\plugins\com.st.stm32cube.common.mx_6.11.1.202404110753\\db\/plugins/mcufinder/images/
2024-07-31 09:02:37,178 [INFO] ApiDb:250 - Set database path to: C:\Users\casim\.stmcufinder\plugins\mcufinder//mcu/
2024-07-31 09:02:37,180 [INFO] DbMcusAds:125 - Set database path to: C:\Users\casim\.stmcufinder\plugins\mcufinder//mcu/
2024-07-31 09:02:37,185 [INFO] CrossReferenceDbSqlite:203 - Set database path to: C:\Users\casim\.stmcufinder\plugins\mcufinder//mcu/cs/
2024-07-31 09:02:37,477 [INFO] RulesReader:64 - Compatibility file has been processed (297 Rules)
2024-07-31 09:02:37,665 [INFO] DbMcusXml:78 - Set database path to: C:\ST\STM32CubeIDE_1.15.1\STM32CubeIDE\plugins\com.st.stm32cube.common.mx_6.11.1.202404110753\\db\/mcu/
2024-07-31 09:02:37,665 [INFO] ApiDb:274 - Set plugin database path to: C:\ST\STM32CubeIDE_1.15.1\STM32CubeIDE\plugins\com.st.stm32cube.common.mx_6.11.1.202404110753\\db\/plugins/boardmanager/
2024-07-31 09:02:37,665 [INFO] ApiDb:261 - Set plugin images path to: C:\ST\STM32CubeIDE_1.15.1\STM32CubeIDE\plugins\com.st.stm32cube.common.mx_6.11.1.202404110753\\db\/plugins/mcufinder/images/
2024-07-31 09:02:37,666 [WARN] DbFile:41 - Overriding database path with different value: C:\Users\casim\.stmcufinder\plugins\mcufinder/ => C:\Users\casim\.stmcufinder\plugins\mcufinder
2024-07-31 09:02:37,666 [INFO] ApiDb:250 - Set database path to: C:\Users\casim\.stmcufinder\plugins\mcufinder//mcu/
2024-07-31 09:02:37,666 [WARN] DbFile:41 - Overriding database path with different value: C:\Users\casim\.stmcufinder\plugins\mcufinder/ => C:\Users\casim\.stmcufinder\plugins\mcufinder
2024-07-31 09:02:37,666 [INFO] DbMcusAds:125 - Set database path to: C:\Users\casim\.stmcufinder\plugins\mcufinder//mcu/
2024-07-31 09:02:37,666 [WARN] DbFile:41 - Overriding database path with different value: C:\Users\casim\.stmcufinder\plugins\mcufinder/ => C:\Users\casim\.stmcufinder\plugins\mcufinder
2024-07-31 09:02:37,666 [WARN] DbFile:41 - Overriding database path with different value: C:\Users\casim\.stmcufinder\plugins\mcufinder/ => C:\Users\casim\.stmcufinder\plugins\mcufinder
2024-07-31 09:02:37,666 [INFO] CrossReferenceDbSqlite:203 - Set database path to: C:\Users\casim\.stmcufinder\plugins\mcufinder//mcu/cs/
2024-07-31 09:02:37,790 [INFO] MainPanel:264 - HeapMemory: 268435456
2024-07-31 09:02:37,895 [INFO] DbMcusXml:78 - Set database path to: C:\ST\STM32CubeIDE_1.15.1\STM32CubeIDE\plugins\com.st.stm32cube.common.mx_6.11.1.202404110753\\db\/mcu/
2024-07-31 09:02:37,896 [INFO] ApiDb:274 - Set plugin database path to: C:\ST\STM32CubeIDE_1.15.1\STM32CubeIDE\plugins\com.st.stm32cube.common.mx_6.11.1.202404110753\\db\/plugins/boardmanager/
2024-07-31 09:02:37,896 [INFO] ApiDb:261 - Set plugin images path to: C:\ST\STM32CubeIDE_1.15.1\STM32CubeIDE\plugins\com.st.stm32cube.common.mx_6.11.1.202404110753\\db\/plugins/mcufinder/images/
2024-07-31 09:02:37,896 [WARN] DbFile:41 - Overriding database path with different value: C:\Users\casim\.stmcufinder\plugins\mcufinder/ => C:\Users\casim\.stmcufinder\plugins\mcufinder
2024-07-31 09:02:37,896 [INFO] ApiDb:250 - Set database path to: C:\Users\casim\.stmcufinder\plugins\mcufinder//mcu/
2024-07-31 09:02:37,896 [WARN] DbFile:41 - Overriding database path with different value: C:\Users\casim\.stmcufinder\plugins\mcufinder/ => C:\Users\casim\.stmcufinder\plugins\mcufinder
2024-07-31 09:02:37,897 [INFO] DbMcusAds:125 - Set database path to: C:\Users\casim\.stmcufinder\plugins\mcufinder//mcu/
2024-07-31 09:02:37,897 [WARN] DbFile:41 - Overriding database path with different value: C:\Users\casim\.stmcufinder\plugins\mcufinder/ => C:\Users\casim\.stmcufinder\plugins\mcufinder
2024-07-31 09:02:37,897 [WARN] DbFile:41 - Overriding database path with different value: C:\Users\casim\.stmcufinder\plugins\mcufinder/ => C:\Users\casim\.stmcufinder\plugins\mcufinder
2024-07-31 09:02:37,897 [INFO] CrossReferenceDbSqlite:203 - Set database path to: C:\Users\casim\.stmcufinder\plugins\mcufinder//mcu/cs/
2024-07-31 09:02:37,919 [INFO] ApplicationProperties:184 - Using Application install path: C:\ST\STM32CubeIDE_1.15.1\STM32CubeIDE\plugins\com.st.stm32cube.common.mx_6.11.1.202404110753
2024-07-31 09:02:37,921 [INFO] PluginManage:196 - Search for loadable plugins [exclusion list=, ]
2024-07-31 09:02:37,922 [INFO] PluginManage:310 - Check plugin analytics
2024-07-31 09:02:38,200 [INFO] AnalyticsPlugin:253 - Accepted Software Licenses: 
2024-07-31 09:02:38,200 [INFO] AnalyticsPlugin:255 - Accepted CMSIS Pack Licenses: 
2024-07-31 09:02:38,200 [INFO] AnalyticsPlugin:257 - Accepted Firmware Licenses: FW.H7.1.11.0
2024-07-31 09:02:38,205 [INFO] PluginManage:359 - Loaded plugin analytics (category:tool,tabindex:-1)
2024-07-31 09:02:38,207 [INFO] PluginManage:310 - Check plugin cadmodel
2024-07-31 09:02:38,220 [INFO] CADModel:105 - Init CAD model plugin
2024-07-31 09:02:38,221 [INFO] PluginManage:359 - Loaded plugin cadmodel (category:power,tabindex:5)
2024-07-31 09:02:38,221 [INFO] PluginManage:310 - Check plugin clock
2024-07-31 09:02:38,246 [INFO] PluginManage:359 - Loaded plugin clock (category:base,tabindex:2)
2024-07-31 09:02:38,247 [INFO] PluginManage:310 - Check plugin ddr
2024-07-31 09:02:38,253 [INFO] PluginManage:359 - Loaded plugin ddr (category:tool,tabindex:6)
2024-07-31 09:02:38,254 [INFO] PluginManage:310 - Check plugin filemanager
2024-07-31 09:02:38,485 [INFO] PluginManage:359 - Loaded plugin filemanager (category:base,tabindex:10)
2024-07-31 09:02:38,485 [INFO] PluginManage:310 - Check plugin ipmanager
2024-07-31 09:02:38,494 [INFO] PluginManage:359 - Loaded plugin ipmanager (category:base,tabindex:5)
2024-07-31 09:02:38,494 [INFO] PluginManage:310 - Check plugin lpbam
2024-07-31 09:02:38,508 [INFO] PluginManage:359 - Loaded plugin lpbam (category:base,tabindex:0)
2024-07-31 09:02:38,508 [INFO] PluginManage:310 - Check plugin memorymap
2024-07-31 09:02:38,525 [INFO] PluginManage:359 - Loaded plugin memorymap (category:base,tabindex:4)
2024-07-31 09:02:38,525 [INFO] PluginManage:310 - Check plugin pinoutandconfiguration
2024-07-31 09:02:38,534 [INFO] PluginManage:359 - Loaded plugin pinoutandconfiguration (category:base,tabindex:1)
2024-07-31 09:02:38,534 [INFO] PluginManage:310 - Check plugin pinoutconfig
2024-07-31 09:02:38,634 [WARN] SupportedApi:132 - Cannot load RTOS API schema: s4s-elt-must-match.1: The content of 'definitions' must match (annotation?, (simpleType | complexType)?, (unique | key | keyref)*)). A problem was found starting at: attribute.
2024-07-31 09:02:38,867 [INFO] PluginManage:359 - Loaded plugin pinoutconfig (category:base,tabindex:0)
2024-07-31 09:02:38,868 [INFO] PluginManage:310 - Check plugin power
2024-07-31 09:02:38,888 [INFO] PluginManage:359 - Loaded plugin power (category:power,tabindex:4)
2024-07-31 09:02:38,888 [INFO] PluginManage:310 - Check plugin projectmanager
2024-07-31 09:02:38,923 [INFO] PluginManage:359 - Loaded plugin projectmanager (category:projectmanager,tabindex:3)
2024-07-31 09:02:38,924 [INFO] PluginManage:310 - Check plugin thirdparty
2024-07-31 09:02:39,142 [WARN] IntegrityCheckThread:84 - waiting for thirdparty lock release [integrity check]
2024-07-31 09:02:39,143 [INFO] IntegrityCheckThread:86 - entering critical section [integrity check]
2024-07-31 09:02:39,143 [INFO] PluginManage:359 - Loaded plugin thirdparty (category:base,tabindex:-1)
2024-07-31 09:02:39,143 [INFO] PluginManage:310 - Check plugin tools
2024-07-31 09:02:39,144 [INFO] ThirdPartyUpdaterWithRetryManager:70 - Updater plugin not ready yet. [1/15]
2024-07-31 09:02:39,148 [INFO] PluginManage:359 - Loaded plugin tools (category:base,tabindex:7)
2024-07-31 09:02:39,148 [INFO] PluginManage:310 - Check plugin tutovideos
2024-07-31 09:02:39,409 [INFO] PluginManage:359 - Loaded plugin tutovideos (category:base,tabindex:-1)
2024-07-31 09:02:39,409 [INFO] PluginManage:310 - Check plugin updater
2024-07-31 09:02:39,425 [INFO] PluginManage:359 - Loaded plugin updater (category:base,tabindex:12)
2024-07-31 09:02:39,425 [INFO] PluginManage:310 - Check plugin userauth
2024-07-31 09:02:39,433 [INFO] UserAuth:114 - Init User Auth plugin
2024-07-31 09:02:39,433 [INFO] PluginManage:359 - Loaded plugin userauth (category:base,tabindex:14)
2024-07-31 09:02:39,433 [INFO] PluginManage:283 - PluginManage : Loaded plugins [17]
2024-07-31 09:02:39,739 [INFO] PinOutPanel:1561 - setPackage(No Configuration,No Configuration)
2024-07-31 09:02:39,826 [INFO] CADModel:165 - CPN selected for project level
2024-07-31 09:02:39,826 [INFO] CADModel:114 - Register for checkConnection events
2024-07-31 09:02:39,846 [INFO] IPUIPlugin:80 - create IPUIPlugin
2024-07-31 09:02:39,846 [INFO] PluginManager:220 - loadIPPluginJar : add adc
2024-07-31 09:02:39,849 [INFO] IPUIPlugin:80 - create IPUIPlugin
2024-07-31 09:02:39,849 [INFO] PluginManager:220 - loadIPPluginJar : add aes
2024-07-31 09:02:39,853 [INFO] IPUIPlugin:80 - create IPUIPlugin
2024-07-31 09:02:39,853 [INFO] PluginManager:220 - loadIPPluginJar : add can
2024-07-31 09:02:39,855 [INFO] IPUIPlugin:80 - create IPUIPlugin
2024-07-31 09:02:39,856 [INFO] PluginManager:220 - loadIPPluginJar : add comp
2024-07-31 09:02:39,859 [INFO] IPUIPlugin:80 - create IPUIPlugin
2024-07-31 09:02:39,859 [INFO] PluginManager:220 - loadIPPluginJar : add cryp
2024-07-31 09:02:39,862 [INFO] IPUIPlugin:80 - create IPUIPlugin
2024-07-31 09:02:39,862 [INFO] PluginManager:220 - loadIPPluginJar : add dfsdm
2024-07-31 09:02:39,869 [INFO] IPUIPlugin:80 - create IPUIPlugin
2024-07-31 09:02:39,870 [INFO] PluginManager:220 - loadIPPluginJar : add dma
2024-07-31 09:02:39,873 [INFO] IPUIPlugin:80 - create IPUIPlugin
2024-07-31 09:02:39,873 [INFO] PluginManager:220 - loadIPPluginJar : add dma3
2024-07-31 09:02:39,877 [INFO] IPUIPlugin:80 - create IPUIPlugin
2024-07-31 09:02:39,877 [INFO] PluginManager:220 - loadIPPluginJar : add extmemmanager
2024-07-31 09:02:39,879 [INFO] IPUIPlugin:80 - create IPUIPlugin
2024-07-31 09:02:39,879 [INFO] PluginManager:220 - loadIPPluginJar : add fatfs
2024-07-31 09:02:39,883 [INFO] IPUIPlugin:80 - create IPUIPlugin
2024-07-31 09:02:39,883 [INFO] PluginManager:220 - loadIPPluginJar : add fmc
2024-07-31 09:02:39,889 [INFO] IPUIPlugin:80 - create IPUIPlugin
2024-07-31 09:02:39,889 [INFO] PluginManager:220 - loadIPPluginJar : add freertos
2024-07-31 09:02:39,891 [INFO] IPUIPlugin:80 - create IPUIPlugin
2024-07-31 09:02:39,891 [INFO] PluginManager:220 - loadIPPluginJar : add genericplugin
2024-07-31 09:02:39,894 [INFO] IPUIPlugin:80 - create IPUIPlugin
2024-07-31 09:02:39,894 [INFO] PluginManager:220 - loadIPPluginJar : add gfxmmu
2024-07-31 09:02:39,900 [INFO] IPUIPlugin:80 - create IPUIPlugin
2024-07-31 09:02:39,900 [INFO] PluginManager:220 - loadIPPluginJar : add gic
2024-07-31 09:02:39,905 [INFO] IPUIPlugin:80 - create IPUIPlugin
2024-07-31 09:02:39,905 [INFO] PluginManager:220 - loadIPPluginJar : add gpio
2024-07-31 09:02:39,910 [INFO] IPUIPlugin:80 - create IPUIPlugin
2024-07-31 09:02:39,910 [INFO] PluginManager:220 - loadIPPluginJar : add gtzc
2024-07-31 09:02:39,913 [INFO] IPUIPlugin:80 - create IPUIPlugin
2024-07-31 09:02:39,913 [INFO] PluginManager:220 - loadIPPluginJar : add hash
2024-07-31 09:02:39,917 [INFO] IPUIPlugin:80 - create IPUIPlugin
2024-07-31 09:02:39,917 [INFO] PluginManager:220 - loadIPPluginJar : add i2c
2024-07-31 09:02:39,920 [INFO] IPUIPlugin:80 - create IPUIPlugin
2024-07-31 09:02:39,920 [INFO] PluginManager:220 - loadIPPluginJar : add i2s
2024-07-31 09:02:39,923 [INFO] IPUIPlugin:80 - create IPUIPlugin
2024-07-31 09:02:39,923 [INFO] PluginManager:220 - loadIPPluginJar : add i3c
2024-07-31 09:02:39,928 [INFO] IPUIPlugin:80 - create IPUIPlugin
2024-07-31 09:02:39,929 [INFO] PluginManager:220 - loadIPPluginJar : add ipddr
2024-07-31 09:02:39,938 [INFO] IPUIPlugin:80 - create IPUIPlugin
2024-07-31 09:02:39,938 [INFO] PluginManager:220 - loadIPPluginJar : add linkedlist
2024-07-31 09:02:39,942 [INFO] IPUIPlugin:80 - create IPUIPlugin
2024-07-31 09:02:39,942 [INFO] PluginManager:220 - loadIPPluginJar : add lorawan
2024-07-31 09:02:39,944 [INFO] IPUIPlugin:80 - create IPUIPlugin
2024-07-31 09:02:39,945 [INFO] PluginManager:220 - loadIPPluginJar : add ltdc
2024-07-31 09:02:39,951 [INFO] IPUIPlugin:80 - create IPUIPlugin
2024-07-31 09:02:39,952 [INFO] PluginManager:220 - loadIPPluginJar : add mdma
2024-07-31 09:02:39,956 [INFO] IPUIPlugin:80 - create IPUIPlugin
2024-07-31 09:02:39,956 [INFO] PluginManager:220 - loadIPPluginJar : add nvic
2024-07-31 09:02:39,959 [INFO] IPUIPlugin:80 - create IPUIPlugin
2024-07-31 09:02:39,960 [INFO] PluginManager:220 - loadIPPluginJar : add opamp
2024-07-31 09:02:39,964 [INFO] IPUIPlugin:80 - create IPUIPlugin
2024-07-31 09:02:39,964 [INFO] PluginManager:220 - loadIPPluginJar : add openamp
2024-07-31 09:02:39,968 [INFO] IPUIPlugin:80 - create IPUIPlugin
2024-07-31 09:02:39,968 [INFO] PluginManager:220 - loadIPPluginJar : add pdm2pcm
2024-07-31 09:02:39,975 [INFO] IPUIPlugin:80 - create IPUIPlugin
2024-07-31 09:02:39,977 [INFO] PluginManager:220 - loadIPPluginJar : add plateformsettings
2024-07-31 09:02:39,980 [INFO] IPUIPlugin:80 - create IPUIPlugin
2024-07-31 09:02:39,980 [INFO] PluginManager:220 - loadIPPluginJar : add quadspi
2024-07-31 09:02:39,985 [INFO] IPUIPlugin:80 - create IPUIPlugin
2024-07-31 09:02:39,985 [INFO] PluginManager:220 - loadIPPluginJar : add resmgrutility
2024-07-31 09:02:39,989 [INFO] IPUIPlugin:80 - create IPUIPlugin
2024-07-31 09:02:39,989 [INFO] PluginManager:220 - loadIPPluginJar : add sai
2024-07-31 09:02:39,991 [INFO] IPUIPlugin:80 - create IPUIPlugin
2024-07-31 09:02:39,991 [INFO] PluginManager:220 - loadIPPluginJar : add spi
2024-07-31 09:02:39,997 [INFO] IPUIPlugin:80 - create IPUIPlugin
2024-07-31 09:02:39,998 [INFO] PluginManager:220 - loadIPPluginJar : add stm32_wpan
2024-07-31 09:02:40,000 [INFO] IPUIPlugin:80 - create IPUIPlugin
2024-07-31 09:02:40,000 [INFO] PluginManager:220 - loadIPPluginJar : add tim
2024-07-31 09:02:40,003 [INFO] IPUIPlugin:80 - create IPUIPlugin
2024-07-31 09:02:40,004 [INFO] PluginManager:220 - loadIPPluginJar : add touchsensing
2024-07-31 09:02:40,007 [INFO] IPUIPlugin:80 - create IPUIPlugin
2024-07-31 09:02:40,007 [INFO] PluginManager:220 - loadIPPluginJar : add tracer_emb
2024-07-31 09:02:40,010 [INFO] IPUIPlugin:80 - create IPUIPlugin
2024-07-31 09:02:40,010 [INFO] PluginManager:220 - loadIPPluginJar : add ts
2024-07-31 09:02:40,012 [INFO] IPUIPlugin:80 - create IPUIPlugin
2024-07-31 09:02:40,012 [INFO] PluginManager:220 - loadIPPluginJar : add tsc
2024-07-31 09:02:40,015 [INFO] IPUIPlugin:80 - create IPUIPlugin
2024-07-31 09:02:40,015 [INFO] PluginManager:220 - loadIPPluginJar : add ucpd
2024-07-31 09:02:40,017 [INFO] IPUIPlugin:80 - create IPUIPlugin
2024-07-31 09:02:40,018 [INFO] PluginManager:220 - loadIPPluginJar : add usart
2024-07-31 09:02:40,020 [INFO] IPUIPlugin:80 - create IPUIPlugin
2024-07-31 09:02:40,021 [INFO] PluginManager:220 - loadIPPluginJar : add usbx
2024-07-31 09:02:40,172 [INFO] CADModel:165 - CPN selected for project level
2024-07-31 09:02:40,172 [INFO] CADModel:114 - Register for checkConnection events
2024-07-31 09:02:40,172 [FATAL] Updater:308 - Updater called before beeing initialized
2024-07-31 09:02:40,172 [ERROR] CADModel:125 - Updater not yet initialized, retry later 
2024-07-31 09:02:40,403 [INFO] CADModel:165 - CPN selected for project level
2024-07-31 09:02:40,403 [INFO] CADModel:114 - Register for checkConnection events
2024-07-31 09:02:40,403 [FATAL] Updater:308 - Updater called before beeing initialized
2024-07-31 09:02:40,403 [ERROR] CADModel:125 - Updater not yet initialized, retry later 
2024-07-31 09:02:40,407 [FATAL] Updater:308 - Updater called before beeing initialized
2024-07-31 09:02:40,616 [FATAL] Updater:308 - Updater called before beeing initialized
2024-07-31 09:02:40,622 [INFO] DbMcusAds:53 - JSON generation date=Thu May 16 02:22:01 PDT 2024 (1715851321109)
2024-07-31 09:02:40,622 [FATAL] Updater:308 - Updater called before beeing initialized
2024-07-31 09:02:40,679 [WARN] DetailPanel:346 - Failed to get advertising image, set to default
2024-07-31 09:02:40,764 [FATAL] Updater:308 - Updater called before beeing initialized
2024-07-31 09:02:40,766 [FATAL] Updater:308 - Updater called before beeing initialized
2024-07-31 09:02:40,766 [FATAL] Updater:308 - Updater called before beeing initialized
2024-07-31 09:02:40,766 [WARN] DetailPanel:346 - Failed to get advertising image, set to default
2024-07-31 09:02:40,767 [FATAL] Updater:308 - Updater called before beeing initialized
2024-07-31 09:02:40,831 [ERROR] Updater:1120 - MainUpdater not yet initialized. External WinMGr cannot be set.
2024-07-31 09:02:40,836 [INFO] Updater:1056 - Updater Version found : 6.11.1
2024-07-31 09:02:40,856 [INFO] ApplicationProperties:184 - Using Application install path: C:\ST\STM32CubeIDE_1.15.1\STM32CubeIDE\plugins\com.st.stm32cube.common.mx_6.11.1.202404110753
2024-07-31 09:02:42,146 [INFO] ThirdPartyUpdaterWithRetryManager:70 - Updater plugin not ready yet. [2/15]
2024-07-31 09:02:42,434 [ERROR] LogOutputStream:75 - [STDERR_REDIRECT] Jul 31, 2024 9:02:42 AM java.util.prefs.WindowsPreferences <init>
2024-07-31 09:02:42,437 [ERROR] LogOutputStream:75 - [STDERR_REDIRECT] WARNING: Could not open/create prefs root node Software\JavaSoft\Prefs at root 0xffffffff80000002. Windows RegCreateKeyEx(...) returned error code 5.
2024-07-31 09:02:42,439 [ERROR] LogOutputStream:75 - [STDERR_REDIRECT] 
2024-07-31 09:02:42,733 [INFO] MainUpdater:2873 - connection check result : 10
2024-07-31 09:02:42,733 [INFO] MainUpdater:290 - Updater Check For Update Now.
2024-07-31 09:02:42,733 [INFO] MicroXplorer:498 - Change Database Version : DB.6.0.111
2024-07-31 09:02:42,738 [INFO] McuFinderGlobals:63 - Set McuFinder mode to 2 (CubeIDE integrated)
2024-07-31 09:02:42,745 [INFO] UserAuth:415 - Internet connection configuration mode: 1
2024-07-31 09:02:42,784 [INFO] JxBrowserEngine:152 - Initiate JxBrowser Engine with user profile folder
2024-07-31 09:02:42,919 [INFO] CheckServerUpdateThread:120 - End of CheckServer Thread
2024-07-31 09:02:43,522 [INFO] WebApp:161 - Instantiating new browser for Auth
2024-07-31 09:02:44,095 [INFO] WebApp:779 - Register for checkConnection events
2024-07-31 09:02:44,095 [INFO] WebApp:414 - Apply proxy settings
2024-07-31 09:02:44,095 [INFO] WebApp:499 - Chromium requires no authentication
2024-07-31 09:02:44,104 [INFO] WebApp:442 - Direct internet connection detected
2024-07-31 09:02:44,270 [INFO] WebApp:192 - Starting web application
2024-07-31 09:02:44,270 [INFO] WebApp:544 - Web application path used C:\ST\STM32CubeIDE_1.15.1\STM32CubeIDE\plugins\com.st.stm32cube.common.mx_6.11.1.202404110753\db\plugins\mcufinder\reactClient1\index.html
2024-07-31 09:02:45,338 [WARN] PackLoader:240 - Cannot read IP mode file for STMicroelectronics.FP-SNS-MOTENVWB1.1.4.0
2024-07-31 09:02:45,361 [WARN] PackLoader:240 - Cannot read IP mode file for STMicroelectronics.X-CUBE-SMBUS.2.1.0
2024-07-31 09:02:45,366 [WARN] PackLoader:240 - Cannot read IP mode file for STMicroelectronics.X-CUBE-TOUCHGFX.4.23.2
2024-07-31 09:02:45,391 [WARN] PackLoader:240 - Cannot read IP mode file for STMicroelectronics.X-CUBE-AZRTOS-F7.1.1.0
2024-07-31 09:02:45,400 [WARN] PackLoader:240 - Cannot read IP mode file for STMicroelectronics.FP-SNS-FLIGHT1.5.0.2
2024-07-31 09:02:45,409 [WARN] PackLoader:240 - Cannot read IP mode file for STMicroelectronics.X-CUBE-DISPLAY.3.0.0
2024-07-31 09:02:45,427 [WARN] PackLoader:240 - Cannot read IP mode file for STMicroelectronics.X-CUBE-BLE1.7.0.0
2024-07-31 09:02:45,432 [WARN] PackLoader:240 - Cannot read IP mode file for emotas.I-CUBE-CANOPEN.1.3.0
2024-07-31 09:02:45,442 [WARN] PackLoader:240 - Cannot read IP mode file for STMicroelectronics.X-CUBE-BLEMGR.3.1.0
2024-07-31 09:02:45,454 [WARN] PackLoader:240 - Cannot read IP mode file for STMicroelectronics.FP-SNS-SMARTAG2.1.2.0
2024-07-31 09:02:45,464 [INFO] LogOutputStream:77 - [STDOUT_REDIRECT] 1 : Invalid condition id : UX_CORESTACK_Condition cause : null
2024-07-31 09:02:45,465 [INFO] LogOutputStream:77 - [STDOUT_REDIRECT] 1 : Invalid condition id : UX_CORESTACK_Condition cause : null
2024-07-31 09:02:45,467 [INFO] LogOutputStream:77 - [STDOUT_REDIRECT] 1 : Invalid condition id : UX_CORESTACK_Condition cause : null
2024-07-31 09:02:45,468 [INFO] LogOutputStream:77 - [STDOUT_REDIRECT] 1 : Invalid condition id : UX_CORESTACK_Condition cause : null
2024-07-31 09:02:45,469 [INFO] LogOutputStream:77 - [STDOUT_REDIRECT] 1 : Invalid condition id : UX_CORESTACK_Condition cause : null
2024-07-31 09:02:45,471 [WARN] PackLoader:240 - Cannot read IP mode file for STMicroelectronics.X-CUBE-AZRTOS-WL.2.0.0
2024-07-31 09:02:45,477 [WARN] PackLoader:240 - Cannot read IP mode file for STMicroelectronics.FP-SNS-MOTENV1.5.0.0
2024-07-31 09:02:45,482 [WARN] PackLoader:240 - Cannot read IP mode file for wolfSSL.I-CUBE-wolfMQTT.1.19.0
2024-07-31 09:02:45,492 [WARN] PackLoader:240 - Cannot read IP mode file for WES.I-CUBE-Cesium.1.3.0
2024-07-31 09:02:45,511 [WARN] PackLoader:240 - Cannot read IP mode file for STMicroelectronics.X-CUBE-BLE2.3.3.0
2024-07-31 09:02:45,524 [WARN] PackLoader:240 - Cannot read IP mode file for STMicroelectronics.X-CUBE-TCPP.4.1.0
2024-07-31 09:02:45,546 [WARN] PackLoader:240 - Cannot read IP mode file for STMicroelectronics.X-CUBE-AZRTOS-G0.1.1.0
2024-07-31 09:02:45,555 [WARN] PackLoader:240 - Cannot read IP mode file for STMicroelectronics.X-CUBE-SAFEA1.1.2.2
2024-07-31 09:02:45,560 [WARN] PackLoader:240 - Cannot read IP mode file for STMicroelectronics.X-CUBE-NFC4.3.0.0
2024-07-31 09:02:45,570 [WARN] PackLoader:240 - Cannot read IP mode file for EmbeddedOffice.I-CUBE-FS-RTOS.1.0.1
2024-07-31 09:02:45,570 [ERROR] ConditionMgr:805 - Attr not supported : Dmpu
2024-07-31 09:02:45,570 [ERROR] ConditionMgr:805 - Attr not supported : Dmpu
2024-07-31 09:02:45,571 [ERROR] ConditionMgr:805 - Attr not supported : Dmpu
2024-07-31 09:02:45,571 [ERROR] ConditionMgr:805 - Attr not supported : Dmpu
2024-07-31 09:02:45,571 [ERROR] ConditionMgr:805 - Attr not supported : Dmpu
2024-07-31 09:02:45,571 [ERROR] ConditionMgr:805 - Attr not supported : Dmpu
2024-07-31 09:02:45,571 [ERROR] ConditionMgr:805 - Attr not supported : Dmpu
2024-07-31 09:02:45,571 [ERROR] ConditionMgr:805 - Attr not supported : Dmpu
2024-07-31 09:02:45,571 [ERROR] ConditionMgr:805 - Attr not supported : Dmpu
2024-07-31 09:02:45,571 [ERROR] ConditionMgr:805 - Attr not supported : Dmpu
2024-07-31 09:02:45,571 [ERROR] ConditionMgr:805 - Attr not supported : Dmpu
2024-07-31 09:02:45,571 [ERROR] ConditionMgr:805 - Attr not supported : Dmpu
2024-07-31 09:02:45,572 [ERROR] ConditionMgr:805 - Attr not supported : Dmpu
2024-07-31 09:02:45,572 [ERROR] ConditionMgr:805 - Attr not supported : Dmpu
2024-07-31 09:02:45,572 [ERROR] ConditionMgr:805 - Attr not supported : Dmpu
2024-07-31 09:02:45,572 [ERROR] ConditionMgr:805 - Attr not supported : Dmpu
2024-07-31 09:02:45,572 [ERROR] ConditionMgr:805 - Attr not supported : Dmpu
2024-07-31 09:02:45,572 [ERROR] ConditionMgr:805 - Attr not supported : Dmpu
2024-07-31 09:02:45,572 [ERROR] ConditionMgr:805 - Attr not supported : Dmpu
2024-07-31 09:02:45,572 [ERROR] ConditionMgr:805 - Attr not supported : Dmpu
2024-07-31 09:02:45,572 [ERROR] ConditionMgr:805 - Attr not supported : Dmpu
2024-07-31 09:02:45,572 [ERROR] ConditionMgr:805 - Attr not supported : Dmpu
2024-07-31 09:02:45,572 [ERROR] ConditionMgr:805 - Attr not supported : Dmpu
2024-07-31 09:02:45,572 [ERROR] ConditionMgr:805 - Attr not supported : Dmpu
2024-07-31 09:02:45,572 [ERROR] ConditionMgr:805 - Attr not supported : Dmpu
2024-07-31 09:02:45,572 [ERROR] ConditionMgr:805 - Attr not supported : Dmpu
2024-07-31 09:02:45,572 [ERROR] ConditionMgr:805 - Attr not supported : Dmpu
2024-07-31 09:02:45,572 [ERROR] ConditionMgr:805 - Attr not supported : Dmpu
2024-07-31 09:02:45,573 [ERROR] ConditionMgr:805 - Attr not supported : Dmpu
2024-07-31 09:02:45,573 [ERROR] ConditionMgr:805 - Attr not supported : Dmpu
2024-07-31 09:02:45,573 [ERROR] ConditionMgr:805 - Attr not supported : Dmpu
2024-07-31 09:02:45,573 [ERROR] ConditionMgr:805 - Attr not supported : Dmpu
2024-07-31 09:02:45,573 [ERROR] ConditionMgr:805 - Attr not supported : Dmpu
2024-07-31 09:02:45,573 [ERROR] ConditionMgr:805 - Attr not supported : Dmpu
2024-07-31 09:02:45,573 [ERROR] ConditionMgr:805 - Attr not supported : Dmpu
2024-07-31 09:02:45,573 [ERROR] ConditionMgr:805 - Attr not supported : Dmpu
2024-07-31 09:02:45,573 [ERROR] ConditionMgr:805 - Attr not supported : Dmpu
2024-07-31 09:02:45,573 [ERROR] ConditionMgr:805 - Attr not supported : Dmpu
2024-07-31 09:02:45,573 [ERROR] ConditionMgr:805 - Attr not supported : Dmpu
2024-07-31 09:02:45,573 [ERROR] ConditionMgr:805 - Attr not supported : Dmpu
2024-07-31 09:02:45,573 [ERROR] ConditionMgr:805 - Attr not supported : Dmpu
2024-07-31 09:02:45,573 [ERROR] ConditionMgr:805 - Attr not supported : Dmpu
2024-07-31 09:02:45,573 [ERROR] ConditionMgr:805 - Attr not supported : Dmpu
2024-07-31 09:02:45,573 [ERROR] ConditionMgr:805 - Attr not supported : Dmpu
2024-07-31 09:02:45,573 [ERROR] ConditionMgr:805 - Attr not supported : Dmpu
2024-07-31 09:02:45,573 [ERROR] ConditionMgr:805 - Attr not supported : Dmpu
2024-07-31 09:02:45,574 [ERROR] ConditionMgr:805 - Attr not supported : Dmpu
2024-07-31 09:02:45,574 [ERROR] ConditionMgr:805 - Attr not supported : Dmpu
2024-07-31 09:02:45,574 [ERROR] ConditionMgr:805 - Attr not supported : Dmpu
2024-07-31 09:02:45,574 [ERROR] ConditionMgr:805 - Attr not supported : Dmpu
2024-07-31 09:02:45,574 [ERROR] ConditionMgr:805 - Attr not supported : Dmpu
2024-07-31 09:02:45,574 [ERROR] ConditionMgr:805 - Attr not supported : Dmpu
2024-07-31 09:02:45,574 [ERROR] ConditionMgr:805 - Attr not supported : Dmpu
2024-07-31 09:02:45,574 [ERROR] ConditionMgr:805 - Attr not supported : Dmpu
2024-07-31 09:02:45,574 [ERROR] ConditionMgr:805 - Attr not supported : Dmpu
2024-07-31 09:02:45,574 [ERROR] ConditionMgr:805 - Attr not supported : Dmpu
2024-07-31 09:02:45,574 [ERROR] ConditionMgr:805 - Attr not supported : Dmpu
2024-07-31 09:02:45,574 [ERROR] ConditionMgr:805 - Attr not supported : Dmpu
2024-07-31 09:02:45,574 [ERROR] ConditionMgr:805 - Attr not supported : Dmpu
2024-07-31 09:02:45,574 [ERROR] ConditionMgr:805 - Attr not supported : Dmpu
2024-07-31 09:02:45,574 [ERROR] ConditionMgr:805 - Attr not supported : Dmpu
2024-07-31 09:02:45,574 [ERROR] ConditionMgr:805 - Attr not supported : Dmpu
2024-07-31 09:02:45,574 [ERROR] ConditionMgr:805 - Attr not supported : Dmpu
2024-07-31 09:02:45,574 [ERROR] ConditionMgr:805 - Attr not supported : Dmpu
2024-07-31 09:02:45,579 [WARN] PackLoader:240 - Cannot read IP mode file for RealThread.X-CUBE-RT-Thread_Nano.4.1.1
2024-07-31 09:02:45,583 [WARN] PackLoader:240 - Cannot read IP mode file for wolfSSL.I-CUBE-wolfSSL.5.7.0
2024-07-31 09:02:45,586 [WARN] PackLoader:240 - Cannot read IP mode file for STMicroelectronics.FP-ATR-SIGFOX1.3.2.0
2024-07-31 09:02:45,592 [WARN] PackLoader:240 - Cannot read IP mode file for STMicroelectronics.X-CUBE-EEPRMA1.5.1.0
2024-07-31 09:02:45,598 [WARN] PackLoader:240 - Cannot read IP mode file for ITTIA_DB.I-CUBE-ITTIADB.8.9.0
2024-07-31 09:02:45,619 [WARN] PackLoader:240 - Cannot read IP mode file for SEGGER.I-CUBE-embOS.1.3.1
2024-07-31 09:02:45,669 [WARN] PackLoader:240 - Cannot read IP mode file for STMicroelectronics.X-CUBE-ALGOBUILD.1.4.0
2024-07-31 09:02:45,674 [WARN] PackLoader:240 - Cannot read IP mode file for STMicroelectronics.X-CUBE-GNSS1.6.0.0
2024-07-31 09:02:45,688 [WARN] PackLoader:240 - Cannot read IP mode file for STMicroelectronics.X-CUBE-AZRTOS-F4.1.1.0
2024-07-31 09:02:45,695 [WARN] PackLoader:240 - Cannot read IP mode file for STMicroelectronics.X-CUBE-FREERTOS.1.2.0
2024-07-31 09:02:45,708 [WARN] PackLoader:240 - Cannot read IP mode file for STMicroelectronics.X-CUBE-AZRTOS-L5.2.0.0
2024-07-31 09:02:45,718 [WARN] PackLoader:240 - Cannot read IP mode file for STMicroelectronics.X-CUBE-NFC6.3.1.0
2024-07-31 09:02:45,725 [WARN] PackLoader:240 - Cannot read IP mode file for STMicroelectronics.X-CUBE-DPower.1.2.0
2024-07-31 09:02:45,729 [WARN] PackLoader:240 - Cannot read IP mode file for STMicroelectronics.X-CUBE-AI.9.0.0
2024-07-31 09:02:45,734 [WARN] PackLoader:240 - Cannot read IP mode file for STMicroelectronics.X-CUBE-NFC7.1.0.1
2024-07-31 09:02:45,739 [WARN] PackLoader:240 - Cannot read IP mode file for wolfSSL.I-CUBE-wolfTPM.3.2.0
2024-07-31 09:02:45,752 [WARN] ConditionMgr:438 - getConditionDescription Invalid condition id : LAN8742 Phy interface Condition cause : null
2024-07-31 09:02:45,752 [WARN] PackLoader:240 - Cannot read IP mode file for STMicroelectronics.X-CUBE-AZRTOS-L4.2.0.0
2024-07-31 09:02:45,753 [WARN] ConditionMgr:1039 - genDependencies : Invalid condition id : LAN8742 Phy interface Condition cause : null
2024-07-31 09:02:45,753 [WARN] ConditionMgr:1039 - genDependencies : Invalid condition id : LAN8742 Phy interface Condition cause : null
2024-07-31 09:02:45,754 [WARN] ConditionMgr:1039 - genDependencies : Invalid condition id : LAN8742 Phy interface Condition cause : null
2024-07-31 09:02:45,761 [WARN] PackLoader:240 - Cannot read IP mode file for STMicroelectronics.X-CUBE-SFXS2LP1.4.0.0
2024-07-31 09:02:45,770 [WARN] ConditionMgr:438 - getConditionDescription Invalid condition id : UX DEVICE CLASS RTOS Condition cause : null
2024-07-31 09:02:45,770 [WARN] ConditionMgr:438 - getConditionDescription Invalid condition id : UX DEVICE CLASS RTOS Condition cause : null
2024-07-31 09:02:45,772 [WARN] PackLoader:240 - Cannot read IP mode file for STMicroelectronics.X-CUBE-AZRTOS-WB.2.0.0
2024-07-31 09:02:45,772 [WARN] ConditionMgr:1039 - genDependencies : Invalid condition id : UX DEVICE CLASS RTOS Condition cause : null
2024-07-31 09:02:45,772 [WARN] ConditionMgr:1039 - genDependencies : Invalid condition id : UX DEVICE CLASS RTOS Condition cause : null
2024-07-31 09:02:45,773 [WARN] ConditionMgr:1039 - genDependencies : Invalid condition id : UX DEVICE CLASS RTOS Condition cause : null
2024-07-31 09:02:45,773 [WARN] ConditionMgr:1039 - genDependencies : Invalid condition id : UX DEVICE CLASS RTOS Condition cause : null
2024-07-31 09:02:45,773 [WARN] ConditionMgr:1039 - genDependencies : Invalid condition id : UX DEVICE CLASS RTOS Condition cause : null
2024-07-31 09:02:45,778 [WARN] PackLoader:240 - Cannot read IP mode file for STMicroelectronics.FP-SNS-STBOX1.2.0.0
2024-07-31 09:02:45,786 [WARN] PackLoader:240 - Cannot read IP mode file for STMicroelectronics.X-CUBE-SUBG2.5.0.0
2024-07-31 09:02:45,792 [WARN] PackLoader:240 - Cannot read IP mode file for Cesanta.I-CUBE-Mongoose.7.13.0
2024-07-31 09:02:45,800 [WARN] PackLoader:240 - Cannot read IP mode file for STMicroelectronics.X-CUBE-AZRTOS-G4.2.0.0
2024-07-31 09:02:45,807 [WARN] PackLoader:240 - Cannot read IP mode file for STMicroelectronics.X-CUBE-ISPU.2.0.0
2024-07-31 09:02:45,812 [WARN] PackLoader:240 - Cannot read IP mode file for STMicroelectronics.X-CUBE-ALS.1.0.2
2024-07-31 09:02:45,843 [WARN] PackLoader:240 - Cannot read IP mode file for STMicroelectronics.X-CUBE-MEMS1.10.0.0
2024-07-31 09:02:45,970 [WARN] PackLoader:240 - Cannot read IP mode file for STMicroelectronics.X-CUBE-TOUCHGFX.4.24.0
2024-07-31 09:02:45,982 [WARN] PackLoader:240 - Cannot read IP mode file for portGmbH.I-Cube-SoM-uGOAL.1.1.0
2024-07-31 09:02:45,999 [WARN] PackLoader:240 - Cannot read IP mode file for STMicroelectronics.X-CUBE-AZRTOS-H7RS.1.0.0
2024-07-31 09:02:46,006 [WARN] PackLoader:240 - Cannot read IP mode file for STMicroelectronics.FP-ATR-ASTRA1.2.0.0
2024-07-31 09:02:46,016 [WARN] PackLoader:240 - Cannot read IP mode file for STMicroelectronics.X-CUBE-TOF1.3.4.2
2024-07-31 09:02:46,033 [WARN] PackLoader:240 - Cannot read IP mode file for STMicroelectronics.X-CUBE-TOF1.3.4.1
2024-07-31 09:02:46,052 [WARN] PackLoader:240 - Cannot read IP mode file for STMicroelectronics.X-CUBE-AZRTOS-H7.3.2.0
2024-07-31 09:02:46,063 [WARN] PackLoader:240 - Cannot read IP mode file for Infineon.AIROC-Wi-Fi-Bluetooth-STM32.1.6.0
2024-07-31 09:02:46,069 [WARN] PackLoader:240 - Cannot read IP mode file for wolfSSL.I-CUBE-wolfSSH.1.4.17
2024-07-31 09:02:46,070 [INFO] ThirdParty:978 - Integrity check success = true
2024-07-31 09:02:46,070 [INFO] IntegrityCheckThread:100 - exiting critical section [integrity check]
2024-07-31 09:02:46,070 [INFO] IntegrityCheckThread:103 - End integrity checks thread
2024-07-31 11:40:59,554 [ERROR] ConfigurationRetriever:142 - IOException on connection: sw-center.st.com
2024-07-31 11:40:59,555 [ERROR] ConfigurationRetriever:142 - IOException on connection: sw-center.st.com
2024-07-31 11:40:59,555 [ERROR] ConfigurationRetriever:142 - IOException on connection: sw-center.st.com
2024-07-31 15:09:36,269 [ERROR] LogOutputStream:75 - [STDERR_REDIRECT] 
2024-07-31 15:57:38,536 [INFO] Activator:176 - 


2024-07-31 15:57:38,536 [INFO] Activator:177 - !SESSION log4j initialized
2024-07-31 15:57:42,413 [INFO] LogOutputStream:77 - [STDOUT_REDIRECT] 
2024-07-31 15:57:43,283 [INFO] ApplicationProperties:184 - Using Application install path: C:\ST\STM32CubeIDE_1.15.1\STM32CubeIDE\plugins\com.st.stm32cube.common.mx_6.11.1.202404110753
2024-07-31 15:57:43,296 [INFO] DbMcusXml:78 - Set database path to: C:\ST\STM32CubeIDE_1.15.1\STM32CubeIDE\plugins\com.st.stm32cube.common.mx_6.11.1.202404110753\\db\/mcu/
2024-07-31 15:57:43,296 [INFO] ApiDb:274 - Set plugin database path to: C:\ST\STM32CubeIDE_1.15.1\STM32CubeIDE\plugins\com.st.stm32cube.common.mx_6.11.1.202404110753\\db\/plugins/boardmanager/
2024-07-31 15:57:43,297 [WARN] ApiDb:259 - Overriding images path with different value:  => C:\ST\STM32CubeIDE_1.15.1\STM32CubeIDE\plugins\com.st.stm32cube.common.mx_6.11.1.202404110753\\db\/plugins/mcufinder/images/
2024-07-31 15:57:43,304 [INFO] ApiDb:250 - Set database path to: C:\Users\casim\.stmcufinder\plugins\mcufinder//mcu/
2024-07-31 15:57:43,304 [INFO] DbMcusAds:125 - Set database path to: C:\Users\casim\.stmcufinder\plugins\mcufinder//mcu/
2024-07-31 15:57:43,305 [INFO] CrossReferenceDbSqlite:203 - Set database path to: C:\Users\casim\.stmcufinder\plugins\mcufinder//mcu/cs/
2024-07-31 15:57:43,385 [INFO] RulesReader:64 - Compatibility file has been processed (297 Rules)
2024-07-31 15:57:43,439 [INFO] DbMcusXml:78 - Set database path to: C:\ST\STM32CubeIDE_1.15.1\STM32CubeIDE\plugins\com.st.stm32cube.common.mx_6.11.1.202404110753\\db\/mcu/
2024-07-31 15:57:43,439 [INFO] ApiDb:274 - Set plugin database path to: C:\ST\STM32CubeIDE_1.15.1\STM32CubeIDE\plugins\com.st.stm32cube.common.mx_6.11.1.202404110753\\db\/plugins/boardmanager/
2024-07-31 15:57:43,439 [INFO] ApiDb:261 - Set plugin images path to: C:\ST\STM32CubeIDE_1.15.1\STM32CubeIDE\plugins\com.st.stm32cube.common.mx_6.11.1.202404110753\\db\/plugins/mcufinder/images/
2024-07-31 15:57:43,439 [WARN] DbFile:41 - Overriding database path with different value: C:\Users\casim\.stmcufinder\plugins\mcufinder/ => C:\Users\casim\.stmcufinder\plugins\mcufinder
2024-07-31 15:57:43,439 [INFO] ApiDb:250 - Set database path to: C:\Users\casim\.stmcufinder\plugins\mcufinder//mcu/
2024-07-31 15:57:43,439 [WARN] DbFile:41 - Overriding database path with different value: C:\Users\casim\.stmcufinder\plugins\mcufinder/ => C:\Users\casim\.stmcufinder\plugins\mcufinder
2024-07-31 15:57:43,439 [INFO] DbMcusAds:125 - Set database path to: C:\Users\casim\.stmcufinder\plugins\mcufinder//mcu/
2024-07-31 15:57:43,439 [WARN] DbFile:41 - Overriding database path with different value: C:\Users\casim\.stmcufinder\plugins\mcufinder/ => C:\Users\casim\.stmcufinder\plugins\mcufinder
2024-07-31 15:57:43,440 [WARN] DbFile:41 - Overriding database path with different value: C:\Users\casim\.stmcufinder\plugins\mcufinder/ => C:\Users\casim\.stmcufinder\plugins\mcufinder
2024-07-31 15:57:43,440 [INFO] CrossReferenceDbSqlite:203 - Set database path to: C:\Users\casim\.stmcufinder\plugins\mcufinder//mcu/cs/
2024-07-31 15:57:43,494 [INFO] MainPanel:264 - HeapMemory: 268435456
2024-07-31 15:57:43,566 [INFO] DbMcusXml:78 - Set database path to: C:\ST\STM32CubeIDE_1.15.1\STM32CubeIDE\plugins\com.st.stm32cube.common.mx_6.11.1.202404110753\\db\/mcu/
2024-07-31 15:57:43,566 [INFO] ApiDb:274 - Set plugin database path to: C:\ST\STM32CubeIDE_1.15.1\STM32CubeIDE\plugins\com.st.stm32cube.common.mx_6.11.1.202404110753\\db\/plugins/boardmanager/
2024-07-31 15:57:43,566 [INFO] ApiDb:261 - Set plugin images path to: C:\ST\STM32CubeIDE_1.15.1\STM32CubeIDE\plugins\com.st.stm32cube.common.mx_6.11.1.202404110753\\db\/plugins/mcufinder/images/
2024-07-31 15:57:43,567 [WARN] DbFile:41 - Overriding database path with different value: C:\Users\casim\.stmcufinder\plugins\mcufinder/ => C:\Users\casim\.stmcufinder\plugins\mcufinder
2024-07-31 15:57:43,567 [INFO] ApiDb:250 - Set database path to: C:\Users\casim\.stmcufinder\plugins\mcufinder//mcu/
2024-07-31 15:57:43,567 [WARN] DbFile:41 - Overriding database path with different value: C:\Users\casim\.stmcufinder\plugins\mcufinder/ => C:\Users\casim\.stmcufinder\plugins\mcufinder
2024-07-31 15:57:43,567 [INFO] DbMcusAds:125 - Set database path to: C:\Users\casim\.stmcufinder\plugins\mcufinder//mcu/
2024-07-31 15:57:43,567 [WARN] DbFile:41 - Overriding database path with different value: C:\Users\casim\.stmcufinder\plugins\mcufinder/ => C:\Users\casim\.stmcufinder\plugins\mcufinder
2024-07-31 15:57:43,567 [WARN] DbFile:41 - Overriding database path with different value: C:\Users\casim\.stmcufinder\plugins\mcufinder/ => C:\Users\casim\.stmcufinder\plugins\mcufinder
2024-07-31 15:57:43,567 [INFO] CrossReferenceDbSqlite:203 - Set database path to: C:\Users\casim\.stmcufinder\plugins\mcufinder//mcu/cs/
2024-07-31 15:57:43,581 [INFO] ApplicationProperties:184 - Using Application install path: C:\ST\STM32CubeIDE_1.15.1\STM32CubeIDE\plugins\com.st.stm32cube.common.mx_6.11.1.202404110753
2024-07-31 15:57:43,583 [INFO] PluginManage:196 - Search for loadable plugins [exclusion list=, ]
2024-07-31 15:57:43,584 [INFO] PluginManage:310 - Check plugin analytics
2024-07-31 15:57:43,713 [INFO] AnalyticsPlugin:253 - Accepted Software Licenses: 
2024-07-31 15:57:43,713 [INFO] AnalyticsPlugin:255 - Accepted CMSIS Pack Licenses: 
2024-07-31 15:57:43,713 [INFO] AnalyticsPlugin:257 - Accepted Firmware Licenses: FW.H7.1.11.0
2024-07-31 15:57:43,716 [INFO] PluginManage:359 - Loaded plugin analytics (category:tool,tabindex:-1)
2024-07-31 15:57:43,717 [INFO] PluginManage:310 - Check plugin cadmodel
2024-07-31 15:57:43,721 [INFO] CADModel:105 - Init CAD model plugin
2024-07-31 15:57:43,722 [INFO] PluginManage:359 - Loaded plugin cadmodel (category:power,tabindex:5)
2024-07-31 15:57:43,722 [INFO] PluginManage:310 - Check plugin clock
2024-07-31 15:57:43,731 [INFO] PluginManage:359 - Loaded plugin clock (category:base,tabindex:2)
2024-07-31 15:57:43,731 [INFO] PluginManage:310 - Check plugin ddr
2024-07-31 15:57:43,733 [INFO] PluginManage:359 - Loaded plugin ddr (category:tool,tabindex:6)
2024-07-31 15:57:43,734 [INFO] PluginManage:310 - Check plugin filemanager
2024-07-31 15:57:43,844 [INFO] PluginManage:359 - Loaded plugin filemanager (category:base,tabindex:10)
2024-07-31 15:57:43,844 [INFO] PluginManage:310 - Check plugin ipmanager
2024-07-31 15:57:43,861 [INFO] PluginManage:359 - Loaded plugin ipmanager (category:base,tabindex:5)
2024-07-31 15:57:43,861 [INFO] PluginManage:310 - Check plugin lpbam
2024-07-31 15:57:43,872 [INFO] PluginManage:359 - Loaded plugin lpbam (category:base,tabindex:0)
2024-07-31 15:57:43,873 [INFO] PluginManage:310 - Check plugin memorymap
2024-07-31 15:57:43,887 [INFO] PluginManage:359 - Loaded plugin memorymap (category:base,tabindex:4)
2024-07-31 15:57:43,887 [INFO] PluginManage:310 - Check plugin pinoutandconfiguration
2024-07-31 15:57:43,893 [INFO] PluginManage:359 - Loaded plugin pinoutandconfiguration (category:base,tabindex:1)
2024-07-31 15:57:43,893 [INFO] PluginManage:310 - Check plugin pinoutconfig
2024-07-31 15:57:43,951 [WARN] SupportedApi:132 - Cannot load RTOS API schema: s4s-elt-must-match.1: The content of 'definitions' must match (annotation?, (simpleType | complexType)?, (unique | key | keyref)*)). A problem was found starting at: attribute.
2024-07-31 15:57:44,037 [INFO] PluginManage:359 - Loaded plugin pinoutconfig (category:base,tabindex:0)
2024-07-31 15:57:44,037 [INFO] PluginManage:310 - Check plugin power
2024-07-31 15:57:44,043 [INFO] PluginManage:359 - Loaded plugin power (category:power,tabindex:4)
2024-07-31 15:57:44,043 [INFO] PluginManage:310 - Check plugin projectmanager
2024-07-31 15:57:44,055 [INFO] PluginManage:359 - Loaded plugin projectmanager (category:projectmanager,tabindex:3)
2024-07-31 15:57:44,055 [INFO] PluginManage:310 - Check plugin thirdparty
2024-07-31 15:57:44,144 [INFO] PluginManage:359 - Loaded plugin thirdparty (category:base,tabindex:-1)
2024-07-31 15:57:44,144 [WARN] IntegrityCheckThread:84 - waiting for thirdparty lock release [integrity check]
2024-07-31 15:57:44,144 [INFO] PluginManage:310 - Check plugin tools
2024-07-31 15:57:44,145 [INFO] IntegrityCheckThread:86 - entering critical section [integrity check]
2024-07-31 15:57:44,145 [INFO] ThirdPartyUpdaterWithRetryManager:70 - Updater plugin not ready yet. [1/15]
2024-07-31 15:57:44,147 [INFO] PluginManage:359 - Loaded plugin tools (category:base,tabindex:7)
2024-07-31 15:57:44,147 [INFO] PluginManage:310 - Check plugin tutovideos
2024-07-31 15:57:44,294 [INFO] PluginManage:359 - Loaded plugin tutovideos (category:base,tabindex:-1)
2024-07-31 15:57:44,295 [INFO] PluginManage:310 - Check plugin updater
2024-07-31 15:57:44,303 [INFO] PluginManage:359 - Loaded plugin updater (category:base,tabindex:12)
2024-07-31 15:57:44,303 [INFO] PluginManage:310 - Check plugin userauth
2024-07-31 15:57:44,307 [INFO] UserAuth:114 - Init User Auth plugin
2024-07-31 15:57:44,307 [INFO] PluginManage:359 - Loaded plugin userauth (category:base,tabindex:14)
2024-07-31 15:57:44,308 [INFO] PluginManage:283 - PluginManage : Loaded plugins [17]
2024-07-31 15:57:44,446 [INFO] PinOutPanel:1561 - setPackage(No Configuration,No Configuration)
2024-07-31 15:57:44,491 [INFO] CADModel:165 - CPN selected for project level
2024-07-31 15:57:44,492 [INFO] CADModel:114 - Register for checkConnection events
2024-07-31 15:57:44,502 [INFO] IPUIPlugin:80 - create IPUIPlugin
2024-07-31 15:57:44,502 [INFO] PluginManager:220 - loadIPPluginJar : add adc
2024-07-31 15:57:44,503 [INFO] IPUIPlugin:80 - create IPUIPlugin
2024-07-31 15:57:44,503 [INFO] PluginManager:220 - loadIPPluginJar : add aes
2024-07-31 15:57:44,505 [INFO] IPUIPlugin:80 - create IPUIPlugin
2024-07-31 15:57:44,505 [INFO] PluginManager:220 - loadIPPluginJar : add can
2024-07-31 15:57:44,506 [INFO] IPUIPlugin:80 - create IPUIPlugin
2024-07-31 15:57:44,506 [INFO] PluginManager:220 - loadIPPluginJar : add comp
2024-07-31 15:57:44,507 [INFO] IPUIPlugin:80 - create IPUIPlugin
2024-07-31 15:57:44,507 [INFO] PluginManager:220 - loadIPPluginJar : add cryp
2024-07-31 15:57:44,508 [INFO] IPUIPlugin:80 - create IPUIPlugin
2024-07-31 15:57:44,509 [INFO] PluginManager:220 - loadIPPluginJar : add dfsdm
2024-07-31 15:57:44,512 [INFO] IPUIPlugin:80 - create IPUIPlugin
2024-07-31 15:57:44,512 [INFO] PluginManager:220 - loadIPPluginJar : add dma
2024-07-31 15:57:44,513 [INFO] IPUIPlugin:80 - create IPUIPlugin
2024-07-31 15:57:44,513 [INFO] PluginManager:220 - loadIPPluginJar : add dma3
2024-07-31 15:57:44,514 [INFO] IPUIPlugin:80 - create IPUIPlugin
2024-07-31 15:57:44,514 [INFO] PluginManager:220 - loadIPPluginJar : add extmemmanager
2024-07-31 15:57:44,515 [INFO] IPUIPlugin:80 - create IPUIPlugin
2024-07-31 15:57:44,515 [INFO] PluginManager:220 - loadIPPluginJar : add fatfs
2024-07-31 15:57:44,517 [INFO] IPUIPlugin:80 - create IPUIPlugin
2024-07-31 15:57:44,517 [INFO] PluginManager:220 - loadIPPluginJar : add fmc
2024-07-31 15:57:44,519 [INFO] IPUIPlugin:80 - create IPUIPlugin
2024-07-31 15:57:44,520 [INFO] PluginManager:220 - loadIPPluginJar : add freertos
2024-07-31 15:57:44,521 [INFO] IPUIPlugin:80 - create IPUIPlugin
2024-07-31 15:57:44,521 [INFO] PluginManager:220 - loadIPPluginJar : add genericplugin
2024-07-31 15:57:44,522 [INFO] IPUIPlugin:80 - create IPUIPlugin
2024-07-31 15:57:44,522 [INFO] PluginManager:220 - loadIPPluginJar : add gfxmmu
2024-07-31 15:57:44,525 [INFO] IPUIPlugin:80 - create IPUIPlugin
2024-07-31 15:57:44,525 [INFO] PluginManager:220 - loadIPPluginJar : add gic
2024-07-31 15:57:44,527 [INFO] IPUIPlugin:80 - create IPUIPlugin
2024-07-31 15:57:44,527 [INFO] PluginManager:220 - loadIPPluginJar : add gpio
2024-07-31 15:57:44,528 [INFO] IPUIPlugin:80 - create IPUIPlugin
2024-07-31 15:57:44,528 [INFO] PluginManager:220 - loadIPPluginJar : add gtzc
2024-07-31 15:57:44,529 [INFO] IPUIPlugin:80 - create IPUIPlugin
2024-07-31 15:57:44,529 [INFO] PluginManager:220 - loadIPPluginJar : add hash
2024-07-31 15:57:44,530 [INFO] IPUIPlugin:80 - create IPUIPlugin
2024-07-31 15:57:44,530 [INFO] PluginManager:220 - loadIPPluginJar : add i2c
2024-07-31 15:57:44,531 [INFO] IPUIPlugin:80 - create IPUIPlugin
2024-07-31 15:57:44,531 [INFO] PluginManager:220 - loadIPPluginJar : add i2s
2024-07-31 15:57:44,533 [INFO] IPUIPlugin:80 - create IPUIPlugin
2024-07-31 15:57:44,533 [INFO] PluginManager:220 - loadIPPluginJar : add i3c
2024-07-31 15:57:44,535 [INFO] IPUIPlugin:80 - create IPUIPlugin
2024-07-31 15:57:44,535 [INFO] PluginManager:220 - loadIPPluginJar : add ipddr
2024-07-31 15:57:44,539 [INFO] IPUIPlugin:80 - create IPUIPlugin
2024-07-31 15:57:44,539 [INFO] PluginManager:220 - loadIPPluginJar : add linkedlist
2024-07-31 15:57:44,541 [INFO] IPUIPlugin:80 - create IPUIPlugin
2024-07-31 15:57:44,541 [INFO] PluginManager:220 - loadIPPluginJar : add lorawan
2024-07-31 15:57:44,542 [INFO] IPUIPlugin:80 - create IPUIPlugin
2024-07-31 15:57:44,542 [INFO] PluginManager:220 - loadIPPluginJar : add ltdc
2024-07-31 15:57:44,545 [INFO] IPUIPlugin:80 - create IPUIPlugin
2024-07-31 15:57:44,546 [INFO] PluginManager:220 - loadIPPluginJar : add mdma
2024-07-31 15:57:44,548 [INFO] IPUIPlugin:80 - create IPUIPlugin
2024-07-31 15:57:44,548 [INFO] PluginManager:220 - loadIPPluginJar : add nvic
2024-07-31 15:57:44,550 [INFO] IPUIPlugin:80 - create IPUIPlugin
2024-07-31 15:57:44,550 [INFO] PluginManager:220 - loadIPPluginJar : add opamp
2024-07-31 15:57:44,552 [INFO] IPUIPlugin:80 - create IPUIPlugin
2024-07-31 15:57:44,552 [INFO] PluginManager:220 - loadIPPluginJar : add openamp
2024-07-31 15:57:44,554 [INFO] IPUIPlugin:80 - create IPUIPlugin
2024-07-31 15:57:44,554 [INFO] PluginManager:220 - loadIPPluginJar : add pdm2pcm
2024-07-31 15:57:44,557 [INFO] IPUIPlugin:80 - create IPUIPlugin
2024-07-31 15:57:44,558 [INFO] PluginManager:220 - loadIPPluginJar : add plateformsettings
2024-07-31 15:57:44,559 [INFO] IPUIPlugin:80 - create IPUIPlugin
2024-07-31 15:57:44,559 [INFO] PluginManager:220 - loadIPPluginJar : add quadspi
2024-07-31 15:57:44,561 [INFO] IPUIPlugin:80 - create IPUIPlugin
2024-07-31 15:57:44,561 [INFO] PluginManager:220 - loadIPPluginJar : add resmgrutility
2024-07-31 15:57:44,562 [INFO] IPUIPlugin:80 - create IPUIPlugin
2024-07-31 15:57:44,562 [INFO] PluginManager:220 - loadIPPluginJar : add sai
2024-07-31 15:57:44,564 [INFO] IPUIPlugin:80 - create IPUIPlugin
2024-07-31 15:57:44,564 [INFO] PluginManager:220 - loadIPPluginJar : add spi
2024-07-31 15:57:44,566 [INFO] IPUIPlugin:80 - create IPUIPlugin
2024-07-31 15:57:44,566 [INFO] PluginManager:220 - loadIPPluginJar : add stm32_wpan
2024-07-31 15:57:44,567 [INFO] IPUIPlugin:80 - create IPUIPlugin
2024-07-31 15:57:44,567 [INFO] PluginManager:220 - loadIPPluginJar : add tim
2024-07-31 15:57:44,569 [INFO] IPUIPlugin:80 - create IPUIPlugin
2024-07-31 15:57:44,569 [INFO] PluginManager:220 - loadIPPluginJar : add touchsensing
2024-07-31 15:57:44,570 [INFO] IPUIPlugin:80 - create IPUIPlugin
2024-07-31 15:57:44,570 [INFO] PluginManager:220 - loadIPPluginJar : add tracer_emb
2024-07-31 15:57:44,572 [INFO] IPUIPlugin:80 - create IPUIPlugin
2024-07-31 15:57:44,572 [INFO] PluginManager:220 - loadIPPluginJar : add ts
2024-07-31 15:57:44,573 [INFO] IPUIPlugin:80 - create IPUIPlugin
2024-07-31 15:57:44,573 [INFO] PluginManager:220 - loadIPPluginJar : add tsc
2024-07-31 15:57:44,574 [INFO] IPUIPlugin:80 - create IPUIPlugin
2024-07-31 15:57:44,574 [INFO] PluginManager:220 - loadIPPluginJar : add ucpd
2024-07-31 15:57:44,576 [INFO] IPUIPlugin:80 - create IPUIPlugin
2024-07-31 15:57:44,576 [INFO] PluginManager:220 - loadIPPluginJar : add usart
2024-07-31 15:57:44,577 [INFO] IPUIPlugin:80 - create IPUIPlugin
2024-07-31 15:57:44,577 [INFO] PluginManager:220 - loadIPPluginJar : add usbx
2024-07-31 15:57:44,685 [INFO] CADModel:165 - CPN selected for project level
2024-07-31 15:57:44,685 [INFO] CADModel:114 - Register for checkConnection events
2024-07-31 15:57:44,685 [FATAL] Updater:308 - Updater called before beeing initialized
2024-07-31 15:57:44,685 [ERROR] CADModel:125 - Updater not yet initialized, retry later 
2024-07-31 15:57:44,784 [INFO] CADModel:165 - CPN selected for project level
2024-07-31 15:57:44,784 [INFO] CADModel:114 - Register for checkConnection events
2024-07-31 15:57:44,784 [FATAL] Updater:308 - Updater called before beeing initialized
2024-07-31 15:57:44,784 [ERROR] CADModel:125 - Updater not yet initialized, retry later 
2024-07-31 15:57:44,786 [FATAL] Updater:308 - Updater called before beeing initialized
2024-07-31 15:57:44,851 [FATAL] Updater:308 - Updater called before beeing initialized
2024-07-31 15:57:44,855 [INFO] DbMcusAds:53 - JSON generation date=Thu May 16 02:22:01 PDT 2024 (1715851321109)
2024-07-31 15:57:44,855 [FATAL] Updater:308 - Updater called before beeing initialized
2024-07-31 15:57:44,881 [WARN] DetailPanel:346 - Failed to get advertising image, set to default
2024-07-31 15:57:44,933 [FATAL] Updater:308 - Updater called before beeing initialized
2024-07-31 15:57:44,934 [FATAL] Updater:308 - Updater called before beeing initialized
2024-07-31 15:57:44,934 [FATAL] Updater:308 - Updater called before beeing initialized
2024-07-31 15:57:44,934 [WARN] DetailPanel:346 - Failed to get advertising image, set to default
2024-07-31 15:57:44,935 [FATAL] Updater:308 - Updater called before beeing initialized
2024-07-31 15:57:44,965 [ERROR] Updater:1120 - MainUpdater not yet initialized. External WinMGr cannot be set.
2024-07-31 15:57:44,968 [INFO] Updater:1056 - Updater Version found : 6.11.1
2024-07-31 15:57:44,983 [INFO] ApplicationProperties:184 - Using Application install path: C:\ST\STM32CubeIDE_1.15.1\STM32CubeIDE\plugins\com.st.stm32cube.common.mx_6.11.1.202404110753
2024-07-31 15:57:46,559 [ERROR] LogOutputStream:75 - [STDERR_REDIRECT] Jul 31, 2024 3:57:46 PM java.util.prefs.WindowsPreferences <init>
2024-07-31 15:57:46,559 [ERROR] LogOutputStream:75 - [STDERR_REDIRECT] WARNING: Could not open/create prefs root node Software\JavaSoft\Prefs at root 0xffffffff80000002. Windows RegCreateKeyEx(...) returned error code 5.
2024-07-31 15:57:46,559 [ERROR] LogOutputStream:75 - [STDERR_REDIRECT] 
2024-07-31 15:57:46,781 [INFO] MainUpdater:2873 - connection check result : 10
2024-07-31 15:57:46,781 [INFO] MainUpdater:290 - Updater Check For Update Now.
2024-07-31 15:57:46,781 [INFO] MicroXplorer:498 - Change Database Version : DB.6.0.111
2024-07-31 15:57:46,781 [INFO] McuFinderGlobals:63 - Set McuFinder mode to 2 (CubeIDE integrated)
2024-07-31 15:57:46,791 [INFO] UserAuth:415 - Internet connection configuration mode: 1
2024-07-31 15:57:46,820 [INFO] JxBrowserEngine:152 - Initiate JxBrowser Engine with user profile folder
2024-07-31 15:57:46,951 [INFO] CheckServerUpdateThread:120 - End of CheckServer Thread
2024-07-31 15:57:47,355 [INFO] WebApp:161 - Instantiating new browser for Auth
2024-07-31 15:57:47,355 [WARN] PackLoader:240 - Cannot read IP mode file for STMicroelectronics.FP-SNS-MOTENVWB1.1.4.0
2024-07-31 15:57:47,365 [WARN] PackLoader:240 - Cannot read IP mode file for STMicroelectronics.X-CUBE-SMBUS.2.1.0
2024-07-31 15:57:47,375 [WARN] PackLoader:240 - Cannot read IP mode file for STMicroelectronics.X-CUBE-TOUCHGFX.4.23.2
2024-07-31 15:57:47,395 [WARN] PackLoader:240 - Cannot read IP mode file for STMicroelectronics.X-CUBE-AZRTOS-F7.1.1.0
2024-07-31 15:57:47,395 [WARN] PackLoader:240 - Cannot read IP mode file for STMicroelectronics.FP-SNS-FLIGHT1.5.0.2
2024-07-31 15:57:47,405 [WARN] PackLoader:240 - Cannot read IP mode file for STMicroelectronics.X-CUBE-DISPLAY.3.0.0
2024-07-31 15:57:47,426 [WARN] PackLoader:240 - Cannot read IP mode file for STMicroelectronics.X-CUBE-BLE1.7.0.0
2024-07-31 15:57:47,432 [WARN] PackLoader:240 - Cannot read IP mode file for emotas.I-CUBE-CANOPEN.1.3.0
2024-07-31 15:57:47,440 [WARN] PackLoader:240 - Cannot read IP mode file for STMicroelectronics.X-CUBE-BLEMGR.3.1.0
2024-07-31 15:57:47,440 [WARN] PackLoader:240 - Cannot read IP mode file for STMicroelectronics.FP-SNS-SMARTAG2.1.2.0
2024-07-31 15:57:47,450 [INFO] LogOutputStream:77 - [STDOUT_REDIRECT] 1 : Invalid condition id : UX_CORESTACK_Condition cause : null
2024-07-31 15:57:47,450 [INFO] LogOutputStream:77 - [STDOUT_REDIRECT] 1 : Invalid condition id : UX_CORESTACK_Condition cause : null
2024-07-31 15:57:47,450 [INFO] LogOutputStream:77 - [STDOUT_REDIRECT] 1 : Invalid condition id : UX_CORESTACK_Condition cause : null
2024-07-31 15:57:47,450 [INFO] LogOutputStream:77 - [STDOUT_REDIRECT] 1 : Invalid condition id : UX_CORESTACK_Condition cause : null
2024-07-31 15:57:47,450 [INFO] LogOutputStream:77 - [STDOUT_REDIRECT] 1 : Invalid condition id : UX_CORESTACK_Condition cause : null
2024-07-31 15:57:47,460 [WARN] PackLoader:240 - Cannot read IP mode file for STMicroelectronics.X-CUBE-AZRTOS-WL.2.0.0
2024-07-31 15:57:47,460 [WARN] PackLoader:240 - Cannot read IP mode file for STMicroelectronics.FP-SNS-MOTENV1.5.0.0
2024-07-31 15:57:47,470 [WARN] PackLoader:240 - Cannot read IP mode file for wolfSSL.I-CUBE-wolfMQTT.1.19.0
2024-07-31 15:57:47,480 [WARN] PackLoader:240 - Cannot read IP mode file for WES.I-CUBE-Cesium.1.3.0
2024-07-31 15:57:47,480 [WARN] PackLoader:240 - Cannot read IP mode file for STMicroelectronics.X-CUBE-BLE2.3.3.0
2024-07-31 15:57:47,509 [WARN] PackLoader:240 - Cannot read IP mode file for STMicroelectronics.X-CUBE-TCPP.4.1.0
2024-07-31 15:57:47,519 [WARN] PackLoader:240 - Cannot read IP mode file for STMicroelectronics.X-CUBE-AZRTOS-G0.1.1.0
2024-07-31 15:57:47,539 [WARN] PackLoader:240 - Cannot read IP mode file for STMicroelectronics.X-CUBE-SAFEA1.1.2.2
2024-07-31 15:57:47,546 [WARN] PackLoader:240 - Cannot read IP mode file for STMicroelectronics.X-CUBE-NFC4.3.0.0
2024-07-31 15:57:47,555 [WARN] PackLoader:240 - Cannot read IP mode file for EmbeddedOffice.I-CUBE-FS-RTOS.1.0.1
2024-07-31 15:57:47,555 [ERROR] ConditionMgr:805 - Attr not supported : Dmpu
2024-07-31 15:57:47,555 [ERROR] ConditionMgr:805 - Attr not supported : Dmpu
2024-07-31 15:57:47,555 [ERROR] ConditionMgr:805 - Attr not supported : Dmpu
2024-07-31 15:57:47,555 [ERROR] ConditionMgr:805 - Attr not supported : Dmpu
2024-07-31 15:57:47,555 [ERROR] ConditionMgr:805 - Attr not supported : Dmpu
2024-07-31 15:57:47,555 [ERROR] ConditionMgr:805 - Attr not supported : Dmpu
2024-07-31 15:57:47,555 [ERROR] ConditionMgr:805 - Attr not supported : Dmpu
2024-07-31 15:57:47,555 [ERROR] ConditionMgr:805 - Attr not supported : Dmpu
2024-07-31 15:57:47,555 [ERROR] ConditionMgr:805 - Attr not supported : Dmpu
2024-07-31 15:57:47,555 [ERROR] ConditionMgr:805 - Attr not supported : Dmpu
2024-07-31 15:57:47,555 [ERROR] ConditionMgr:805 - Attr not supported : Dmpu
2024-07-31 15:57:47,555 [ERROR] ConditionMgr:805 - Attr not supported : Dmpu
2024-07-31 15:57:47,555 [ERROR] ConditionMgr:805 - Attr not supported : Dmpu
2024-07-31 15:57:47,555 [ERROR] ConditionMgr:805 - Attr not supported : Dmpu
2024-07-31 15:57:47,555 [ERROR] ConditionMgr:805 - Attr not supported : Dmpu
2024-07-31 15:57:47,555 [ERROR] ConditionMgr:805 - Attr not supported : Dmpu
2024-07-31 15:57:47,555 [ERROR] ConditionMgr:805 - Attr not supported : Dmpu
2024-07-31 15:57:47,555 [ERROR] ConditionMgr:805 - Attr not supported : Dmpu
2024-07-31 15:57:47,556 [ERROR] ConditionMgr:805 - Attr not supported : Dmpu
2024-07-31 15:57:47,556 [ERROR] ConditionMgr:805 - Attr not supported : Dmpu
2024-07-31 15:57:47,556 [ERROR] ConditionMgr:805 - Attr not supported : Dmpu
2024-07-31 15:57:47,556 [ERROR] ConditionMgr:805 - Attr not supported : Dmpu
2024-07-31 15:57:47,556 [ERROR] ConditionMgr:805 - Attr not supported : Dmpu
2024-07-31 15:57:47,556 [ERROR] ConditionMgr:805 - Attr not supported : Dmpu
2024-07-31 15:57:47,556 [ERROR] ConditionMgr:805 - Attr not supported : Dmpu
2024-07-31 15:57:47,556 [ERROR] ConditionMgr:805 - Attr not supported : Dmpu
2024-07-31 15:57:47,556 [ERROR] ConditionMgr:805 - Attr not supported : Dmpu
2024-07-31 15:57:47,556 [ERROR] ConditionMgr:805 - Attr not supported : Dmpu
2024-07-31 15:57:47,556 [ERROR] ConditionMgr:805 - Attr not supported : Dmpu
2024-07-31 15:57:47,556 [ERROR] ConditionMgr:805 - Attr not supported : Dmpu
2024-07-31 15:57:47,556 [ERROR] ConditionMgr:805 - Attr not supported : Dmpu
2024-07-31 15:57:47,556 [ERROR] ConditionMgr:805 - Attr not supported : Dmpu
2024-07-31 15:57:47,556 [ERROR] ConditionMgr:805 - Attr not supported : Dmpu
2024-07-31 15:57:47,556 [ERROR] ConditionMgr:805 - Attr not supported : Dmpu
2024-07-31 15:57:47,556 [ERROR] ConditionMgr:805 - Attr not supported : Dmpu
2024-07-31 15:57:47,556 [ERROR] ConditionMgr:805 - Attr not supported : Dmpu
2024-07-31 15:57:47,556 [ERROR] ConditionMgr:805 - Attr not supported : Dmpu
2024-07-31 15:57:47,556 [ERROR] ConditionMgr:805 - Attr not supported : Dmpu
2024-07-31 15:57:47,556 [ERROR] ConditionMgr:805 - Attr not supported : Dmpu
2024-07-31 15:57:47,556 [ERROR] ConditionMgr:805 - Attr not supported : Dmpu
2024-07-31 15:57:47,557 [ERROR] ConditionMgr:805 - Attr not supported : Dmpu
2024-07-31 15:57:47,557 [ERROR] ConditionMgr:805 - Attr not supported : Dmpu
2024-07-31 15:57:47,557 [ERROR] ConditionMgr:805 - Attr not supported : Dmpu
2024-07-31 15:57:47,557 [ERROR] ConditionMgr:805 - Attr not supported : Dmpu
2024-07-31 15:57:47,557 [ERROR] ConditionMgr:805 - Attr not supported : Dmpu
2024-07-31 15:57:47,557 [ERROR] ConditionMgr:805 - Attr not supported : Dmpu
2024-07-31 15:57:47,557 [ERROR] ConditionMgr:805 - Attr not supported : Dmpu
2024-07-31 15:57:47,557 [ERROR] ConditionMgr:805 - Attr not supported : Dmpu
2024-07-31 15:57:47,557 [ERROR] ConditionMgr:805 - Attr not supported : Dmpu
2024-07-31 15:57:47,557 [ERROR] ConditionMgr:805 - Attr not supported : Dmpu
2024-07-31 15:57:47,557 [ERROR] ConditionMgr:805 - Attr not supported : Dmpu
2024-07-31 15:57:47,557 [ERROR] ConditionMgr:805 - Attr not supported : Dmpu
2024-07-31 15:57:47,557 [ERROR] ConditionMgr:805 - Attr not supported : Dmpu
2024-07-31 15:57:47,557 [ERROR] ConditionMgr:805 - Attr not supported : Dmpu
2024-07-31 15:57:47,557 [ERROR] ConditionMgr:805 - Attr not supported : Dmpu
2024-07-31 15:57:47,557 [ERROR] ConditionMgr:805 - Attr not supported : Dmpu
2024-07-31 15:57:47,557 [ERROR] ConditionMgr:805 - Attr not supported : Dmpu
2024-07-31 15:57:47,557 [ERROR] ConditionMgr:805 - Attr not supported : Dmpu
2024-07-31 15:57:47,557 [ERROR] ConditionMgr:805 - Attr not supported : Dmpu
2024-07-31 15:57:47,557 [ERROR] ConditionMgr:805 - Attr not supported : Dmpu
2024-07-31 15:57:47,557 [ERROR] ConditionMgr:805 - Attr not supported : Dmpu
2024-07-31 15:57:47,557 [ERROR] ConditionMgr:805 - Attr not supported : Dmpu
2024-07-31 15:57:47,557 [ERROR] ConditionMgr:805 - Attr not supported : Dmpu
2024-07-31 15:57:47,557 [ERROR] ConditionMgr:805 - Attr not supported : Dmpu
2024-07-31 15:57:47,557 [WARN] PackLoader:240 - Cannot read IP mode file for RealThread.X-CUBE-RT-Thread_Nano.4.1.1
2024-07-31 15:57:47,557 [WARN] PackLoader:240 - Cannot read IP mode file for wolfSSL.I-CUBE-wolfSSL.5.7.0
2024-07-31 15:57:47,567 [WARN] PackLoader:240 - Cannot read IP mode file for STMicroelectronics.FP-ATR-SIGFOX1.3.2.0
2024-07-31 15:57:47,572 [WARN] PackLoader:240 - Cannot read IP mode file for STMicroelectronics.X-CUBE-EEPRMA1.5.1.0
2024-07-31 15:57:47,576 [WARN] PackLoader:240 - Cannot read IP mode file for ITTIA_DB.I-CUBE-ITTIADB.8.9.0
2024-07-31 15:57:47,596 [WARN] PackLoader:240 - Cannot read IP mode file for SEGGER.I-CUBE-embOS.1.3.1
2024-07-31 15:57:47,636 [WARN] PackLoader:240 - Cannot read IP mode file for STMicroelectronics.X-CUBE-ALGOBUILD.1.4.0
2024-07-31 15:57:47,644 [WARN] PackLoader:240 - Cannot read IP mode file for STMicroelectronics.X-CUBE-GNSS1.6.0.0
2024-07-31 15:57:47,653 [WARN] PackLoader:240 - Cannot read IP mode file for STMicroelectronics.X-CUBE-AZRTOS-F4.1.1.0
2024-07-31 15:57:47,655 [WARN] PackLoader:240 - Cannot read IP mode file for STMicroelectronics.X-CUBE-FREERTOS.1.2.0
2024-07-31 15:57:47,665 [WARN] PackLoader:240 - Cannot read IP mode file for STMicroelectronics.X-CUBE-AZRTOS-L5.2.0.0
2024-07-31 15:57:47,665 [WARN] PackLoader:240 - Cannot read IP mode file for STMicroelectronics.X-CUBE-NFC6.3.1.0
2024-07-31 15:57:47,665 [WARN] PackLoader:240 - Cannot read IP mode file for STMicroelectronics.X-CUBE-DPower.1.2.0
2024-07-31 15:57:47,675 [WARN] PackLoader:240 - Cannot read IP mode file for STMicroelectronics.X-CUBE-AI.9.0.0
2024-07-31 15:57:47,675 [WARN] PackLoader:240 - Cannot read IP mode file for STMicroelectronics.X-CUBE-NFC7.1.0.1
2024-07-31 15:57:47,675 [WARN] PackLoader:240 - Cannot read IP mode file for wolfSSL.I-CUBE-wolfTPM.3.2.0
2024-07-31 15:57:47,685 [WARN] ConditionMgr:438 - getConditionDescription Invalid condition id : LAN8742 Phy interface Condition cause : null
2024-07-31 15:57:47,685 [WARN] PackLoader:240 - Cannot read IP mode file for STMicroelectronics.X-CUBE-AZRTOS-L4.2.0.0
2024-07-31 15:57:47,685 [WARN] ConditionMgr:1039 - genDependencies : Invalid condition id : LAN8742 Phy interface Condition cause : null
2024-07-31 15:57:47,685 [WARN] ConditionMgr:1039 - genDependencies : Invalid condition id : LAN8742 Phy interface Condition cause : null
2024-07-31 15:57:47,685 [WARN] ConditionMgr:1039 - genDependencies : Invalid condition id : LAN8742 Phy interface Condition cause : null
2024-07-31 15:57:47,685 [WARN] PackLoader:240 - Cannot read IP mode file for STMicroelectronics.X-CUBE-SFXS2LP1.4.0.0
2024-07-31 15:57:47,695 [WARN] ConditionMgr:438 - getConditionDescription Invalid condition id : UX DEVICE CLASS RTOS Condition cause : null
2024-07-31 15:57:47,695 [WARN] ConditionMgr:438 - getConditionDescription Invalid condition id : UX DEVICE CLASS RTOS Condition cause : null
2024-07-31 15:57:47,695 [WARN] PackLoader:240 - Cannot read IP mode file for STMicroelectronics.X-CUBE-AZRTOS-WB.2.0.0
2024-07-31 15:57:47,695 [WARN] ConditionMgr:1039 - genDependencies : Invalid condition id : UX DEVICE CLASS RTOS Condition cause : null
2024-07-31 15:57:47,695 [WARN] ConditionMgr:1039 - genDependencies : Invalid condition id : UX DEVICE CLASS RTOS Condition cause : null
2024-07-31 15:57:47,695 [WARN] ConditionMgr:1039 - genDependencies : Invalid condition id : UX DEVICE CLASS RTOS Condition cause : null
2024-07-31 15:57:47,695 [WARN] ConditionMgr:1039 - genDependencies : Invalid condition id : UX DEVICE CLASS RTOS Condition cause : null
2024-07-31 15:57:47,695 [WARN] ConditionMgr:1039 - genDependencies : Invalid condition id : UX DEVICE CLASS RTOS Condition cause : null
2024-07-31 15:57:47,705 [WARN] PackLoader:240 - Cannot read IP mode file for STMicroelectronics.FP-SNS-STBOX1.2.0.0
2024-07-31 15:57:47,705 [WARN] PackLoader:240 - Cannot read IP mode file for STMicroelectronics.X-CUBE-SUBG2.5.0.0
2024-07-31 15:57:47,715 [WARN] PackLoader:240 - Cannot read IP mode file for Cesanta.I-CUBE-Mongoose.7.13.0
2024-07-31 15:57:47,725 [WARN] PackLoader:240 - Cannot read IP mode file for STMicroelectronics.X-CUBE-AZRTOS-G4.2.0.0
2024-07-31 15:57:47,725 [WARN] PackLoader:240 - Cannot read IP mode file for STMicroelectronics.X-CUBE-ISPU.2.0.0
2024-07-31 15:57:47,735 [WARN] PackLoader:240 - Cannot read IP mode file for STMicroelectronics.X-CUBE-ALS.1.0.2
2024-07-31 15:57:47,765 [WARN] PackLoader:240 - Cannot read IP mode file for STMicroelectronics.X-CUBE-MEMS1.10.0.0
2024-07-31 15:57:47,855 [WARN] PackLoader:240 - Cannot read IP mode file for STMicroelectronics.X-CUBE-TOUCHGFX.4.24.0
2024-07-31 15:57:47,855 [WARN] PackLoader:240 - Cannot read IP mode file for portGmbH.I-Cube-SoM-uGOAL.1.1.0
2024-07-31 15:57:47,865 [WARN] PackLoader:240 - Cannot read IP mode file for STMicroelectronics.X-CUBE-AZRTOS-H7RS.1.0.0
2024-07-31 15:57:47,865 [WARN] PackLoader:240 - Cannot read IP mode file for STMicroelectronics.FP-ATR-ASTRA1.2.0.0
2024-07-31 15:57:47,875 [WARN] PackLoader:240 - Cannot read IP mode file for STMicroelectronics.X-CUBE-TOF1.3.4.2
2024-07-31 15:57:47,889 [WARN] PackLoader:240 - Cannot read IP mode file for STMicroelectronics.X-CUBE-TOF1.3.4.1
2024-07-31 15:57:47,909 [WARN] PackLoader:240 - Cannot read IP mode file for STMicroelectronics.X-CUBE-AZRTOS-H7.3.2.0
2024-07-31 15:57:47,919 [WARN] PackLoader:240 - Cannot read IP mode file for Infineon.AIROC-Wi-Fi-Bluetooth-STM32.1.6.0
2024-07-31 15:57:47,919 [WARN] PackLoader:240 - Cannot read IP mode file for wolfSSL.I-CUBE-wolfSSH.1.4.17
2024-07-31 15:57:47,919 [INFO] ThirdParty:978 - Integrity check success = true
2024-07-31 15:57:47,919 [INFO] IntegrityCheckThread:100 - exiting critical section [integrity check]
2024-07-31 15:57:47,919 [INFO] IntegrityCheckThread:103 - End integrity checks thread
2024-07-31 15:57:48,521 [INFO] WebApp:779 - Register for checkConnection events
2024-07-31 15:57:48,521 [INFO] WebApp:414 - Apply proxy settings
2024-07-31 15:57:48,521 [INFO] WebApp:499 - Chromium requires no authentication
2024-07-31 15:57:48,526 [INFO] WebApp:442 - Direct internet connection detected
2024-07-31 15:57:48,656 [INFO] WebApp:192 - Starting web application
2024-07-31 15:57:48,656 [INFO] WebApp:544 - Web application path used C:\ST\STM32CubeIDE_1.15.1\STM32CubeIDE\plugins\com.st.stm32cube.common.mx_6.11.1.202404110753\db\plugins\mcufinder\reactClient1\index.html
2024-07-31 15:59:30,043 [ERROR] LogOutputStream:75 - [STDERR_REDIRECT] 
2024-07-31 15:59:30,044 [ERROR] LogOutputStream:75 - [STDERR_REDIRECT] 
